#
# A fatal error has been detected by the Java Runtime Environment:
#
#  EXCEPTION_ACCESS_VIOLATION (0xc0000005) at pc=0x00007ffcebaec0e1, pid=2964, tid=648
#
# JRE version: Java(TM) SE Runtime Environment (8.0_45-b15) (build 1.8.0_45-b15)
# Java VM: Java HotSpot(TM) 64-Bit Server VM (25.45-b02 mixed mode windows-amd64 compressed oops)
# Problematic frame:
# C  [CLTraceAgent-x64.dll+0xc0e1]
#
# Failed to write core dump. Minidumps are not enabled by default on client versions of Windows
#
# If you would like to submit a bug report, please visit:
#   http://bugreport.java.com/bugreport/crash.jsp
#

---------------  T H R E A D  ---------------

Current thread (0x0000000009647800):  VMThread [stack: 0x000000000a6d0000,0x000000000a7d0000] [id=648]

siginfo: ExceptionCode=0xc0000005, reading address 0x0000000000000030

Registers:
RAX=0x00007ffcebb6dc18, RBX=0x0000000000000000, RCX=0x0000000049150a38, RDX=0x00000000002b01f9
RSP=0x000000000a7cf480, RBP=0x000000000b5251c0, RSI=0x000000000b5aecd0, RDI=0x000000001eb023c0
R8 =0x00000000000001fe, R9 =0x0000000000000002, R10=0x0000000049150880, R11=0x0000000000000000
R12=0x000000000b546548, R13=0x000000000b546120, R14=0x000000000b5461d8, R15=0x0000000000000000
RIP=0x00007ffcebaec0e1, EFLAGS=0x0000000000010202

Top of Stack: (sp=0x000000000a7cf480)
0x000000000a7cf480:   00000000012037b0 0000000001203798
0x000000000a7cf490:   fffffffffffffffe 00007ffd042869d8
0x000000000a7cf4a0:   0000000049150a10 00007ffcebb05138
0x000000000a7cf4b0:   00000000012037d8 00000000002b01f9
0x000000000a7cf4c0:   0000000000000000 000000000b546548
0x000000000a7cf4d0:   000000000b5461e0 000000000a7cf5c8
0x000000000a7cf4e0:   000000001eb023c0 00007ffcebe708e0
0x000000000a7cf4f0:   000000001f7d2e60 000000000b5251c0
0x000000000a7cf500:   000000001f7d2e90 000000001eb023c0
0x000000000a7cf510:   000000000a7cf598 00007ffcebe6fc60
0x000000000a7cf520:   000000000121ee58 000000000121ee58
0x000000000a7cf530:   0000000000000000 000000000b546120
0x000000000a7cf540:   000000000121edd8 00007ffcebe74c00
0x000000000a7cf550:   00000000012033f0 00000000011e1320
0x000000000a7cf560:   000000001eb023c0 000000000b5251c0
0x000000000a7cf570:   fffffffffffffffe 00007ffcebeeef90 

Instructions: (pc=0x00007ffcebaec0e1)
0x00007ffcebaec0c1:   c4 60 5b c3 cc cc cc cc cc cc cc cc cc cc cc 48
0x00007ffcebaec0d1:   89 54 24 10 53 48 83 ec 20 48 8b 1d ff 8a 0a 00
0x00007ffcebaec0e1:   80 7b 30 01 75 0c 48 8b 43 18 48 83 c4 20 5b 48
0x00007ffcebaec0f1:   ff e0 48 8d 4c 24 38 ff 15 8a 7f 07 00 33 c9 f2 


Register to memory mapping:

RAX=0x00007ffcebb6dc18 is an unknown value
RBX=0x0000000000000000 is an unknown value
RCX=0x0000000049150a38 is an unknown value
RDX=0x00000000002b01f9 is an unknown value
RSP=0x000000000a7cf480 is an unknown value
RBP=0x000000000b5251c0 is an unknown value
RSI=0x000000000b5aecd0 is an unknown value
RDI=0x000000001eb023c0 is an unknown value
R8 =0x00000000000001fe is an unknown value
R9 =0x0000000000000002 is an unknown value
R10=0x0000000049150880 is an unknown value
R11=0x0000000000000000 is an unknown value
R12=0x000000000b546548 is an unknown value
R13=0x000000000b546120 is an unknown value
R14=0x000000000b5461d8 is an unknown value
R15=0x0000000000000000 is an unknown value


Stack: [0x000000000a6d0000,0x000000000a7d0000],  sp=0x000000000a7cf480,  free space=1021k
Native frames: (J=compiled Java code, j=interpreted, Vv=VM code, C=native code)
C  [CLTraceAgent-x64.dll+0xc0e1]

VM_Operation (0x00000000042fef70): Exit, mode: safepoint, requested by thread 0x000000000435e000


---------------  P R O C E S S  ---------------

Java Threads: ( => current thread )
  0x000000000b673000 JavaThread "Thread-0" [_thread_blocked, id=4160, stack(0x0000000049a30000,0x0000000049b30000)]
  0x000000000b628800 JavaThread "pool-2-thread-1" [_thread_blocked, id=4964, stack(0x000000000ee50000,0x000000000ef50000)]
  0x000000000b71e000 JavaThread "pool-1-thread-1" [_thread_blocked, id=740, stack(0x000000000e120000,0x000000000e220000)]
  0x000000000af00800 JavaThread "Service Thread" daemon [_thread_blocked, id=4548, stack(0x000000000b2d0000,0x000000000b3d0000)]
  0x0000000009687800 JavaThread "C1 CompilerThread2" daemon [_thread_blocked, id=2220, stack(0x000000000add0000,0x000000000aed0000)]
  0x0000000009684000 JavaThread "C2 CompilerThread1" daemon [_thread_blocked, id=3436, stack(0x000000000acd0000,0x000000000add0000)]
  0x0000000009681800 JavaThread "C2 CompilerThread0" daemon [_thread_blocked, id=5016, stack(0x000000000abd0000,0x000000000acd0000)]
  0x0000000009680000 JavaThread "Attach Listener" daemon [_thread_blocked, id=3560, stack(0x000000000aad0000,0x000000000abd0000)]
  0x000000000967e800 JavaThread "Signal Dispatcher" daemon [_thread_blocked, id=2728, stack(0x000000000a9d0000,0x000000000aad0000)]
  0x0000000004452000 JavaThread "Finalizer" daemon [_thread_blocked, id=4844, stack(0x000000000a8d0000,0x000000000a9d0000)]
  0x000000000444f000 JavaThread "Reference Handler" daemon [_thread_blocked, id=4404, stack(0x000000000a7d0000,0x000000000a8d0000)]
  0x000000000435e000 JavaThread "main" [_thread_blocked, id=764, stack(0x0000000004200000,0x0000000004300000)]

Other Threads:
=>0x0000000009647800 VMThread [stack: 0x000000000a6d0000,0x000000000a7d0000] [id=648]

VM state:at safepoint (shutting down)

VM Mutex/Monitor currently owned by a thread:  ([mutex/lock_event])
[0x000000000435c860] Threads_lock - owner thread: 0x0000000009647800

Heap:
 PSYoungGen      total 33280K, used 7878K [0x00000000db100000, 0x00000000dd600000, 0x0000000100000000)
  eden space 28672K, 11% used [0x00000000db100000,0x00000000db4398c8,0x00000000dcd00000)
  from space 4608K, 99% used [0x00000000dd180000,0x00000000dd5f8150,0x00000000dd600000)
  to   space 4608K, 0% used [0x00000000dcd00000,0x00000000dcd00000,0x00000000dd180000)
 ParOldGen       total 76800K, used 17273K [0x0000000091200000, 0x0000000095d00000, 0x00000000db100000)
  object space 76800K, 22% used [0x0000000091200000,0x00000000922de498,0x0000000095d00000)
 Metaspace       used 8581K, capacity 8760K, committed 8832K, reserved 1056768K
  class space    used 1064K, capacity 1148K, committed 1152K, reserved 1048576K

Card table byte_map: [0x0000000004820000,0x0000000004ba0000] byte_map_base: 0x0000000004397000

Marking Bits: (ParMarkBitMap*) 0x0000000051f84040
 Begin Bits: [0x00000000051f0000, 0x0000000006da8000)
 End Bits:   [0x0000000006da8000, 0x0000000008960000)

Polling page: 0x0000000001350000

CodeCache: size=245760Kb used=2877Kb max_used=2877Kb free=242882Kb
 bounds [0x000000000f010000, 0x000000000f2f0000, 0x000000001e010000]
 total_blobs=1079 nmethods=773 adapters=220
 compilation: enabled

Compilation events (10 events):
Event: 68.369 Thread 0x0000000009681800  772       4       sun.nio.cs.SingleByte$Encoder::encode (32 bytes)
Event: 68.371 Thread 0x0000000009681800 nmethod 772 0x000000000f2d47d0 code [0x000000000f2d4920, 0x000000000f2d4a38]
Event: 68.377 Thread 0x0000000009687800 nmethod 768 0x000000000f2ddf10 code [0x000000000f2de360, 0x000000000f2e0b38]
Event: 68.377 Thread 0x0000000009687800  769       3       java.lang.Double::toString (5 bytes)
Event: 68.377 Thread 0x0000000009687800 nmethod 769 0x000000000f2dd950 code [0x000000000f2ddae0, 0x000000000f2dddb8]
Event: 68.377 Thread 0x0000000009687800  770       3       sun.misc.FloatingDecimal::toJavaFormatString (10 bytes)
Event: 68.377 Thread 0x0000000009687800 nmethod 770 0x000000000f2d42d0 code [0x000000000f2d4440, 0x000000000f2d46b8]
Event: 68.377 Thread 0x0000000009687800  771       3       java.lang.ThreadLocal$ThreadLocalMap::getEntry (42 bytes)
Event: 68.378 Thread 0x0000000009687800 nmethod 771 0x000000000f2dd390 code [0x000000000f2dd500, 0x000000000f2dd7e8]
Event: 68.378 Thread 0x0000000009687800  773       1       java.util.logging.LogManager::access$500 (5 bytes)

GC Heap History (8 events):
Event: 17.305 GC heap before
{Heap before GC invocations=1 (full 0):
 PSYoungGen      total 33280K, used 28672K [0x00000000db100000, 0x00000000dd600000, 0x0000000100000000)
  eden space 28672K, 100% used [0x00000000db100000,0x00000000dcd00000,0x00000000dcd00000)
  from space 4608K, 0% used [0x00000000dd180000,0x00000000dd180000,0x00000000dd600000)
  to   space 4608K, 0% used [0x00000000dcd00000,0x00000000dcd00000,0x00000000dd180000)
 ParOldGen       total 76800K, used 0K [0x0000000091200000, 0x0000000095d00000, 0x00000000db100000)
  object space 76800K, 0% used [0x0000000091200000,0x0000000091200000,0x0000000095d00000)
 Metaspace       used 8500K, capacity 8696K, committed 8832K, reserved 1056768K
  class space    used 1061K, capacity 1148K, committed 1152K, reserved 1048576K
Event: 17.317 GC heap after
Heap after GC invocations=1 (full 0):
 PSYoungGen      total 33280K, used 4592K [0x00000000db100000, 0x00000000dd600000, 0x0000000100000000)
  eden space 28672K, 0% used [0x00000000db100000,0x00000000db100000,0x00000000dcd00000)
  from space 4608K, 99% used [0x00000000dcd00000,0x00000000dd17c260,0x00000000dd180000)
  to   space 4608K, 0% used [0x00000000dd180000,0x00000000dd180000,0x00000000dd600000)
 ParOldGen       total 76800K, used 2265K [0x0000000091200000, 0x0000000095d00000, 0x00000000db100000)
  object space 76800K, 2% used [0x0000000091200000,0x0000000091436480,0x0000000095d00000)
 Metaspace       used 8500K, capacity 8696K, committed 8832K, reserved 1056768K
  class space    used 1061K, capacity 1148K, committed 1152K, reserved 1048576K
}
Event: 33.899 GC heap before
{Heap before GC invocations=2 (full 0):
 PSYoungGen      total 33280K, used 33264K [0x00000000db100000, 0x00000000dd600000, 0x0000000100000000)
  eden space 28672K, 100% used [0x00000000db100000,0x00000000dcd00000,0x00000000dcd00000)
  from space 4608K, 99% used [0x00000000dcd00000,0x00000000dd17c260,0x00000000dd180000)
  to   space 4608K, 0% used [0x00000000dd180000,0x00000000dd180000,0x00000000dd600000)
 ParOldGen       total 76800K, used 2265K [0x0000000091200000, 0x0000000095d00000, 0x00000000db100000)
  object space 76800K, 2% used [0x0000000091200000,0x0000000091436480,0x0000000095d00000)
 Metaspace       used 8529K, capacity 8696K, committed 8832K, reserved 1056768K
  class space    used 1061K, capacity 1148K, committed 1152K, reserved 1048576K
Event: 33.917 GC heap after
Heap after GC invocations=2 (full 0):
 PSYoungGen      total 33280K, used 4576K [0x00000000db100000, 0x00000000dd600000, 0x0000000100000000)
  eden space 28672K, 0% used [0x00000000db100000,0x00000000db100000,0x00000000dcd00000)
  from space 4608K, 99% used [0x00000000dd180000,0x00000000dd5f8210,0x00000000dd600000)
  to   space 4608K, 0% used [0x00000000dcd00000,0x00000000dcd00000,0x00000000dd180000)
 ParOldGen       total 76800K, used 6965K [0x0000000091200000, 0x0000000095d00000, 0x00000000db100000)
  object space 76800K, 9% used [0x0000000091200000,0x00000000918cd798,0x0000000095d00000)
 Metaspace       used 8529K, capacity 8696K, committed 8832K, reserved 1056768K
  class space    used 1061K, capacity 1148K, committed 1152K, reserved 1048576K
}
Event: 49.614 GC heap before
{Heap before GC invocations=3 (full 0):
 PSYoungGen      total 33280K, used 33248K [0x00000000db100000, 0x00000000dd600000, 0x0000000100000000)
  eden space 28672K, 100% used [0x00000000db100000,0x00000000dcd00000,0x00000000dcd00000)
  from space 4608K, 99% used [0x00000000dd180000,0x00000000dd5f8210,0x00000000dd600000)
  to   space 4608K, 0% used [0x00000000dcd00000,0x00000000dcd00000,0x00000000dd180000)
 ParOldGen       total 76800K, used 6965K [0x0000000091200000, 0x0000000095d00000, 0x00000000db100000)
  object space 76800K, 9% used [0x0000000091200000,0x00000000918cd798,0x0000000095d00000)
 Metaspace       used 8543K, capacity 8760K, committed 8832K, reserved 1056768K
  class space    used 1061K, capacity 1148K, committed 1152K, reserved 1048576K
Event: 49.629 GC heap after
Heap after GC invocations=3 (full 0):
 PSYoungGen      total 33280K, used 4592K [0x00000000db100000, 0x00000000dd600000, 0x0000000100000000)
  eden space 28672K, 0% used [0x00000000db100000,0x00000000db100000,0x00000000dcd00000)
  from space 4608K, 99% used [0x00000000dcd00000,0x00000000dd17c1e0,0x00000000dd180000)
  to   space 4608K, 0% used [0x00000000dd180000,0x00000000dd180000,0x00000000dd600000)
 ParOldGen       total 76800K, used 11943K [0x0000000091200000, 0x0000000095d00000, 0x00000000db100000)
  object space 76800K, 15% used [0x0000000091200000,0x0000000091da9d18,0x0000000095d00000)
 Metaspace       used 8543K, capacity 8760K, committed 8832K, reserved 1056768K
  class space    used 1061K, capacity 1148K, committed 1152K, reserved 1048576K
}
Event: 66.253 GC heap before
{Heap before GC invocations=4 (full 0):
 PSYoungGen      total 33280K, used 33264K [0x00000000db100000, 0x00000000dd600000, 0x0000000100000000)
  eden space 28672K, 100% used [0x00000000db100000,0x00000000dcd00000,0x00000000dcd00000)
  from space 4608K, 99% used [0x00000000dcd00000,0x00000000dd17c1e0,0x00000000dd180000)
  to   space 4608K, 0% used [0x00000000dd180000,0x00000000dd180000,0x00000000dd600000)
 ParOldGen       total 76800K, used 11943K [0x0000000091200000, 0x0000000095d00000, 0x00000000db100000)
  object space 76800K, 15% used [0x0000000091200000,0x0000000091da9d18,0x0000000095d00000)
 Metaspace       used 8545K, capacity 8760K, committed 8832K, reserved 1056768K
  class space    used 1061K, capacity 1148K, committed 1152K, reserved 1048576K
Event: 66.285 GC heap after
Heap after GC invocations=4 (full 0):
 PSYoungGen      total 33280K, used 4576K [0x00000000db100000, 0x00000000dd600000, 0x0000000100000000)
  eden space 28672K, 0% used [0x00000000db100000,0x00000000db100000,0x00000000dcd00000)
  from space 4608K, 99% used [0x00000000dd180000,0x00000000dd5f8150,0x00000000dd600000)
  to   space 4608K, 0% used [0x00000000dcd00000,0x00000000dcd00000,0x00000000dd180000)
 ParOldGen       total 76800K, used 17273K [0x0000000091200000, 0x0000000095d00000, 0x00000000db100000)
  object space 76800K, 22% used [0x0000000091200000,0x00000000922de498,0x0000000095d00000)
 Metaspace       used 8545K, capacity 8760K, committed 8832K, reserved 1056768K
  class space    used 1061K, capacity 1148K, committed 1152K, reserved 1048576K
}

Deoptimization events (6 events):
Event: 0.438 Thread 0x000000000435e000 Uncommon trap: reason=unstable_if action=reinterpret pc=0x000000000f1cc060 method=java.lang.String.compareTo(Ljava/lang/String;)I @ 59
Event: 5.899 Thread 0x000000000435e000 Uncommon trap: reason=uninitialized action=reinterpret pc=0x000000000f1ff140 method=org.moa.gpu.SparseSGD.trainOnInstanceImpl(Lweka/core/Instance;)V @ 188
Event: 5.952 Thread 0x000000000435e000 Uncommon trap: reason=unstable_if action=reinterpret pc=0x000000000f2053d8 method=org.moa.gpu.SparseSGD.trainOnInstanceImpl(Lweka/core/Instance;)V @ 169
Event: 6.313 Thread 0x000000000b71e000 Uncommon trap: reason=unstable_if action=reinterpret pc=0x000000000f267518 method=org.moa.gpu.bridge.SparseOffHeapBuffer.commit()V @ 281
Event: 6.452 Thread 0x000000000b71e000 Uncommon trap: reason=unstable_if action=reinterpret pc=0x000000000f2668e0 method=org.moa.gpu.bridge.SparseOffHeapBuffer.commit()V @ 281
Event: 7.866 Thread 0x000000000435e000 Uncommon trap: reason=unstable_if action=reinterpret pc=0x000000000f203ecc method=org.moa.gpu.util.EvaluateTrainSpeed$CircularList.next()Ljava/lang/Object; @ 4

Internal exceptions (10 events):
Event: 0.174 Thread 0x000000000435e000 Exception <a 'java/lang/ClassNotFoundException': com/sun/org/glassfish/hk2/osgiresourcelocator/ServiceLoader> (0x00000000db336698) thrown at [C:\re\workspace\8-2-build-windows-amd64-cygwin\jdk8u45\3627\hotspot\src\share\vm\classfile\systemDictionary.cpp, l3üøúkåÆ?
Event: 0.179 Thread 0x000000000435e000 Exception <a 'java/lang/NullPointerException'> (0x00000000db33e318) thrown at [C:\re\workspace\8-2-build-windows-amd64-cygwin\jdk8u45\3627\hotspot\src\share\vm\interpreter\linkResolver.cpp, line 1280]
Event: 0.227 Thread 0x000000000435e000 Exception <a 'java/lang/ArrayIndexOutOfBoundsException'> (0x00000000db3b9698) thrown at [C:\re\workspace\8-2-build-windows-amd64-cygwin\jdk8u45\3627\hotspot\src\share\vm\runtime\sharedRuntime.cpp, line 605]
Event: 0.228 Thread 0x000000000435e000 Exception <a 'java/lang/ArrayIndexOutOfBoundsException'> (0x00000000db3ba6d8) thrown at [C:\re\workspace\8-2-build-windows-amd64-cygwin\jdk8u45\3627\hotspot\src\share\vm\runtime\sharedRuntime.cpp, line 605]
Event: 0.229 Thread 0x000000000435e000 Exception <a 'java/lang/ArrayIndexOutOfBoundsException'> (0x00000000db3bc500) thrown at [C:\re\workspace\8-2-build-windows-amd64-cygwin\jdk8u45\3627\hotspot\src\share\vm\runtime\sharedRuntime.cpp, line 605]
Event: 0.232 Thread 0x000000000435e000 Exception <a 'java/lang/ArrayIndexOutOfBoundsException'> (0x00000000db3c5338) thrown at [C:\re\workspace\8-2-build-windows-amd64-cygwin\jdk8u45\3627\hotspot\src\share\vm\runtime\sharedRuntime.cpp, line 605]
Event: 0.232 Thread 0x000000000435e000 Exception <a 'java/lang/ArrayIndexOutOfBoundsException'> (0x00000000db3c6150) thrown at [C:\re\workspace\8-2-build-windows-amd64-cygwin\jdk8u45\3627\hotspot\src\share\vm\runtime\sharedRuntime.cpp, line 605]
Event: 5.864 Thread 0x000000000435e000 Exception <a 'java/lang/NoSuchFieldError': method resolution failed> (0x00000000dbb82ef0) thrown at [C:\re\workspace\8-2-build-windows-amd64-cygwin\jdk8u45\3627\hotspot\src\share\vm\prims\methodHandles.cpp, line 1125]
Event: 5.866 Thread 0x000000000435e000 Exception <a 'java/lang/NoSuchFieldError': method resolution failed> (0x00000000dbb91530) thrown at [C:\re\workspace\8-2-build-windows-amd64-cygwin\jdk8u45\3627\hotspot\src\share\vm\prims\methodHandles.cpp, line 1125]
Event: 7.866 Thread 0x000000000435e000 Implicit null exception at 0x000000000f203c34 to 0x000000000f203eb9

Events (10 events):
Event: 68.363 loading class moa/core/StringUtils
Event: 68.363 loading class moa/core/StringUtils done
Event: 68.371 loading class java/util/IdentityHashMap$KeySet
Event: 68.372 loading class java/util/IdentityHashMap$KeySet done
Event: 68.372 loading class java/util/IdentityHashMap$KeyIterator
Event: 68.372 loading class java/util/IdentityHashMap$IdentityHashMapIterator
Event: 68.373 loading class java/util/IdentityHashMap$IdentityHashMapIterator done
Event: 68.373 loading class java/util/IdentityHashMap$KeyIterator done
Event: 68.374 Thread 0x000000000b673000 Thread added: 0x000000000b673000
Event: 68.378 Executing VM operation: Exit


Dynamic libraries:
0x00007ff660810000 - 0x00007ff660847000 	C:\Program Files\Java\jdk1.8.0_45\bin\java.exe
0x00007ffd0dc20000 - 0x00007ffd0ddcc000 	C:\WINDOWS\SYSTEM32\ntdll.dll
0x00007ffd0d8e0000 - 0x00007ffd0da1e000 	C:\WINDOWS\system32\KERNEL32.DLL
0x00007ffd0b0e0000 - 0x00007ffd0b1f5000 	C:\WINDOWS\system32\KERNELBASE.dll
0x00007ffd09920000 - 0x00007ffd099ae000 	C:\WINDOWS\system32\apphelp.dll
0x00007ffcf3860000 - 0x00007ffcf38b3000 	C:\WINDOWS\AppPatch\AppPatch64\AcGenral.DLL
0x00007ffd0d830000 - 0x00007ffd0d8da000 	C:\WINDOWS\system32\msvcrt.dll
0x00007ffd0ac20000 - 0x00007ffd0ac4e000 	C:\WINDOWS\SYSTEM32\SspiCli.dll
0x00007ffd0da90000 - 0x00007ffd0dae4000 	C:\WINDOWS\system32\SHLWAPI.dll
0x00007ffd0cc80000 - 0x00007ffd0cdf7000 	C:\WINDOWS\system32\USER32.dll
0x00007ffd0d070000 - 0x00007ffd0d204000 	C:\WINDOWS\system32\ole32.dll
0x00007ffd0b2b0000 - 0x00007ffd0c7c9000 	C:\WINDOWS\system32\SHELL32.dll
0x00007ffd0a360000 - 0x00007ffd0a381000 	C:\WINDOWS\SYSTEM32\USERENV.dll
0x00007ffd0d540000 - 0x00007ffd0d5ea000 	C:\WINDOWS\system32\ADVAPI32.dll
0x00007ffcff2f0000 - 0x00007ffcff30e000 	C:\WINDOWS\SYSTEM32\MPR.dll
0x00007ffd0d3f0000 - 0x00007ffd0d531000 	C:\WINDOWS\system32\RPCRT4.dll
0x00007ffd0da30000 - 0x00007ffd0da89000 	C:\WINDOWS\SYSTEM32\sechost.dll
0x00007ffd0c840000 - 0x00007ffd0ca51000 	C:\WINDOWS\SYSTEM32\combase.dll
0x00007ffd0ce00000 - 0x00007ffd0cf50000 	C:\WINDOWS\system32\GDI32.dll
0x00007ffd0ad80000 - 0x00007ffd0ad95000 	C:\WINDOWS\SYSTEM32\profapi.dll
0x00007ffd092a0000 - 0x00007ffd09352000 	C:\WINDOWS\SYSTEM32\SHCORE.dll
0x00007ffd0daf0000 - 0x00007ffd0db26000 	C:\WINDOWS\system32\IMM32.DLL
0x00007ffd0ca60000 - 0x00007ffd0cbb2000 	C:\WINDOWS\system32\MSCTF.dll
0x000000000f000000 - 0x000000000f006000 	c:\program files (x86)\amd\codexl\x64\detoured.dll
0x00007ffcec060000 - 0x00007ffcec0c9000 	c:\program files (x86)\amd\codexl\x64\MicroDll-x64.dll
0x00007ffd08850000 - 0x00007ffd08aca000 	C:\WINDOWS\WinSxS\amd64_microsoft.windows.common-controls_6595b64144ccf1df_6.0.9600.17810_none_6240b9c7ecbd0bda\COMCTL32.dll
0x00007ffcebf00000 - 0x00007ffcebfa0000 	c:\program files (x86)\amd\codexl\x64\DCServer-x64.dll
0x0000000052010000 - 0x00000000520e2000 	C:\Program Files\Java\jdk1.8.0_45\jre\bin\msvcr100.dll
0x0000000051780000 - 0x0000000052003000 	C:\Program Files\Java\jdk1.8.0_45\jre\bin\server\jvm.dll
0x00007ffd026b0000 - 0x00007ffd026b9000 	C:\WINDOWS\SYSTEM32\WSOCK32.dll
0x00007ffd08810000 - 0x00007ffd08832000 	C:\WINDOWS\SYSTEM32\WINMM.dll
0x00007ffd08840000 - 0x00007ffd0884a000 	C:\WINDOWS\SYSTEM32\VERSION.dll
0x00007ffd0d3e0000 - 0x00007ffd0d3e7000 	C:\WINDOWS\system32\PSAPI.DLL
0x00007ffd0cf50000 - 0x00007ffd0cfaa000 	C:\WINDOWS\system32\WS2_32.dll
0x00007ffd087e0000 - 0x00007ffd0880a000 	C:\WINDOWS\SYSTEM32\WINMMBASE.dll
0x00007ffd0d210000 - 0x00007ffd0d219000 	C:\WINDOWS\system32\NSI.dll
0x00007ffd0ae50000 - 0x00007ffd0ae9f000 	C:\WINDOWS\SYSTEM32\cfgmgr32.dll
0x00007ffd09b90000 - 0x00007ffd09bb8000 	C:\WINDOWS\SYSTEM32\DEVOBJ.dll
0x0000000051770000 - 0x000000005177f000 	C:\Program Files\Java\jdk1.8.0_45\jre\bin\verify.dll
0x0000000051740000 - 0x0000000051769000 	C:\Program Files\Java\jdk1.8.0_45\jre\bin\java.dll
0x0000000051720000 - 0x0000000051736000 	C:\Program Files\Java\jdk1.8.0_45\jre\bin\zip.dll
0x00007ffcebe60000 - 0x00007ffcebef8000 	C:\master_in_progress\hsa_jni\viennacl-frontend\moa-frontend\moa-frontend-lib.dll
0x00007ffd062a0000 - 0x00007ffd062b6000 	C:\WINDOWS\SYSTEM32\OpenCL.dll
0x00007ffd00230000 - 0x00007ffd002d6000 	C:\WINDOWS\SYSTEM32\MSVCP120.dll
0x00007ffd04220000 - 0x00007ffd0430f000 	C:\WINDOWS\SYSTEM32\MSVCR120.dll
0x0000000051710000 - 0x000000005171d000 	C:\Program Files\Java\jdk1.8.0_45\jre\bin\management.dll
0x00007ffcfac80000 - 0x00007ffcfda4a000 	C:\WINDOWS\SYSTEM32\amdocl64.dll
0x00007ffcfaab0000 - 0x00007ffcfabdb000 	C:\WINDOWS\SYSTEM32\OPENGL32.dll
0x000000000bdd0000 - 0x000000000bfaa000 	C:\WINDOWS\system32\SETUPAPI.dll
0x00007ffd03a50000 - 0x00007ffd03bd9000 	C:\WINDOWS\SYSTEM32\dbghelp.dll
0x00007ffcfaa80000 - 0x00007ffcfaaae000 	C:\WINDOWS\SYSTEM32\GLU32.dll
0x00007ffcfa980000 - 0x00007ffcfaa78000 	C:\WINDOWS\SYSTEM32\DDRAW.dll
0x00007ffcfa970000 - 0x00007ffcfa979000 	C:\WINDOWS\SYSTEM32\DCIMAN32.dll
0x00007ffcfa830000 - 0x00007ffcfa970000 	C:\WINDOWS\SYSTEM32\atiadlxx.DLL
0x00007ffd06940000 - 0x00007ffd06abf000 	C:\WINDOWS\SYSTEM32\PROPSYS.dll
0x00007ffd09900000 - 0x00007ffd09912000 	C:\WINDOWS\SYSTEM32\WTSAPI32.dll
0x00007ffd06140000 - 0x00007ffd0616a000 	C:\WINDOWS\SYSTEM32\IPHLPAPI.DLL
0x00007ffd0db50000 - 0x00007ffd0dc11000 	C:\WINDOWS\system32\OLEAUT32.dll
0x00007ffd06120000 - 0x00007ffd0612a000 	C:\WINDOWS\SYSTEM32\WINNSI.DLL
0x00007ffd0b080000 - 0x00007ffd0b0d1000 	C:\WINDOWS\system32\WINTRUST.dll
0x00007ffd0aea0000 - 0x00007ffd0b07f000 	C:\WINDOWS\system32\CRYPT32.dll
0x00007ffd0ae30000 - 0x00007ffd0ae41000 	C:\WINDOWS\system32\MSASN1.dll
0x00007ffcf8d70000 - 0x00007ffcfa829000 	C:\WINDOWS\SYSTEM32\amdocl12cl64.dll
0x00007ffd098d0000 - 0x00007ffd098f1000 	C:\WINDOWS\SYSTEM32\dwmapi.dll
0x00007ffcf8d40000 - 0x00007ffcf8d6c000 	C:\WINDOWS\SYSTEM32\atig6txx.dll
0x0000000052a10000 - 0x0000000053295000 	C:\WINDOWS\SYSTEM32\atiumd6a.dll
0x00007ffd0a390000 - 0x00007ffd0a3d6000 	C:\WINDOWS\SYSTEM32\POWRPROF.dll
0x00007ffcebfe0000 - 0x00007ffcec055000 	c:\program files (x86)\amd\codexl\x64\CLOccupancyAgent-x64.dll
0x00007ffcebae0000 - 0x00007ffcebbac000 	c:\program files (x86)\amd\codexl\x64\CLTraceAgent-x64.dll

VM Arguments:
java_command: SparseSGDTest C:\master_in_progress\sgd_tests\sgd_test_1024.xml
java_class_path (initial): C:\master_in_progress\hsa_jni\viennacl-frontend\moa-frontend\target\classes;C:\Users\john\.m2\repository\com\typesafe\akka\akka-actor_2.10\2.3.9\akka-actor_2.10-2.3.9.jar;C:\Users\john\.m2\repository\org\scala-lang\scala-library\2.10.4\scala-library-2.10.4.jar;C:\Users\john\.m2\repository\com\typesafe\config\1.2.1\config-1.2.1.jar;C:\Users\john\.m2\repository\com\typesafe\akka\akka-stream-experimental_2.11\1.0-M2\akka-stream-experimental_2.11-1.0-M2.jar;C:\Users\john\.m2\repository\com\typesafe\akka\akka-actor_2.11\2.3.7\akka-actor_2.11-2.3.7.jar;C:\Users\john\.m2\repository\org\reactivestreams\reactive-streams\1.0.0.M3\reactive-streams-1.0.0.M3.jar;C:\Users\john\.m2\repository\junit\junit\4.4\junit-4.4.jar;C:\Users\john\.m2\repository\nz\ac\waikato\cms\weka\weka-dev\3.7.10\weka-dev-3.7.10.jar;C:\Users\john\.m2\repository\net\sf\squirrel-sql\thirdparty-non-maven\java-cup\0.11a\java-cup-0.11a.jar;C:\Users\john\.m2\repository\org\pentaho\pentaho-commons\pentaho-package-manager\1.0.8\pentaho-package-manager-1.0.8.jar;C:\Users\john\.m2\repository\com\nativelibs4java\javacl\1.0.0-RC3\javacl-1.0.0-RC3.jar;C:\Users\john\.m2\repository\com\nativelibs4java\javacl-core\1.0.0-RC3\javacl-core-1.0.0-RC3.jar;C:\Users\john\.m2\repository\com\nativelibs4java\opencl4java\1.0.0-RC3\opencl4java-1.0.0-RC3.jar;C:\Users\john\.m2\repository\com\nativelibs4java\bridj\0.6.2\bridj-0.6.2.jar;C:\Users\john\.m2\repository\com\google\android\tools\dx\1.7\dx-1.7.jar;C:\Users\john\.m2\repository\com\nativelibs4java\nativelibs4java-utils\1.5\nativelibs4java-utils-1.5.jar;C:\Users\john\.m2\repository\nz\ac\waikato\cms\moa\moa\2013.11\moa-2013.11.jar;C:\Users\john\.m2\repository\com\googlecode\sizeofag\sizeofag\1.0.0\sizeofag-1.0.0.jar
Launcher Type: SUN_STANDARD

Environment Variables:
CLASSPATH=C:\master_in_progress\hsa_jni\viennacl-frontend\moa-frontend\target\classes;C:\Users\john\.m2\repository\com\typesafe\akka\akka-actor_2.10\2.3.9\akka-actor_2.10-2.3.9.jar;C:\Users\john\.m2\repository\org\scala-lang\scala-library\2.10.4\scala-library-2.10.4.jar;C:\Users\john\.m2\repository\com\typesafe\config\1.2.1\config-1.2.1.jar;C:\Users\john\.m2\repository\com\typesafe\akka\akka-stream-experimental_2.11\1.0-M2\akka-stream-experimental_2.11-1.0-M2.jar;C:\Users\john\.m2\repository\com\typesafe\akka\akka-actor_2.11\2.3.7\akka-actor_2.11-2.3.7.jar;C:\Users\john\.m2\repository\org\reactivestreams\reactive-streams\1.0.0.M3\reactive-streams-1.0.0.M3.jar;C:\Users\john\.m2\repository\junit\junit\4.4\junit-4.4.jar;C:\Users\john\.m2\repository\nz\ac\waikato\cms\weka\weka-dev\3.7.10\weka-dev-3.7.10.jar;C:\Users\john\.m2\repository\net\sf\squirrel-sql\thirdparty-non-maven\java-cup\0.11a\java-cup-0.11a.jar;C:\Users\john\.m2\repository\org\pentaho\pentaho-commons\pentaho-package-manager\1.0.8\pentaho-package-manager-1.0.8.jar;C:\Users\john\.m2\repository\com\nativelibs4java\javacl\1.0.0-RC3\javacl-1.0.0-RC3.jar;C:\Users\john\.m2\repository\com\nativelibs4java\javacl-core\1.0.0-RC3\javacl-core-1.0.0-RC3.jar;C:\Users\john\.m2\repository\com\nativelibs4java\opencl4java\1.0.0-RC3\opencl4java-1.0.0-RC3.jar;C:\Users\john\.m2\repository\com\nativelibs4java\bridj\0.6.2\bridj-0.6.2.jar;C:\Users\john\.m2\repository\com\google\android\tools\dx\1.7\dx-1.7.jar;C:\Users\john\.m2\repository\com\nativelibs4java\nativelibs4java-utils\1.5\nativelibs4java-utils-1.5.jar;C:\Users\john\.m2\repository\nz\ac\waikato\cms\moa\moa\2013.11\moa-2013.11.jar;C:\Users\john\.m2\repository\com\googlecode\sizeofag\sizeofag\1.0.0\sizeofag-1.0.0.jar
PATH=c:\program files (x86)\amd\codexl;C:\ProgramData\Oracle\Java\javapath;C:\WINDOWS\system32;C:\WINDOWS;C:\WINDOWS\System32\Wbem;C:\WINDOWS\System32\WindowsPowerShell\v1.0\;C:\Program Files (x86)\AMD\ATI.ACE\Core-Static;C:\Program Files (x86)\Windows Kits\8.1\Windows Performance Toolkit\;C:\Program Files (x86)\Microsoft SDKs\TypeScript\1.0\;C:\Program Files\Microsoft SQL Server\110\Tools\Binn\;C:\Program Files (x86)\AMD APP SDK\3.0-0-Beta\bin\x86_64;C:\Program Files (x86)\AMD APP SDK\3.0-0-Beta\bin\x86;C:\Program Files\Microsoft\Web Platform Installer\;F:\GNUPLOT\bin
USERNAME=john
OS=Windows_NT
PROCESSOR_IDENTIFIER=AMD64 Family 21 Model 48 Stepping 1, AuthenticAMD



---------------  S Y S T E M  ---------------

OS: Windows 8.1 , 64 bit Build 9600 (6.3.9600.17415)

CPU:total 4 (4 cores per cpu, 1 threads per core) family 21 model 48 stepping 1, cmov, cx8, fxsr, mmx, sse, sse2, sse3, ssse3, sse4.1, sse4.2, popcnt, avx, aes, clmul, mmxext, 3dnowpref, lzcnt, sse4a, tsc, tscinvbit, tscinv, bmi1

Memory: 4k page, physical 7260324k(3668800k free), swap 13227152k(7795452k free)

vm_info: Java HotSpot(TM) 64-Bit Server VM (25.45-b02) for windows-amd64 JRE (1.8.0_45-b15), built on Apr 30 2015 12:40:44 by "java_re" with MS VC++ 10.0 (VS2010)

time: Mon Aug 03 20:37:33 2015
elapsed time: 69 seconds (0d 0h 1m 9s)

