#
# A fatal error has been detected by the Java Runtime Environment:
#
#  EXCEPTION_ACCESS_VIOLATION (0xc0000005) at pc=0x00007ffcec00c0e1, pid=4796, tid=2900
#
# JRE version: Java(TM) SE Runtime Environment (8.0_45-b15) (build 1.8.0_45-b15)
# Java VM: Java HotSpot(TM) 64-Bit Server VM (25.45-b02 mixed mode windows-amd64 compressed oops)
# Problematic frame:
# C  [CLTraceAgent-x64.dll+0xc0e1]
#
# Failed to write core dump. Minidumps are not enabled by default on client versions of Windows
#
# If you would like to submit a bug report, please visit:
#   http://bugreport.java.com/bugreport/crash.jsp
#

---------------  T H R E A D  ---------------

Current thread (0x00000000092b7800):  VMThread [stack: 0x000000000a350000,0x000000000a450000] [id=2900]

siginfo: ExceptionCode=0xc0000005, reading address 0x0000000000000030

Registers:
RAX=0x00007ffcec08dc18, RBX=0x0000000000000000, RCX=0x0000000048db6ac8, RDX=0x0000000000dd00fe
RSP=0x000000000a44f480, RBP=0x000000000b1a4810, RSI=0x000000000b24db70, RDI=0x000000001eb00ec0
R8 =0x0000000000000000, R9 =0x0000000000000020, R10=0x0000000048dafa30, R11=0x0000000000000000
R12=0x000000000b1c6548, R13=0x000000000b1c6120, R14=0x000000000b1c61d8, R15=0x0000000000000000
RIP=0x00007ffcec00c0e1, EFLAGS=0x0000000000010202

Top of Stack: (sp=0x000000000a44f480)
0x000000000a44f480:   0000000000e53780 0000000000e535e8
0x000000000a44f490:   fffffffffffffffe 00007ffd042869d8
0x000000000a44f4a0:   0000000048db6aa0 00007ffcec025138
0x000000000a44f4b0:   0000000000e537a8 0000000000dd00fe
0x000000000a44f4c0:   0000000000000000 000000000b1c6548
0x000000000a44f4d0:   000000000b1c61e0 000000000a44f5c8
0x000000000a44f4e0:   000000001eb00ec0 00007ffcec8008e0
0x000000000a44f4f0:   000000001f8235a0 000000000b1a4810
0x000000000a44f500:   000000001f8235d0 000000001eb00ec0
0x000000000a44f510:   000000000a44f598 00007ffcec7ffc60
0x000000000a44f520:   0000000000e6dee8 0000000000e6dee8
0x000000000a44f530:   0000000000000000 000000000b1c6120
0x000000000a44f540:   0000000000e6de68 00007ffcec804c00
0x000000000a44f550:   0000000000e539c0 0000000000e30f70
0x000000000a44f560:   000000001eb00ec0 000000000b1a4810
0x000000000a44f570:   fffffffffffffffe 00007ffcec87ef90 

Instructions: (pc=0x00007ffcec00c0e1)
0x00007ffcec00c0c1:   c4 60 5b c3 cc cc cc cc cc cc cc cc cc cc cc 48
0x00007ffcec00c0d1:   89 54 24 10 53 48 83 ec 20 48 8b 1d ff 8a 0a 00
0x00007ffcec00c0e1:   80 7b 30 01 75 0c 48 8b 43 18 48 83 c4 20 5b 48
0x00007ffcec00c0f1:   ff e0 48 8d 4c 24 38 ff 15 8a 7f 07 00 33 c9 f2 


Register to memory mapping:

RAX=0x00007ffcec08dc18 is an unknown value
RBX=0x0000000000000000 is an unknown value
RCX=0x0000000048db6ac8 is an unknown value
RDX=0x0000000000dd00fe is an unknown value
RSP=0x000000000a44f480 is an unknown value
RBP=0x000000000b1a4810 is an unknown value
RSI=0x000000000b24db70 is an unknown value
RDI=0x000000001eb00ec0 is an unknown value
R8 =0x0000000000000000 is an unknown value
R9 =0x0000000000000020 is an unknown value
R10=0x0000000048dafa30 is an unknown value
R11=0x0000000000000000 is an unknown value
R12=0x000000000b1c6548 is an unknown value
R13=0x000000000b1c6120 is an unknown value
R14=0x000000000b1c61d8 is an unknown value
R15=0x0000000000000000 is an unknown value


Stack: [0x000000000a350000,0x000000000a450000],  sp=0x000000000a44f480,  free space=1021k
Native frames: (J=compiled Java code, j=interpreted, Vv=VM code, C=native code)
C  [CLTraceAgent-x64.dll+0xc0e1]

VM_Operation (0x0000000003f3f460): Exit, mode: safepoint, requested by thread 0x0000000003fbe000


---------------  P R O C E S S  ---------------

Java Threads: ( => current thread )
  0x000000000b3be800 JavaThread "pool-2-thread-1" [_thread_blocked, id=4212, stack(0x000000000ece0000,0x000000000ede0000)]
  0x000000000b4a7000 JavaThread "pool-1-thread-1" [_thread_blocked, id=2756, stack(0x000000000dd50000,0x000000000de50000)]
  0x000000000ab83800 JavaThread "Service Thread" daemon [_thread_blocked, id=5108, stack(0x000000000af50000,0x000000000b050000)]
  0x00000000092f8000 JavaThread "C1 CompilerThread2" daemon [_thread_blocked, id=2500, stack(0x000000000aa50000,0x000000000ab50000)]
  0x00000000092f5000 JavaThread "C2 CompilerThread1" daemon [_thread_blocked, id=4220, stack(0x000000000a950000,0x000000000aa50000)]
  0x00000000092f2800 JavaThread "C2 CompilerThread0" daemon [_thread_blocked, id=184, stack(0x000000000a850000,0x000000000a950000)]
  0x00000000092f1000 JavaThread "Attach Listener" daemon [_thread_blocked, id=4660, stack(0x000000000a750000,0x000000000a850000)]
  0x00000000092ef800 JavaThread "Signal Dispatcher" daemon [_thread_blocked, id=1956, stack(0x000000000a650000,0x000000000a750000)]
  0x00000000040c2000 JavaThread "Finalizer" daemon [_thread_blocked, id=3808, stack(0x000000000a550000,0x000000000a650000)]
  0x00000000040bf000 JavaThread "Reference Handler" daemon [_thread_blocked, id=2456, stack(0x000000000a450000,0x000000000a550000)]
  0x0000000003fbe000 JavaThread "main" [_thread_blocked, id=2536, stack(0x0000000003e40000,0x0000000003f40000)]

Other Threads:
=>0x00000000092b7800 VMThread [stack: 0x000000000a350000,0x000000000a450000] [id=2900]

VM state:at safepoint (shutting down)

VM Mutex/Monitor currently owned by a thread:  ([mutex/lock_event])
[0x0000000003fbcd60] Threads_lock - owner thread: 0x00000000092b7800

Heap:
 PSYoungGen      total 477696K, used 165219K [0x00000000db100000, 0x00000000fb900000, 0x0000000100000000)
  eden space 445952K, 37% used [0x00000000db100000,0x00000000e5258f20,0x00000000f6480000)
  from space 31744K, 0% used [0x00000000f8b00000,0x00000000f8b00000,0x00000000faa00000)
  to   space 39424K, 0% used [0x00000000f6480000,0x00000000f6480000,0x00000000f8b00000)
 ParOldGen       total 95232K, used 46495K [0x0000000091200000, 0x0000000096f00000, 0x00000000db100000)
  object space 95232K, 48% used [0x0000000091200000,0x0000000093f67f38,0x0000000096f00000)
 Metaspace       used 8606K, capacity 8824K, committed 8832K, reserved 1056768K
  class space    used 1065K, capacity 1148K, committed 1152K, reserved 1048576K

Card table byte_map: [0x0000000004490000,0x0000000004810000] byte_map_base: 0x0000000004007000

Marking Bits: (ParMarkBitMap*) 0x0000000051f84040
 Begin Bits: [0x0000000004e60000, 0x0000000006a18000)
 End Bits:   [0x0000000006a18000, 0x00000000085d0000)

Polling page: 0x0000000000f80000

CodeCache: size=245760Kb used=2962Kb max_used=2962Kb free=242797Kb
 bounds [0x000000000f010000, 0x000000000f300000, 0x000000001e010000]
 total_blobs=1090 nmethods=783 adapters=221
 compilation: enabled

Compilation events (10 events):
Event: 70.806 Thread 0x00000000092f8000  778       3       java.util.WeakHashMap::indexFor (6 bytes)
Event: 70.807 Thread 0x00000000092f8000 nmethod 778 0x000000000f2f5290 code [0x000000000f2f53e0, 0x000000000f2f5510]
Event: 70.807 Thread 0x00000000092f8000  779       3       java.lang.ThreadLocal::getMap (5 bytes)
Event: 70.807 Thread 0x00000000092f8000 nmethod 779 0x000000000f2f5590 code [0x000000000f2f56e0, 0x000000000f2f5830]
Event: 70.807 Thread 0x00000000092f8000  780       3       java.lang.ThreadLocal::get (38 bytes)
Event: 70.807 Thread 0x00000000092f8000 nmethod 780 0x000000000f2f58d0 code [0x000000000f2f5a60, 0x000000000f2f5e18]
Event: 70.807 Thread 0x00000000092f8000  781       3       java.lang.ThreadLocal$ThreadLocalMap::access$000 (6 bytes)
Event: 70.808 Thread 0x00000000092f8000 nmethod 781 0x000000000f2f6010 code [0x000000000f2f6180, 0x000000000f2f62e8]
Event: 70.827 Thread 0x00000000092f8000  783       1       java.util.logging.LogManager::access$500 (5 bytes)
Event: 70.828 Thread 0x00000000092f8000 nmethod 783 0x000000000f2f6790 code [0x000000000f2f68e0, 0x000000000f2f69d0]

GC Heap History (10 events):
Event: 21.137 GC heap before
{Heap before GC invocations=5 (full 0):
 PSYoungGen      total 119296K, used 119278K [0x00000000db100000, 0x00000000e2a00000, 0x0000000100000000)
  eden space 114688K, 100% used [0x00000000db100000,0x00000000e2100000,0x00000000e2100000)
  from space 4608K, 99% used [0x00000000e2580000,0x00000000e29fb970,0x00000000e2a00000)
  to   space 4608K, 0% used [0x00000000e2100000,0x00000000e2100000,0x00000000e2580000)
 ParOldGen       total 76800K, used 25518K [0x0000000091200000, 0x0000000095d00000, 0x00000000db100000)
  object space 76800K, 33% used [0x0000000091200000,0x0000000092aeb838,0x0000000095d00000)
 Metaspace       used 8543K, capacity 8752K, committed 8832K, reserved 1056768K
  class space    used 1062K, capacity 1148K, committed 1152K, reserved 1048576K
Event: 21.158 GC heap after
Heap after GC invocations=5 (full 0):
 PSYoungGen      total 119296K, used 4585K [0x00000000db100000, 0x00000000eb600000, 0x0000000100000000)
  eden space 114688K, 0% used [0x00000000db100000,0x00000000db100000,0x00000000e2100000)
  from space 4608K, 99% used [0x00000000e2100000,0x00000000e257a770,0x00000000e2580000)
  to   space 18944K, 0% used [0x00000000ea380000,0x00000000ea380000,0x00000000eb600000)
 ParOldGen       total 76800K, used 39994K [0x0000000091200000, 0x0000000095d00000, 0x00000000db100000)
  object space 76800K, 52% used [0x0000000091200000,0x000000009390e848,0x0000000095d00000)
 Metaspace       used 8543K, capacity 8752K, committed 8832K, reserved 1056768K
  class space    used 1062K, capacity 1148K, committed 1152K, reserved 1048576K
}
Event: 28.200 GC heap before
{Heap before GC invocations=6 (full 0):
 PSYoungGen      total 119296K, used 119273K [0x00000000db100000, 0x00000000eb600000, 0x0000000100000000)
  eden space 114688K, 100% used [0x00000000db100000,0x00000000e2100000,0x00000000e2100000)
  from space 4608K, 99% used [0x00000000e2100000,0x00000000e257a770,0x00000000e2580000)
  to   space 18944K, 0% used [0x00000000ea380000,0x00000000ea380000,0x00000000eb600000)
 ParOldGen       total 76800K, used 39994K [0x0000000091200000, 0x0000000095d00000, 0x00000000db100000)
  object space 76800K, 52% used [0x0000000091200000,0x000000009390e848,0x0000000095d00000)
 Metaspace       used 8557K, capacity 8752K, committed 8832K, reserved 1056768K
  class space    used 1062K, capacity 1148K, committed 1152K, reserved 1048576K
Event: 28.222 GC heap after
Heap after GC invocations=6 (full 0):
 PSYoungGen      total 245760K, used 18900K [0x00000000db100000, 0x00000000ebb00000, 0x0000000100000000)
  eden space 226816K, 0% used [0x00000000db100000,0x00000000db100000,0x00000000e8e80000)
  from space 18944K, 99% used [0x00000000ea380000,0x00000000eb5f5058,0x00000000eb600000)
  to   space 21504K, 0% used [0x00000000e8e80000,0x00000000e8e80000,0x00000000ea380000)
 ParOldGen       total 76800K, used 40578K [0x0000000091200000, 0x0000000095d00000, 0x00000000db100000)
  object space 76800K, 52% used [0x0000000091200000,0x00000000939a08d8,0x0000000095d00000)
 Metaspace       used 8557K, capacity 8752K, committed 8832K, reserved 1056768K
  class space    used 1062K, capacity 1148K, committed 1152K, reserved 1048576K
}
Event: 44.227 GC heap before
{Heap before GC invocations=7 (full 0):
 PSYoungGen      total 245760K, used 245716K [0x00000000db100000, 0x00000000ebb00000, 0x0000000100000000)
  eden space 226816K, 100% used [0x00000000db100000,0x00000000e8e80000,0x00000000e8e80000)
  from space 18944K, 99% used [0x00000000ea380000,0x00000000eb5f5058,0x00000000eb600000)
  to   space 21504K, 0% used [0x00000000e8e80000,0x00000000e8e80000,0x00000000ea380000)
 ParOldGen       total 76800K, used 40578K [0x0000000091200000, 0x0000000095d00000, 0x00000000db100000)
  object space 76800K, 52% used [0x0000000091200000,0x00000000939a08d8,0x0000000095d00000)
 Metaspace       used 8571K, capacity 8752K, committed 8832K, reserved 1056768K
  class space    used 1062K, capacity 1148K, committed 1152K, reserved 1048576K
Event: 44.263 GC heap after
Heap after GC invocations=7 (full 0):
 PSYoungGen      total 248320K, used 21477K [0x00000000db100000, 0x00000000faa00000, 0x0000000100000000)
  eden space 226816K, 0% used [0x00000000db100000,0x00000000db100000,0x00000000e8e80000)
  from space 21504K, 99% used [0x00000000e8e80000,0x00000000ea379488,0x00000000ea380000)
  to   space 31744K, 0% used [0x00000000f8b00000,0x00000000f8b00000,0x00000000faa00000)
 ParOldGen       total 76800K, used 55167K [0x0000000091200000, 0x0000000095d00000, 0x00000000db100000)
  object space 76800K, 71% used [0x0000000091200000,0x00000000947dfce0,0x0000000095d00000)
 Metaspace       used 8571K, capacity 8752K, committed 8832K, reserved 1056768K
  class space    used 1062K, capacity 1148K, committed 1152K, reserved 1048576K
}
Event: 58.093 GC heap before
{Heap before GC invocations=8 (full 0):
 PSYoungGen      total 248320K, used 248293K [0x00000000db100000, 0x00000000faa00000, 0x0000000100000000)
  eden space 226816K, 100% used [0x00000000db100000,0x00000000e8e80000,0x00000000e8e80000)
  from space 21504K, 99% used [0x00000000e8e80000,0x00000000ea379488,0x00000000ea380000)
  to   space 31744K, 0% used [0x00000000f8b00000,0x00000000f8b00000,0x00000000faa00000)
 ParOldGen       total 76800K, used 55167K [0x0000000091200000, 0x0000000095d00000, 0x00000000db100000)
  object space 76800K, 71% used [0x0000000091200000,0x00000000947dfce0,0x0000000095d00000)
 Metaspace       used 8582K, capacity 8824K, committed 8832K, reserved 1056768K
  class space    used 1062K, capacity 1148K, committed 1152K, reserved 1048576K
Event: 58.128 GC heap after
Heap after GC invocations=8 (full 0):
 PSYoungGen      total 477696K, used 31737K [0x00000000db100000, 0x00000000fb900000, 0x0000000100000000)
  eden space 445952K, 0% used [0x00000000db100000,0x00000000db100000,0x00000000f6480000)
  from space 31744K, 99% used [0x00000000f8b00000,0x00000000fa9fe788,0x00000000faa00000)
  to   space 39424K, 0% used [0x00000000f6480000,0x00000000f6480000,0x00000000f8b00000)
 ParOldGen       total 76800K, used 62161K [0x0000000091200000, 0x0000000095d00000, 0x00000000db100000)
  object space 76800K, 80% used [0x0000000091200000,0x0000000094eb44b0,0x0000000095d00000)
 Metaspace       used 8582K, capacity 8824K, committed 8832K, reserved 1056768K
  class space    used 1062K, capacity 1148K, committed 1152K, reserved 1048576K
}
Event: 58.128 GC heap before
{Heap before GC invocations=9 (full 1):
 PSYoungGen      total 477696K, used 31737K [0x00000000db100000, 0x00000000fb900000, 0x0000000100000000)
  eden space 445952K, 0% used [0x00000000db100000,0x00000000db100000,0x00000000f6480000)
  from space 31744K, 99% used [0x00000000f8b00000,0x00000000fa9fe788,0x00000000faa00000)
  to   space 39424K, 0% used [0x00000000f6480000,0x00000000f6480000,0x00000000f8b00000)
 ParOldGen       total 76800K, used 62161K [0x0000000091200000, 0x0000000095d00000, 0x00000000db100000)
  object space 76800K, 80% used [0x0000000091200000,0x0000000094eb44b0,0x0000000095d00000)
 Metaspace       used 8582K, capacity 8824K, committed 8832K, reserved 1056768K
  class space    used 1062K, capacity 1148K, committed 1152K, reserved 1048576K
Event: 58.202 GC heap after
Heap after GC invocations=9 (full 1):
 PSYoungGen      total 477696K, used 0K [0x00000000db100000, 0x00000000fb900000, 0x0000000100000000)
  eden space 445952K, 0% used [0x00000000db100000,0x00000000db100000,0x00000000f6480000)
  from space 31744K, 0% used [0x00000000f8b00000,0x00000000f8b00000,0x00000000faa00000)
  to   space 39424K, 0% used [0x00000000f6480000,0x00000000f6480000,0x00000000f8b00000)
 ParOldGen       total 95232K, used 46495K [0x0000000091200000, 0x0000000096f00000, 0x00000000db100000)
  object space 95232K, 48% used [0x0000000091200000,0x0000000093f67f38,0x0000000096f00000)
 Metaspace       used 8582K, capacity 8824K, committed 8832K, reserved 1056768K
  class space    used 1062K, capacity 1148K, committed 1152K, reserved 1048576K
}

Deoptimization events (10 events):
Event: 0.570 Thread 0x0000000003fbe000 Uncommon trap: reason=unstable_if action=reinterpret pc=0x000000000f1ecd98 method=java.util.Random.nextInt(I)I @ 28
Event: 0.586 Thread 0x0000000003fbe000 Uncommon trap: reason=class_check action=maybe_recompile pc=0x000000000f1e00fc method=weka.core.Instances.attribute(I)Lweka/core/Attribute; @ 5
Event: 0.586 Thread 0x0000000003fbe000 Uncommon trap: reason=class_check action=maybe_recompile pc=0x000000000f1e00fc method=weka.core.Instances.attribute(I)Lweka/core/Attribute; @ 5
Event: 0.586 Thread 0x0000000003fbe000 Uncommon trap: reason=class_check action=maybe_recompile pc=0x000000000f1e00fc method=weka.core.Instances.attribute(I)Lweka/core/Attribute; @ 5
Event: 0.586 Thread 0x0000000003fbe000 Uncommon trap: reason=class_check action=maybe_recompile pc=0x000000000f1e00fc method=weka.core.Instances.attribute(I)Lweka/core/Attribute; @ 5
Event: 5.465 Thread 0x0000000003fbe000 Uncommon trap: reason=unstable_if action=reinterpret pc=0x000000000f1f69ec method=java.util.ArrayList.remove(I)Ljava/lang/Object; @ 31
Event: 5.507 Thread 0x0000000003fbe000 Uncommon trap: reason=class_check action=maybe_recompile pc=0x000000000f1e46b8 method=java.lang.String.valueOf(Ljava/lang/Object;)Ljava/lang/String; @ 10
Event: 5.509 Thread 0x0000000003fbe000 Uncommon trap: reason=class_check action=maybe_recompile pc=0x000000000f1e46b8 method=java.lang.String.valueOf(Ljava/lang/Object;)Ljava/lang/String; @ 10
Event: 5.519 Thread 0x0000000003fbe000 Uncommon trap: reason=class_check action=maybe_recompile pc=0x000000000f1f512c method=java.util.HashMap.putVal(ILjava/lang/Object;Ljava/lang/Object;ZZ)Ljava/lang/Object; @ 203
Event: 70.805 Thread 0x0000000003fbe000 Uncommon trap: reason=class_check action=maybe_recompile pc=0x000000000f1e46b8 method=java.lang.String.valueOf(Ljava/lang/Object;)Ljava/lang/String; @ 10

Internal exceptions (10 events):
Event: 0.150 Thread 0x0000000003fbe000 Exception <a 'java/security/PrivilegedActionException'> (0x00000000db32f630) thrown at [C:\re\workspace\8-2-build-windows-amd64-cygwin\jdk8u45\3627\hotspot\src\share\vm\prims\jvm.cpp, line 1382]
Event: 0.152 Thread 0x0000000003fbe000 Exception <a 'java/lang/ClassNotFoundException': com/sun/org/glassfish/hk2/osgiresourcelocator/ServiceLoader> (0x00000000db336698) thrown at [C:\re\workspace\8-2-build-windows-amd64-cygwin\jdk8u45\3627\hotspot\src\share\vm\classfile\systemDictionary.cpp, l–ö°;Ù√?
Event: 0.156 Thread 0x0000000003fbe000 Exception <a 'java/lang/NullPointerException'> (0x00000000db33e318) thrown at [C:\re\workspace\8-2-build-windows-amd64-cygwin\jdk8u45\3627\hotspot\src\share\vm\interpreter\linkResolver.cpp, line 1280]
Event: 0.196 Thread 0x0000000003fbe000 Exception <a 'java/lang/ArrayIndexOutOfBoundsException'> (0x00000000db3b9698) thrown at [C:\re\workspace\8-2-build-windows-amd64-cygwin\jdk8u45\3627\hotspot\src\share\vm\runtime\sharedRuntime.cpp, line 605]
Event: 0.196 Thread 0x0000000003fbe000 Exception <a 'java/lang/ArrayIndexOutOfBoundsException'> (0x00000000db3ba6d8) thrown at [C:\re\workspace\8-2-build-windows-amd64-cygwin\jdk8u45\3627\hotspot\src\share\vm\runtime\sharedRuntime.cpp, line 605]
Event: 0.198 Thread 0x0000000003fbe000 Exception <a 'java/lang/ArrayIndexOutOfBoundsException'> (0x00000000db3bc500) thrown at [C:\re\workspace\8-2-build-windows-amd64-cygwin\jdk8u45\3627\hotspot\src\share\vm\runtime\sharedRuntime.cpp, line 605]
Event: 0.201 Thread 0x0000000003fbe000 Exception <a 'java/lang/ArrayIndexOutOfBoundsException'> (0x00000000db3c5448) thrown at [C:\re\workspace\8-2-build-windows-amd64-cygwin\jdk8u45\3627\hotspot\src\share\vm\runtime\sharedRuntime.cpp, line 605]
Event: 0.202 Thread 0x0000000003fbe000 Exception <a 'java/lang/ArrayIndexOutOfBoundsException'> (0x00000000db3c6260) thrown at [C:\re\workspace\8-2-build-windows-amd64-cygwin\jdk8u45\3627\hotspot\src\share\vm\runtime\sharedRuntime.cpp, line 605]
Event: 5.506 Thread 0x0000000003fbe000 Exception <a 'java/lang/NoSuchFieldError': method resolution failed> (0x00000000dbb2d938) thrown at [C:\re\workspace\8-2-build-windows-amd64-cygwin\jdk8u45\3627\hotspot\src\share\vm\prims\methodHandles.cpp, line 1125]
Event: 5.509 Thread 0x0000000003fbe000 Exception <a 'java/lang/NoSuchFieldError': method resolution failed> (0x00000000dbb3bf78) thrown at [C:\re\workspace\8-2-build-windows-amd64-cygwin\jdk8u45\3627\hotspot\src\share\vm\prims\methodHandles.cpp, line 1125]

Events (10 events):
Event: 70.805 loading class moa/core/StringUtils done
Event: 70.815 loading class java/util/IdentityHashMap$KeySet
Event: 70.826 loading class java/util/IdentityHashMap$KeySet done
Event: 70.826 loading class java/util/IdentityHashMap$KeyIterator
Event: 70.826 loading class java/util/IdentityHashMap$IdentityHashMapIterator
Event: 70.826 loading class java/util/IdentityHashMap$IdentityHashMapIterator done
Event: 70.826 loading class java/util/IdentityHashMap$KeyIterator done
Event: 70.827 Thread 0x000000000ae46000 Thread added: 0x000000000ae46000
Event: 70.828 Thread 0x000000000ae46000 Thread exited: 0x000000000ae46000
Event: 70.828 Executing VM operation: Exit


Dynamic libraries:
0x00007ff6ee440000 - 0x00007ff6ee477000 	C:\Program Files\Java\jdk1.8.0_45\bin\java.exe
0x00007ffd0dc20000 - 0x00007ffd0ddcc000 	C:\WINDOWS\SYSTEM32\ntdll.dll
0x00007ffd0d8e0000 - 0x00007ffd0da1e000 	C:\WINDOWS\system32\KERNEL32.DLL
0x00007ffd0b0e0000 - 0x00007ffd0b1f5000 	C:\WINDOWS\system32\KERNELBASE.dll
0x00007ffd09920000 - 0x00007ffd099ae000 	C:\WINDOWS\system32\apphelp.dll
0x00007ffd02590000 - 0x00007ffd025e3000 	C:\WINDOWS\AppPatch\AppPatch64\AcGenral.DLL
0x00007ffd0d830000 - 0x00007ffd0d8da000 	C:\WINDOWS\system32\msvcrt.dll
0x00007ffd0ac20000 - 0x00007ffd0ac4e000 	C:\WINDOWS\SYSTEM32\SspiCli.dll
0x00007ffd0da90000 - 0x00007ffd0dae4000 	C:\WINDOWS\system32\SHLWAPI.dll
0x00007ffd0cc80000 - 0x00007ffd0cdf7000 	C:\WINDOWS\system32\USER32.dll
0x00007ffd0d070000 - 0x00007ffd0d204000 	C:\WINDOWS\system32\ole32.dll
0x00007ffd0b2b0000 - 0x00007ffd0c7c9000 	C:\WINDOWS\system32\SHELL32.dll
0x00007ffd0a360000 - 0x00007ffd0a381000 	C:\WINDOWS\SYSTEM32\USERENV.dll
0x00007ffd0d540000 - 0x00007ffd0d5ea000 	C:\WINDOWS\system32\ADVAPI32.dll
0x00007ffcff2f0000 - 0x00007ffcff30e000 	C:\WINDOWS\SYSTEM32\MPR.dll
0x00007ffd0d3f0000 - 0x00007ffd0d531000 	C:\WINDOWS\system32\RPCRT4.dll
0x00007ffd0da30000 - 0x00007ffd0da89000 	C:\WINDOWS\SYSTEM32\sechost.dll
0x00007ffd0c840000 - 0x00007ffd0ca51000 	C:\WINDOWS\SYSTEM32\combase.dll
0x00007ffd0ce00000 - 0x00007ffd0cf50000 	C:\WINDOWS\system32\GDI32.dll
0x00007ffd0ad80000 - 0x00007ffd0ad95000 	C:\WINDOWS\SYSTEM32\profapi.dll
0x00007ffd092a0000 - 0x00007ffd09352000 	C:\WINDOWS\SYSTEM32\SHCORE.dll
0x00007ffd0daf0000 - 0x00007ffd0db26000 	C:\WINDOWS\system32\IMM32.DLL
0x00007ffd0ca60000 - 0x00007ffd0cbb2000 	C:\WINDOWS\system32\MSCTF.dll
0x000000000f000000 - 0x000000000f006000 	c:\program files (x86)\amd\codexl\x64\detoured.dll
0x00007ffcff310000 - 0x00007ffcff379000 	c:\program files (x86)\amd\codexl\x64\MicroDll-x64.dll
0x00007ffd08850000 - 0x00007ffd08aca000 	C:\WINDOWS\WinSxS\amd64_microsoft.windows.common-controls_6595b64144ccf1df_6.0.9600.17810_none_6240b9c7ecbd0bda\COMCTL32.dll
0x00007ffcec890000 - 0x00007ffcec930000 	c:\program files (x86)\amd\codexl\x64\DCServer-x64.dll
0x0000000052010000 - 0x00000000520e2000 	C:\Program Files\Java\jdk1.8.0_45\jre\bin\msvcr100.dll
0x0000000051780000 - 0x0000000052003000 	C:\Program Files\Java\jdk1.8.0_45\jre\bin\server\jvm.dll
0x00007ffd026b0000 - 0x00007ffd026b9000 	C:\WINDOWS\SYSTEM32\WSOCK32.dll
0x00007ffd08810000 - 0x00007ffd08832000 	C:\WINDOWS\SYSTEM32\WINMM.dll
0x00007ffd08840000 - 0x00007ffd0884a000 	C:\WINDOWS\SYSTEM32\VERSION.dll
0x00007ffd0d3e0000 - 0x00007ffd0d3e7000 	C:\WINDOWS\system32\PSAPI.DLL
0x00007ffd0cf50000 - 0x00007ffd0cfaa000 	C:\WINDOWS\system32\WS2_32.dll
0x00007ffd087e0000 - 0x00007ffd0880a000 	C:\WINDOWS\SYSTEM32\WINMMBASE.dll
0x00007ffd0d210000 - 0x00007ffd0d219000 	C:\WINDOWS\system32\NSI.dll
0x00007ffd0ae50000 - 0x00007ffd0ae9f000 	C:\WINDOWS\SYSTEM32\cfgmgr32.dll
0x00007ffd09b90000 - 0x00007ffd09bb8000 	C:\WINDOWS\SYSTEM32\DEVOBJ.dll
0x0000000051770000 - 0x000000005177f000 	C:\Program Files\Java\jdk1.8.0_45\jre\bin\verify.dll
0x0000000051740000 - 0x0000000051769000 	C:\Program Files\Java\jdk1.8.0_45\jre\bin\java.dll
0x0000000051720000 - 0x0000000051736000 	C:\Program Files\Java\jdk1.8.0_45\jre\bin\zip.dll
0x00007ffcec7f0000 - 0x00007ffcec888000 	C:\master_in_progress\hsa_jni\viennacl-frontend\moa-frontend\moa-frontend-lib.dll
0x00007ffd07e30000 - 0x00007ffd07e46000 	C:\WINDOWS\SYSTEM32\OpenCL.dll
0x00007ffd00230000 - 0x00007ffd002d6000 	C:\WINDOWS\SYSTEM32\MSVCP120.dll
0x00007ffd04220000 - 0x00007ffd0430f000 	C:\WINDOWS\SYSTEM32\MSVCR120.dll
0x0000000051710000 - 0x000000005171d000 	C:\Program Files\Java\jdk1.8.0_45\jre\bin\management.dll
0x00007ffcfac80000 - 0x00007ffcfda4a000 	C:\WINDOWS\SYSTEM32\amdocl64.dll
0x00007ffcfaab0000 - 0x00007ffcfabdb000 	C:\WINDOWS\SYSTEM32\OPENGL32.dll
0x000000000ba50000 - 0x000000000bc2a000 	C:\WINDOWS\system32\SETUPAPI.dll
0x00007ffd03a50000 - 0x00007ffd03bd9000 	C:\WINDOWS\SYSTEM32\dbghelp.dll
0x00007ffcfaa80000 - 0x00007ffcfaaae000 	C:\WINDOWS\SYSTEM32\GLU32.dll
0x00007ffcfa980000 - 0x00007ffcfaa78000 	C:\WINDOWS\SYSTEM32\DDRAW.dll
0x00007ffcfa970000 - 0x00007ffcfa979000 	C:\WINDOWS\SYSTEM32\DCIMAN32.dll
0x00007ffcfa830000 - 0x00007ffcfa970000 	C:\WINDOWS\SYSTEM32\atiadlxx.DLL
0x00007ffd06940000 - 0x00007ffd06abf000 	C:\WINDOWS\SYSTEM32\PROPSYS.dll
0x00007ffd09900000 - 0x00007ffd09912000 	C:\WINDOWS\SYSTEM32\WTSAPI32.dll
0x00007ffd06140000 - 0x00007ffd0616a000 	C:\WINDOWS\SYSTEM32\IPHLPAPI.DLL
0x00007ffd0db50000 - 0x00007ffd0dc11000 	C:\WINDOWS\system32\OLEAUT32.dll
0x00007ffd06120000 - 0x00007ffd0612a000 	C:\WINDOWS\SYSTEM32\WINNSI.DLL
0x00007ffd0b080000 - 0x00007ffd0b0d1000 	C:\WINDOWS\system32\WINTRUST.dll
0x00007ffd0aea0000 - 0x00007ffd0b07f000 	C:\WINDOWS\system32\CRYPT32.dll
0x00007ffd0ae30000 - 0x00007ffd0ae41000 	C:\WINDOWS\system32\MSASN1.dll
0x00007ffcf8d70000 - 0x00007ffcfa829000 	C:\WINDOWS\SYSTEM32\amdocl12cl64.dll
0x00007ffd098d0000 - 0x00007ffd098f1000 	C:\WINDOWS\SYSTEM32\dwmapi.dll
0x00007ffcf8d40000 - 0x00007ffcf8d6c000 	C:\WINDOWS\SYSTEM32\atig6txx.dll
0x0000000052a10000 - 0x0000000053295000 	C:\WINDOWS\SYSTEM32\atiumd6a.dll
0x00007ffd0a390000 - 0x00007ffd0a3d6000 	C:\WINDOWS\SYSTEM32\POWRPROF.dll
0x00007ffcec770000 - 0x00007ffcec7e5000 	c:\program files (x86)\amd\codexl\x64\CLOccupancyAgent-x64.dll
0x00007ffcec000000 - 0x00007ffcec0cc000 	c:\program files (x86)\amd\codexl\x64\CLTraceAgent-x64.dll

VM Arguments:
java_command: SparseSGDTest C:\master_in_progress\sgd_tests\sgd_test_16384.xml
java_class_path (initial): C:\master_in_progress\hsa_jni\viennacl-frontend\moa-frontend\target\classes;C:\Users\john\.m2\repository\com\typesafe\akka\akka-actor_2.10\2.3.9\akka-actor_2.10-2.3.9.jar;C:\Users\john\.m2\repository\org\scala-lang\scala-library\2.10.4\scala-library-2.10.4.jar;C:\Users\john\.m2\repository\com\typesafe\config\1.2.1\config-1.2.1.jar;C:\Users\john\.m2\repository\com\typesafe\akka\akka-stream-experimental_2.11\1.0-M2\akka-stream-experimental_2.11-1.0-M2.jar;C:\Users\john\.m2\repository\com\typesafe\akka\akka-actor_2.11\2.3.7\akka-actor_2.11-2.3.7.jar;C:\Users\john\.m2\repository\org\reactivestreams\reactive-streams\1.0.0.M3\reactive-streams-1.0.0.M3.jar;C:\Users\john\.m2\repository\junit\junit\4.4\junit-4.4.jar;C:\Users\john\.m2\repository\nz\ac\waikato\cms\weka\weka-dev\3.7.10\weka-dev-3.7.10.jar;C:\Users\john\.m2\repository\net\sf\squirrel-sql\thirdparty-non-maven\java-cup\0.11a\java-cup-0.11a.jar;C:\Users\john\.m2\repository\org\pentaho\pentaho-commons\pentaho-package-manager\1.0.8\pentaho-package-manager-1.0.8.jar;C:\Users\john\.m2\repository\com\nativelibs4java\javacl\1.0.0-RC3\javacl-1.0.0-RC3.jar;C:\Users\john\.m2\repository\com\nativelibs4java\javacl-core\1.0.0-RC3\javacl-core-1.0.0-RC3.jar;C:\Users\john\.m2\repository\com\nativelibs4java\opencl4java\1.0.0-RC3\opencl4java-1.0.0-RC3.jar;C:\Users\john\.m2\repository\com\nativelibs4java\bridj\0.6.2\bridj-0.6.2.jar;C:\Users\john\.m2\repository\com\google\android\tools\dx\1.7\dx-1.7.jar;C:\Users\john\.m2\repository\com\nativelibs4java\nativelibs4java-utils\1.5\nativelibs4java-utils-1.5.jar;C:\Users\john\.m2\repository\nz\ac\waikato\cms\moa\moa\2013.11\moa-2013.11.jar;C:\Users\john\.m2\repository\com\googlecode\sizeofag\sizeofag\1.0.0\sizeofag-1.0.0.jar
Launcher Type: SUN_STANDARD

Environment Variables:
CLASSPATH=C:\master_in_progress\hsa_jni\viennacl-frontend\moa-frontend\target\classes;C:\Users\john\.m2\repository\com\typesafe\akka\akka-actor_2.10\2.3.9\akka-actor_2.10-2.3.9.jar;C:\Users\john\.m2\repository\org\scala-lang\scala-library\2.10.4\scala-library-2.10.4.jar;C:\Users\john\.m2\repository\com\typesafe\config\1.2.1\config-1.2.1.jar;C:\Users\john\.m2\repository\com\typesafe\akka\akka-stream-experimental_2.11\1.0-M2\akka-stream-experimental_2.11-1.0-M2.jar;C:\Users\john\.m2\repository\com\typesafe\akka\akka-actor_2.11\2.3.7\akka-actor_2.11-2.3.7.jar;C:\Users\john\.m2\repository\org\reactivestreams\reactive-streams\1.0.0.M3\reactive-streams-1.0.0.M3.jar;C:\Users\john\.m2\repository\junit\junit\4.4\junit-4.4.jar;C:\Users\john\.m2\repository\nz\ac\waikato\cms\weka\weka-dev\3.7.10\weka-dev-3.7.10.jar;C:\Users\john\.m2\repository\net\sf\squirrel-sql\thirdparty-non-maven\java-cup\0.11a\java-cup-0.11a.jar;C:\Users\john\.m2\repository\org\pentaho\pentaho-commons\pentaho-package-manager\1.0.8\pentaho-package-manager-1.0.8.jar;C:\Users\john\.m2\repository\com\nativelibs4java\javacl\1.0.0-RC3\javacl-1.0.0-RC3.jar;C:\Users\john\.m2\repository\com\nativelibs4java\javacl-core\1.0.0-RC3\javacl-core-1.0.0-RC3.jar;C:\Users\john\.m2\repository\com\nativelibs4java\opencl4java\1.0.0-RC3\opencl4java-1.0.0-RC3.jar;C:\Users\john\.m2\repository\com\nativelibs4java\bridj\0.6.2\bridj-0.6.2.jar;C:\Users\john\.m2\repository\com\google\android\tools\dx\1.7\dx-1.7.jar;C:\Users\john\.m2\repository\com\nativelibs4java\nativelibs4java-utils\1.5\nativelibs4java-utils-1.5.jar;C:\Users\john\.m2\repository\nz\ac\waikato\cms\moa\moa\2013.11\moa-2013.11.jar;C:\Users\john\.m2\repository\com\googlecode\sizeofag\sizeofag\1.0.0\sizeofag-1.0.0.jar
PATH=c:\program files (x86)\amd\codexl;C:\ProgramData\Oracle\Java\javapath;C:\WINDOWS\system32;C:\WINDOWS;C:\WINDOWS\System32\Wbem;C:\WINDOWS\System32\WindowsPowerShell\v1.0\;C:\Program Files (x86)\AMD\ATI.ACE\Core-Static;C:\Program Files (x86)\Windows Kits\8.1\Windows Performance Toolkit\;C:\Program Files (x86)\Microsoft SDKs\TypeScript\1.0\;C:\Program Files\Microsoft SQL Server\110\Tools\Binn\;C:\Program Files (x86)\AMD APP SDK\3.0-0-Beta\bin\x86_64;C:\Program Files (x86)\AMD APP SDK\3.0-0-Beta\bin\x86;C:\Program Files\Microsoft\Web Platform Installer\;F:\GNUPLOT\bin
USERNAME=john
OS=Windows_NT
PROCESSOR_IDENTIFIER=AMD64 Family 21 Model 48 Stepping 1, AuthenticAMD



---------------  S Y S T E M  ---------------

OS: Windows 8.1 , 64 bit Build 9600 (6.3.9600.17415)

CPU:total 4 (4 cores per cpu, 1 threads per core) family 21 model 48 stepping 1, cmov, cx8, fxsr, mmx, sse, sse2, sse3, ssse3, sse4.1, sse4.2, popcnt, avx, aes, clmul, mmxext, 3dnowpref, lzcnt, sse4a, tsc, tscinvbit, tscinv, bmi1

Memory: 4k page, physical 7260324k(2490736k free), swap 13203080k(6163660k free)

vm_info: Java HotSpot(TM) 64-Bit Server VM (25.45-b02) for windows-amd64 JRE (1.8.0_45-b15), built on Apr 30 2015 12:40:44 by "java_re" with MS VC++ 10.0 (VS2010)

time: Mon Aug 03 22:28:39 2015
elapsed time: 71 seconds (0d 0h 1m 11s)

