#
# A fatal error has been detected by the Java Runtime Environment:
#
#  EXCEPTION_UNCAUGHT_CXX_EXCEPTION (0xe06d7363) at pc=0x00007ffd0b0e8b9c, pid=3132, tid=4788
#
# JRE version: Java(TM) SE Runtime Environment (8.0_51-b16) (build 1.8.0_51-b16)
# Java VM: Java HotSpot(TM) 64-Bit Server VM (25.51-b03 mixed mode windows-amd64 compressed oops)
# Problematic frame:
# C  [KERNELBASE.dll+0x8b9c]
#
# Failed to write core dump. Minidumps are not enabled by default on client versions of Windows
#
# If you would like to submit a bug report, please visit:
#   http://bugreport.java.com/bugreport/crash.jsp
# The crash happened outside the Java Virtual Machine in native code.
# See problematic frame for where to report the bug.
#

---------------  T H R E A D  ---------------

Current thread (0x0000000019177000):  JavaThread "pool-2-thread-1" [_thread_in_native, id=4788, stack(0x0000000044e20000,0x0000000044f20000)]

siginfo: ExceptionCode=0xe06d7363, ExceptionInformation=0x0000000019930520 0x0000000044f1eb80 0x00007ffcec917db8 0x00007ffcec890000 

Registers:
RAX=0x0000000000000000, RBX=0x00007ffcec917db8, RCX=0x00000000000001c8, RDX=0x00007ffd0dc507c7
RSP=0x0000000044f1ea00, RBP=0x0000000044f1eb40, RSI=0x0000000000000000, RDI=0x0000000044f1eb80
R8 =0x0000000000000000, R9 =0x000000001b4f46f8, R10=0x000000001b44ab70, R11=0x000000001b4f46f8
R12=0x0000000000de2860, R13=0x0000000043c8f820, R14=0x0000000044f1ec80, R15=0x0000000044f1efb0
RIP=0x00007ffd0b0e8b9c, EFLAGS=0x0000000000000206

Top of Stack: (sp=0x0000000044f1ea00)
0x0000000044f1ea00:   0000000000000000 00007ffcec917db8
0x0000000044f1ea10:   0000000000000000 0000000044f1eb80
0x0000000044f1ea20:   00000001e06d7363 0000000000000000
0x0000000044f1ea30:   00007ffd0b0e8b9c 00007ffd00000004
0x0000000044f1ea40:   0000000019930520 0000000044f1eb80
0x0000000044f1ea50:   00007ffcec917db8 00007ffcec890000
0x0000000044f1ea60:   0000000000000000 00007ffd04243403
0x0000000044f1ea70:   00007ffd002c8b10 0000000044f1ec80
0x0000000044f1ea80:   0000000043c8f820 00007ffd002c8a70
0x0000000044f1ea90:   00007ffd002c8b10 00007ffd002411fe
0x0000000044f1eaa0:   0000000000000000 00000000ffffffff
0x0000000044f1eab0:   0000000044f1efb0 0000000044f1ec80
0x0000000044f1eac0:   000085a0c4c0ec33 0000000044f1eb80
0x0000000044f1ead0:   0000000000000000 00007ffd0427ef63
0x0000000044f1eae0:   00007ffcec917db8 0000000044f1eb50
0x0000000044f1eaf0:   ffffffff00000001 0000000000000000 

Instructions: (pc=0x00007ffd0b0e8b9c)
0x00007ffd0b0e8b7c:   44 3b c0 44 0f 47 c0 44 89 44 24 38 49 c1 e0 03
0x00007ffd0b0e8b8c:   e8 b3 8a ff ff 48 8d 4c 24 20 ff 15 d4 0a 10 00
0x00007ffd0b0e8b9c:   48 8b 8c 24 c0 00 00 00 48 33 cc e8 94 88 ff ff
0x00007ffd0b0e8bac:   48 81 c4 d8 00 00 00 c3 90 90 90 90 90 90 90 90 


Register to memory mapping:

RAX=0x0000000000000000 is an unknown value
RBX=0x00007ffcec917db8 is an unknown value
RCX=0x00000000000001c8 is an unknown value
RDX=0x00007ffd0dc507c7 is an unknown value
RSP=0x0000000044f1ea00 is pointing into the stack for thread: 0x0000000019177000
RBP=0x0000000044f1eb40 is pointing into the stack for thread: 0x0000000019177000
RSI=0x0000000000000000 is an unknown value
RDI=0x0000000044f1eb80 is pointing into the stack for thread: 0x0000000019177000
R8 =0x0000000000000000 is an unknown value
R9 =0x000000001b4f46f8 is an unknown value
R10=0x000000001b44ab70 is an unknown value
R11=0x000000001b4f46f8 is an unknown value
R12=0x0000000000de2860 is an unknown value
R13=0x0000000043c8f820 is an unknown value
R14=0x0000000044f1ec80 is pointing into the stack for thread: 0x0000000019177000
R15=0x0000000044f1efb0 is pointing into the stack for thread: 0x0000000019177000


Stack: [0x0000000044e20000,0x0000000044f20000],  sp=0x0000000044f1ea00,  free space=1018k
Native frames: (J=compiled Java code, j=interpreted, Vv=VM code, C=native code)
C  [KERNELBASE.dll+0x8b9c]
C  [MSVCR120.dll+0x5ef63]
C  [moa-frontend-lib.dll+0x19b0f]  viennacl::ocl::program::get_kernel+0x21f
C  [moa-frontend-lib.dll+0x4e853]  viennacl::ml::opencl::sgd_compute_factors<double>+0x93
C  [moa-frontend-lib.dll+0x4dd46]  viennacl::ml::sgd_compute_factors<double>+0x126
C  [moa-frontend-lib.dll+0x4d039]  viennacl::ml::sgd_template<viennacl::compressed_matrix<double,1> >::train+0x179
C  [moa-frontend-lib.dll+0x4c6d2]  Java_org_moa_gpu_SparseSGD_trainNative+0x62
C  0x00000000028ed98c

Java frames: (J=compiled Java code, j=interpreted, Vv=VM code)
j  org.moa.gpu.SparseSGD.trainNative(Lorg/moa/gpu/bridge/SparseOffHeapBuffer;)V+0
j  org.moa.gpu.SparseSGD.lambda$3(Lorg/moa/gpu/bridge/SparseOffHeapBuffer;)V+2
j  org.moa.gpu.SparseSGD$$Lambda$2.run()V+8
j  java.util.concurrent.Executors$RunnableAdapter.call()Ljava/lang/Object;+4
j  java.util.concurrent.FutureTask.run()V+42
j  java.util.concurrent.ThreadPoolExecutor.runWorker(Ljava/util/concurrent/ThreadPoolExecutor$Worker;)V+95
j  java.util.concurrent.ThreadPoolExecutor$Worker.run()V+5
j  java.lang.Thread.run()V+11
v  ~StubRoutines::call_stub

---------------  P R O C E S S  ---------------

Java Threads: ( => current thread )
=>0x0000000019177000 JavaThread "pool-2-thread-1" [_thread_in_native, id=4788, stack(0x0000000044e20000,0x0000000044f20000)]
  0x0000000019172000 JavaThread "pool-1-thread-1" [_thread_blocked, id=3196, stack(0x000000001efb0000,0x000000001f0b0000)]
  0x000000001896b000 JavaThread "ReaderThread" [_thread_in_native, id=2392, stack(0x0000000018f20000,0x0000000019020000)]
  0x0000000018753000 JavaThread "Service Thread" daemon [_thread_blocked, id=4616, stack(0x0000000018d20000,0x0000000018e20000)]
  0x000000001874c000 JavaThread "C1 CompilerThread2" daemon [_thread_blocked, id=1820, stack(0x0000000018c20000,0x0000000018d20000)]
  0x0000000016b4e000 JavaThread "C2 CompilerThread1" daemon [_thread_blocked, id=4136, stack(0x0000000018b20000,0x0000000018c20000)]
  0x0000000016b18800 JavaThread "C2 CompilerThread0" daemon [_thread_blocked, id=4820, stack(0x0000000018620000,0x0000000018720000)]
  0x0000000016b09800 JavaThread "JDWP Command Reader" daemon [_thread_in_native, id=2804, stack(0x0000000018520000,0x0000000018620000)]
  0x0000000016b06000 JavaThread "JDWP Event Helper Thread" daemon [_thread_blocked, id=4500, stack(0x0000000018420000,0x0000000018520000)]
  0x0000000016af3000 JavaThread "JDWP Transport Listener: dt_socket" daemon [_thread_blocked, id=2792, stack(0x0000000018320000,0x0000000018420000)]
  0x0000000016aeb000 JavaThread "Attach Listener" daemon [_thread_blocked, id=1496, stack(0x0000000017f40000,0x0000000018040000)]
  0x0000000016af7000 JavaThread "Signal Dispatcher" daemon [_thread_blocked, id=1088, stack(0x0000000017e40000,0x0000000017f40000)]
  0x00000000028c7000 JavaThread "Finalizer" daemon [_thread_blocked, id=1964, stack(0x0000000017d40000,0x0000000017e40000)]
  0x00000000028be000 JavaThread "Reference Handler" daemon [_thread_blocked, id=4832, stack(0x0000000017c40000,0x0000000017d40000)]
  0x00000000027d2800 JavaThread "main" [_thread_blocked, id=4128, stack(0x00000000025d0000,0x00000000026d0000)]

Other Threads:
  0x0000000016ab7800 VMThread [stack: 0x0000000017b40000,0x0000000017c40000] [id=1040]
  0x0000000018755800 WatcherThread [stack: 0x0000000018e20000,0x0000000018f20000] [id=816]

VM state:not at safepoint (normal execution)

VM Mutex/Monitor currently owned by a thread: None

Heap:
 PSYoungGen      total 33280K, used 9750K [0x00000000db100000, 0x00000000dd600000, 0x0000000100000000)
  eden space 28672K, 34% used [0x00000000db100000,0x00000000dba85a40,0x00000000dcd00000)
  from space 4608K, 0% used [0x00000000dd180000,0x00000000dd180000,0x00000000dd600000)
  to   space 4608K, 0% used [0x00000000dcd00000,0x00000000dcd00000,0x00000000dd180000)
 ParOldGen       total 76800K, used 0K [0x0000000091200000, 0x0000000095d00000, 0x00000000db100000)
  object space 76800K, 0% used [0x0000000091200000,0x0000000091200000,0x0000000095d00000)
 Metaspace       used 6190K, capacity 6376K, committed 6528K, reserved 1056768K
  class space    used 751K, capacity 828K, committed 896K, reserved 1048576K

Card table byte_map: [0x0000000011c90000,0x0000000012010000] byte_map_base: 0x0000000011807000

Marking Bits: (ParMarkBitMap*) 0x0000000052984040
 Begin Bits: [0x0000000012660000, 0x0000000014218000)
 End Bits:   [0x0000000014218000, 0x0000000015dd0000)

Polling page: 0x0000000000d70000

CodeCache: size=245760Kb used=2031Kb max_used=2031Kb free=243728Kb
 bounds [0x00000000028d0000, 0x0000000002b40000, 0x00000000118d0000]
 total_blobs=716 nmethods=425 adapters=213
 compilation: enabled

Compilation events (10 events):
Event: 9.155 Thread 0x000000001874c000  420       3       jdk.internal.org.objectweb.asm.ByteVector::enlarge (51 bytes)
Event: 9.155 Thread 0x000000001874c000 nmethod 420 0x0000000002aca290 code [0x0000000002aca400, 0x0000000002aca728]
Event: 9.156 Thread 0x000000001874c000  421       1       java.lang.reflect.Field::getName (5 bytes)
Event: 9.156 Thread 0x000000001874c000 nmethod 421 0x0000000002ac0610 code [0x0000000002ac0760, 0x0000000002ac0870]
Event: 9.156 Thread 0x000000001874c000  422   !   3       java.lang.invoke.LambdaForm::compileToBytecode (103 bytes)
Event: 9.157 Thread 0x000000001874c000 nmethod 422 0x0000000002aca810 code [0x0000000002acaa40, 0x0000000002acb398]
Event: 9.157 Thread 0x000000001874c000  423       3       java.lang.invoke.LambdaForm::methodType (8 bytes)
Event: 9.157 Thread 0x000000001874c000 nmethod 423 0x0000000002acb950 code [0x0000000002acbac0, 0x0000000002acbcf8]
Event: 9.157 Thread 0x000000001874c000  424       1       java.lang.invoke.MethodTypeForm::basicType (5 bytes)
Event: 9.158 Thread 0x000000001874c000 nmethod 424 0x0000000002acbd90 code [0x0000000002acbee0, 0x0000000002acbff0]

GC Heap History (0 events):
No events

Deoptimization events (0 events):
No events

Internal exceptions (10 events):
Event: 0.046 Thread 0x00000000027d2800 Exception <a 'java/lang/NoSuchMethodError': Method sun.misc.Unsafe.defineClass(Ljava/lang/String;[BII)Ljava/lang/Class; name or signature does not match> (0x00000000db10e2f8) thrown at [C:\re\workspace\8-2-build-windows-amd64-cygwin\jdk8u51\3951\hotspot\srã:Pá¼§?
Event: 0.046 Thread 0x00000000027d2800 Exception <a 'java/lang/NoSuchMethodError': Method sun.misc.Unsafe.prefetchRead(Ljava/lang/Object;J)V name or signature does not match> (0x00000000db10e588) thrown at [C:\re\workspace\8-2-build-windows-amd64-cygwin\jdk8u51\3951\hotspot\src\share\vm\prims\já½OøQÒ?
Event: 0.286 Thread 0x00000000027d2800 Exception <a 'java/security/PrivilegedActionException'> (0x00000000db378098) thrown at [C:\re\workspace\8-2-build-windows-amd64-cygwin\jdk8u51\3951\hotspot\src\share\vm\prims\jvm.cpp, line 1382]
Event: 0.286 Thread 0x00000000027d2800 Exception <a 'java/security/PrivilegedActionException'> (0x00000000db378250) thrown at [C:\re\workspace\8-2-build-windows-amd64-cygwin\jdk8u51\3951\hotspot\src\share\vm\prims\jvm.cpp, line 1382]
Event: 0.430 Thread 0x00000000027d2800 Exception <a 'java/security/PrivilegedActionException'> (0x00000000db5631e8) thrown at [C:\re\workspace\8-2-build-windows-amd64-cygwin\jdk8u51\3951\hotspot\src\share\vm\prims\jvm.cpp, line 1382]
Event: 0.430 Thread 0x00000000027d2800 Exception <a 'java/security/PrivilegedActionException'> (0x00000000db563530) thrown at [C:\re\workspace\8-2-build-windows-amd64-cygwin\jdk8u51\3951\hotspot\src\share\vm\prims\jvm.cpp, line 1382]
Event: 0.431 Thread 0x00000000027d2800 Exception <a 'java/security/PrivilegedActionException'> (0x00000000db567348) thrown at [C:\re\workspace\8-2-build-windows-amd64-cygwin\jdk8u51\3951\hotspot\src\share\vm\prims\jvm.cpp, line 1382]
Event: 0.431 Thread 0x00000000027d2800 Exception <a 'java/security/PrivilegedActionException'> (0x00000000db567690) thrown at [C:\re\workspace\8-2-build-windows-amd64-cygwin\jdk8u51\3951\hotspot\src\share\vm\prims\jvm.cpp, line 1382]
Event: 9.116 Thread 0x00000000027d2800 Exception <a 'java/lang/NoSuchFieldError': method resolution failed> (0x00000000db84c5b8) thrown at [C:\re\workspace\8-2-build-windows-amd64-cygwin\jdk8u51\3951\hotspot\src\share\vm\prims\methodHandles.cpp, line 1125]
Event: 9.122 Thread 0x00000000027d2800 Exception <a 'java/lang/NoSuchFieldError': method resolution failed> (0x00000000db85af48) thrown at [C:\re\workspace\8-2-build-windows-amd64-cygwin\jdk8u51\3951\hotspot\src\share\vm\prims\methodHandles.cpp, line 1125]

Events (10 events):
Event: 9.155 loading class org/moa/gpu/bridge/SparseOffHeapBuffer done
Event: 9.155 loading class org/moa/gpu/SparseSGD
Event: 9.155 loading class org/moa/gpu/SparseSGD done
Event: 9.155 Thread 0x0000000019177000 Thread added: 0x0000000019177000
Event: 9.155 loading class java/lang/invoke/InnerClassLambdaMetafactory$1
Event: 9.155 loading class java/util/concurrent/locks/LockSupport
Event: 9.156 loading class java/lang/invoke/InnerClassLambdaMetafactory$1 done
Event: 9.156 loading class java/util/concurrent/locks/LockSupport done
Event: 9.156 loading class sun/nio/ch/Interruptible
Event: 9.156 loading class sun/nio/ch/Interruptible done


Dynamic libraries:
0x00007ff7aab80000 - 0x00007ff7aabb7000 	C:\Program Files\Java\jre1.8.0_51\bin\javaw.exe
0x00007ffd0dc20000 - 0x00007ffd0ddcc000 	C:\WINDOWS\SYSTEM32\ntdll.dll
0x00007ffd0d8e0000 - 0x00007ffd0da1e000 	C:\WINDOWS\system32\KERNEL32.DLL
0x00007ffd0b0e0000 - 0x00007ffd0b1f5000 	C:\WINDOWS\system32\KERNELBASE.dll
0x00007ffd09920000 - 0x00007ffd099ae000 	C:\WINDOWS\system32\apphelp.dll
0x00007ffcff320000 - 0x00007ffcff373000 	C:\WINDOWS\AppPatch\AppPatch64\AcGenral.DLL
0x00007ffd0d830000 - 0x00007ffd0d8da000 	C:\WINDOWS\system32\msvcrt.dll
0x00007ffd0ac20000 - 0x00007ffd0ac4e000 	C:\WINDOWS\SYSTEM32\SspiCli.dll
0x00007ffd0da90000 - 0x00007ffd0dae4000 	C:\WINDOWS\system32\SHLWAPI.dll
0x00007ffd0cc80000 - 0x00007ffd0cdf7000 	C:\WINDOWS\system32\USER32.dll
0x00007ffd0d070000 - 0x00007ffd0d204000 	C:\WINDOWS\system32\ole32.dll
0x00007ffd0b2b0000 - 0x00007ffd0c7c9000 	C:\WINDOWS\system32\SHELL32.dll
0x00007ffd0a360000 - 0x00007ffd0a381000 	C:\WINDOWS\SYSTEM32\USERENV.dll
0x00007ffd0d540000 - 0x00007ffd0d5ea000 	C:\WINDOWS\system32\ADVAPI32.dll
0x00007ffcff2f0000 - 0x00007ffcff30e000 	C:\WINDOWS\SYSTEM32\MPR.dll
0x00007ffd0d3f0000 - 0x00007ffd0d531000 	C:\WINDOWS\system32\RPCRT4.dll
0x00007ffd0da30000 - 0x00007ffd0da89000 	C:\WINDOWS\SYSTEM32\sechost.dll
0x00007ffd0c840000 - 0x00007ffd0ca51000 	C:\WINDOWS\SYSTEM32\combase.dll
0x00007ffd0ce00000 - 0x00007ffd0cf50000 	C:\WINDOWS\system32\GDI32.dll
0x00007ffd0ad80000 - 0x00007ffd0ad95000 	C:\WINDOWS\SYSTEM32\profapi.dll
0x00007ffd092a0000 - 0x00007ffd09352000 	C:\WINDOWS\SYSTEM32\SHCORE.dll
0x00007ffd0daf0000 - 0x00007ffd0db26000 	C:\WINDOWS\system32\IMM32.DLL
0x00007ffd0ca60000 - 0x00007ffd0cbb2000 	C:\WINDOWS\system32\MSCTF.dll
0x00007ffd08850000 - 0x00007ffd08aca000 	C:\WINDOWS\WinSxS\amd64_microsoft.windows.common-controls_6595b64144ccf1df_6.0.9600.17810_none_6240b9c7ecbd0bda\COMCTL32.dll
0x0000000052010000 - 0x00000000520e2000 	C:\Program Files\Java\jre1.8.0_51\bin\msvcr100.dll
0x0000000052180000 - 0x0000000052a03000 	C:\Program Files\Java\jre1.8.0_51\bin\server\jvm.dll
0x00007ffd026b0000 - 0x00007ffd026b9000 	C:\WINDOWS\SYSTEM32\WSOCK32.dll
0x00007ffd08810000 - 0x00007ffd08832000 	C:\WINDOWS\SYSTEM32\WINMM.dll
0x00007ffd08840000 - 0x00007ffd0884a000 	C:\WINDOWS\SYSTEM32\VERSION.dll
0x00007ffd0d3e0000 - 0x00007ffd0d3e7000 	C:\WINDOWS\system32\PSAPI.DLL
0x00007ffd0cf50000 - 0x00007ffd0cfaa000 	C:\WINDOWS\system32\WS2_32.dll
0x00007ffd087e0000 - 0x00007ffd0880a000 	C:\WINDOWS\SYSTEM32\WINMMBASE.dll
0x00007ffd0d210000 - 0x00007ffd0d219000 	C:\WINDOWS\system32\NSI.dll
0x00007ffd0ae50000 - 0x00007ffd0ae9f000 	C:\WINDOWS\SYSTEM32\cfgmgr32.dll
0x00007ffd09b90000 - 0x00007ffd09bb8000 	C:\WINDOWS\SYSTEM32\DEVOBJ.dll
0x00000000534b0000 - 0x00000000534bf000 	C:\Program Files\Java\jre1.8.0_51\bin\verify.dll
0x0000000053480000 - 0x00000000534a9000 	C:\Program Files\Java\jre1.8.0_51\bin\java.dll
0x0000000051fd0000 - 0x0000000052005000 	C:\Program Files\Java\jre1.8.0_51\bin\jdwp.dll
0x0000000051fc0000 - 0x0000000051fc8000 	C:\Program Files\Java\jre1.8.0_51\bin\npt.dll
0x0000000052160000 - 0x0000000052176000 	C:\Program Files\Java\jre1.8.0_51\bin\zip.dll
0x0000000051fb0000 - 0x0000000051fb9000 	C:\Program Files\Java\jre1.8.0_51\bin\dt_socket.dll
0x00007ffd02a40000 - 0x00007ffd02a55000 	C:\WINDOWS\system32\napinsp.dll
0x00007ffd02a60000 - 0x00007ffd02a7a000 	C:\WINDOWS\system32\pnrpnsp.dll
0x00007ffd07e70000 - 0x00007ffd07e8b000 	C:\WINDOWS\system32\NLAapi.dll
0x00007ffd0a660000 - 0x00007ffd0a6b9000 	C:\WINDOWS\System32\mswsock.dll
0x00007ffd0a460000 - 0x00007ffd0a504000 	C:\WINDOWS\SYSTEM32\DNSAPI.dll
0x00007ffd02a80000 - 0x00007ffd02a8d000 	C:\WINDOWS\System32\winrnr.dll
0x00007ffd05e50000 - 0x00007ffd05ebb000 	C:\WINDOWS\System32\fwpuclnt.dll
0x00007ffd03120000 - 0x00007ffd0312a000 	C:\Windows\System32\rasadhlp.dll
0x0000000052140000 - 0x000000005215a000 	C:\Program Files\Java\jre1.8.0_51\bin\net.dll
0x00007ffcec890000 - 0x00007ffcec928000 	C:\master_in_progress\hsa_jni\viennacl-frontend\moa-frontend\moa-frontend-lib.dll
0x00007ffd07e50000 - 0x00007ffd07e66000 	C:\WINDOWS\SYSTEM32\OpenCL.dll
0x00007ffd00230000 - 0x00007ffd002d6000 	C:\WINDOWS\SYSTEM32\MSVCP120.dll
0x00007ffd04220000 - 0x00007ffd0430f000 	C:\WINDOWS\SYSTEM32\MSVCR120.dll
0x00007ffcfac80000 - 0x00007ffcfda4a000 	C:\WINDOWS\SYSTEM32\amdocl64.dll
0x00007ffcfaab0000 - 0x00007ffcfabdb000 	C:\WINDOWS\SYSTEM32\OPENGL32.dll
0x00007ffd0d650000 - 0x00007ffd0d82a000 	C:\WINDOWS\system32\SETUPAPI.dll
0x00007ffd03a50000 - 0x00007ffd03bd9000 	C:\WINDOWS\SYSTEM32\dbghelp.dll
0x00007ffcfaa80000 - 0x00007ffcfaaae000 	C:\WINDOWS\SYSTEM32\GLU32.dll
0x00007ffcfa980000 - 0x00007ffcfaa78000 	C:\WINDOWS\SYSTEM32\DDRAW.dll
0x00007ffcfa970000 - 0x00007ffcfa979000 	C:\WINDOWS\SYSTEM32\DCIMAN32.dll
0x00007ffcfa830000 - 0x00007ffcfa970000 	C:\WINDOWS\SYSTEM32\atiadlxx.DLL
0x00007ffd06940000 - 0x00007ffd06abf000 	C:\WINDOWS\SYSTEM32\PROPSYS.dll
0x00007ffd09900000 - 0x00007ffd09912000 	C:\WINDOWS\SYSTEM32\WTSAPI32.dll
0x00007ffd06140000 - 0x00007ffd0616a000 	C:\WINDOWS\SYSTEM32\IPHLPAPI.DLL
0x00007ffd0db50000 - 0x00007ffd0dc11000 	C:\WINDOWS\system32\OLEAUT32.dll
0x00007ffd06120000 - 0x00007ffd0612a000 	C:\WINDOWS\SYSTEM32\WINNSI.DLL
0x00007ffd0b080000 - 0x00007ffd0b0d1000 	C:\WINDOWS\system32\WINTRUST.dll
0x00007ffd0aea0000 - 0x00007ffd0b07f000 	C:\WINDOWS\system32\CRYPT32.dll
0x00007ffd0ae30000 - 0x00007ffd0ae41000 	C:\WINDOWS\system32\MSASN1.dll
0x00007ffcf8d70000 - 0x00007ffcfa829000 	C:\WINDOWS\SYSTEM32\amdocl12cl64.dll
0x00007ffd098d0000 - 0x00007ffd098f1000 	C:\WINDOWS\SYSTEM32\dwmapi.dll
0x00007ffcf8d40000 - 0x00007ffcf8d6c000 	C:\WINDOWS\SYSTEM32\atig6txx.dll
0x0000000052a10000 - 0x0000000053295000 	C:\WINDOWS\SYSTEM32\atiumd6a.dll
0x00007ffd0a390000 - 0x00007ffd0a3d6000 	C:\WINDOWS\SYSTEM32\POWRPROF.dll

VM Arguments:
jvm_args: -agentlib:jdwp=transport=dt_socket,suspend=y,address=localhost:55369 -Dfile.encoding=Cp1252 
java_command: org.eclipse.jdt.internal.junit.runner.RemoteTestRunner -version 3 -port 55368 -testLoaderClass org.eclipse.jdt.internal.junit4.runner.JUnit4TestLoader -loaderpluginname org.eclipse.jdt.junit4.runtime -classNames test.TestSparseSGD
java_class_path (initial): C:\master_in_progress\hsa_jni\viennacl-frontend\moa-frontend\target\classes;C:\Users\john\.m2\repository\com\typesafe\akka\akka-actor_2.10\2.3.9\akka-actor_2.10-2.3.9.jar;C:\Users\john\.m2\repository\org\scala-lang\scala-library\2.10.4\scala-library-2.10.4.jar;C:\Users\john\.m2\repository\com\typesafe\config\1.2.1\config-1.2.1.jar;C:\Users\john\.m2\repository\com\typesafe\akka\akka-stream-experimental_2.11\1.0-M2\akka-stream-experimental_2.11-1.0-M2.jar;C:\Users\john\.m2\repository\com\typesafe\akka\akka-actor_2.11\2.3.7\akka-actor_2.11-2.3.7.jar;C:\Users\john\.m2\repository\org\reactivestreams\reactive-streams\1.0.0.M3\reactive-streams-1.0.0.M3.jar;C:\Users\john\.m2\repository\junit\junit\4.4\junit-4.4.jar;C:\Users\john\.m2\repository\nz\ac\waikato\cms\weka\weka-dev\3.7.10\weka-dev-3.7.10.jar;C:\Users\john\.m2\repository\net\sf\squirrel-sql\thirdparty-non-maven\java-cup\0.11a\java-cup-0.11a.jar;C:\Users\john\.m2\repository\org\pentaho\pentaho-commons\pentaho-package-manager\1.0.8\pentaho-package-manager-1.0.8.jar;C:\Users\john\.m2\repository\com\nativelibs4java\javacl\1.0.0-RC3\javacl-1.0.0-RC3.jar;C:\Users\john\.m2\repository\com\nativelibs4java\javacl-core\1.0.0-RC3\javacl-core-1.0.0-RC3.jar;C:\Users\john\.m2\repository\com\nativelibs4java\opencl4java\1.0.0-RC3\opencl4java-1.0.0-RC3.jar;C:\Users\john\.m2\repository\com\nativelibs4java\bridj\0.6.2\bridj-0.6.2.jar;C:\Users\john\.m2\repository\com\google\android\tools\dx\1.7\dx-1.7.jar;C:\Users\john\.m2\repository\com\nativelibs4java\nativelibs4java-utils\1.5\nativelibs4java-utils-1.5.jar;C:\Users\john\.m2\repository\nz\ac\waikato\cms\moa\moa\2013.11\moa-2013.11.jar;C:\Users\john\.m2\repository\com\googlecode\sizeofag\sizeofag\1.0.0\sizeofag-1.0.0.jar;/C:/Applications/eclipse-mars/configuration/org.eclipse.osgi/209/0/.cp/;/C:/Applications/eclipse-mars/configuration/org.eclipse.osgi/208/0/.cp/
Launcher Type: SUN_STANDARD

Environment Variables:
PATH=C:/Program Files/Java/jre1.8.0_51/bin/server;C:/Program Files/Java/jre1.8.0_51/bin;C:/Program Files/Java/jre1.8.0_51/lib/amd64;C:\ProgramData\Oracle\Java\javapath;C:\WINDOWS\system32;C:\WINDOWS;C:\WINDOWS\System32\Wbem;C:\WINDOWS\System32\WindowsPowerShell\v1.0\;C:\Program Files (x86)\AMD\ATI.ACE\Core-Static;C:\Program Files (x86)\Windows Kits\8.1\Windows Performance Toolkit\;C:\Program Files (x86)\Microsoft SDKs\TypeScript\1.0\;C:\Program Files\Microsoft SQL Server\110\Tools\Binn\;C:\Program Files (x86)\AMD APP SDK\3.0-0-Beta\bin\x86_64;C:\Program Files (x86)\AMD APP SDK\3.0-0-Beta\bin\x86;C:\Program Files\Microsoft\Web Platform Installer\;F:\GNUPLOT\bin;C:\Applications\eclipse-mars;
USERNAME=john
OS=Windows_NT
PROCESSOR_IDENTIFIER=AMD64 Family 21 Model 48 Stepping 1, AuthenticAMD



---------------  S Y S T E M  ---------------

OS: Windows 8.1 , 64 bit Build 9600 (6.3.9600.17415)

CPU:total 4 (4 cores per cpu, 1 threads per core) family 21 model 48 stepping 1, cmov, cx8, fxsr, mmx, sse, sse2, sse3, ssse3, sse4.1, sse4.2, popcnt, avx, aes, clmul, mmxext, 3dnowpref, lzcnt, sse4a, tsc, tscinvbit, tscinv, bmi1

Memory: 4k page, physical 7260324k(3628024k free), swap 13227152k(8047088k free)

vm_info: Java HotSpot(TM) 64-Bit Server VM (25.51-b03) for windows-amd64 JRE (1.8.0_51-b16), built on Jun  8 2015 18:03:07 by "java_re" with MS VC++ 10.0 (VS2010)

time: Mon Aug 03 20:52:21 2015
elapsed time: 10 seconds (0d 0h 0m 10s)

