#
# A fatal error has been detected by the Java Runtime Environment:
#
#  EXCEPTION_UNCAUGHT_CXX_EXCEPTION (0xe06d7363) at pc=0x00007ffd0b0e8b9c, pid=1776, tid=5116
#
# JRE version: Java(TM) SE Runtime Environment (8.0_45-b15) (build 1.8.0_45-b15)
# Java VM: Java HotSpot(TM) 64-Bit Server VM (25.45-b02 mixed mode windows-amd64 compressed oops)
# Problematic frame:
# C  [KERNELBASE.dll+0x8b9c]
#
# Failed to write core dump. Minidumps are not enabled by default on client versions of Windows
#
# If you would like to submit a bug report, please visit:
#   http://bugreport.java.com/bugreport/crash.jsp
# The crash happened outside the Java Virtual Machine in native code.
# See problematic frame for where to report the bug.
#

---------------  T H R E A D  ---------------

Current thread (0x0000000018b3f000):  JavaThread "pool-1-thread-1" [_thread_in_native, id=5116, stack(0x000000001e7e0000,0x000000001e8e0000)]

siginfo: ExceptionCode=0xe06d7363, ExceptionInformation=0x0000000019930520 0x000000001e8dea40 0x00007ffcdec38280 0x00007ffcde900000 

Registers:
RAX=0x0000000000000128, RBX=0x00000000164d5a70, RCX=0x0000000000000013, RDX=0x00007ffd0dcca56a
RSP=0x000000001e8de840, RBP=0x000000001e8defa8, RSI=0x00007ffcde7746d0, RDI=0x000000001e8de9a0
R8 =0x00007ffd0dd12d82, R9 =0x0000000000ad0000, R10=0x0000000000000000, R11=0x0000000000000004
R12=0x0000000000000000, R13=0x00000000164d5a70, R14=0x000000001e8defd8, R15=0x0000000018b3f000
RIP=0x00007ffd0b0e8b9c, EFLAGS=0x0000000000000200

Top of Stack: (sp=0x000000001e8de840)
0x000000001e8de840:   0000000000000000 00000000164d5a70
0x000000001e8de850:   00007ffcde7746d0 000000001e8de9a0
0x000000001e8de860:   00000001e06d7363 0000000000000000
0x000000001e8de870:   00007ffd0b0e8b9c 0000000000000004
0x000000001e8de880:   0000000019930520 000000001e8dea40
0x000000001e8de890:   00007ffcdec38280 00007ffcde900000
0x000000001e8de8a0:   00000000437170f0 0000000018958c80
0x000000001e8de8b0:   4006124000000000 0000000000000000
0x000000001e8de8c0:   0000000040000000 0000000043716b20
0x000000001e8de8d0:   0000000240000000 0000000465b30000
0x000000001e8de8e0:   0000000000000000 0000000000000000
0x000000001e8de8f0:   0000000018b3f000 000000001e8defd8
0x000000001e8de900:   000001f83bb35cd1 000000001e8de9a0
0x000000001e8de910:   00007ffcde7746d0 00007ffcde6bc366
0x000000001e8de920:   00000000164d5a70 000000001e8de958
0x000000001e8de930:   baadf00000000001 0000000000000000 

Instructions: (pc=0x00007ffd0b0e8b9c)
0x00007ffd0b0e8b7c:   44 3b c0 44 0f 47 c0 44 89 44 24 38 49 c1 e0 03
0x00007ffd0b0e8b8c:   e8 b3 8a ff ff 48 8d 4c 24 20 ff 15 d4 0a 10 00
0x00007ffd0b0e8b9c:   48 8b 8c 24 c0 00 00 00 48 33 cc e8 94 88 ff ff
0x00007ffd0b0e8bac:   48 81 c4 d8 00 00 00 c3 90 90 90 90 90 90 90 90 


Register to memory mapping:

RAX=0x0000000000000128 is an unknown value
RBX={method} {0x00000000164d5a78} 'allocate' '(J)J' in 'org/moa/gpu/bridge/SparseOffHeapBuffer'
RCX=0x0000000000000013 is an unknown value
RDX=0x00007ffd0dcca56a is an unknown value
RSP=0x000000001e8de840 is pointing into the stack for thread: 0x0000000018b3f000
RBP=0x000000001e8defa8 is pointing into the stack for thread: 0x0000000018b3f000
RSI=0x00007ffcde7746d0 is an unknown value
RDI=0x000000001e8de9a0 is pointing into the stack for thread: 0x0000000018b3f000
R8 =0x00007ffd0dd12d82 is an unknown value
R9 =0x0000000000ad0000 is an unknown value
R10=0x0000000000000000 is an unknown value
R11=0x0000000000000004 is an unknown value
R12=0x0000000000000000 is an unknown value
R13={method} {0x00000000164d5a78} 'allocate' '(J)J' in 'org/moa/gpu/bridge/SparseOffHeapBuffer'
R14=0x000000001e8defd8 is pointing into the stack for thread: 0x0000000018b3f000
R15=0x0000000018b3f000 is a thread


Stack: [0x000000001e7e0000,0x000000001e8e0000],  sp=0x000000001e8de840,  free space=1018k
Native frames: (J=compiled Java code, j=interpreted, Vv=VM code, C=native code)
C  [KERNELBASE.dll+0x8b9c]
C  [MSVCR120D.dll+0xfc366]
C  [moa-frontend-lib.dll+0x101197]  viennacl::ocl::error_checker<void>::raise_exception+0xf7
C  [moa-frontend-lib.dll+0xdcd7b]  viennacl::ocl::error_checker<void>::checkError+0x3b
C  [moa-frontend-lib.dll+0x1deb3e]  Java_org_moa_gpu_bridge_SparseOffHeapBuffer_allocate+0x12e
C  0x00000000026057f4

Java frames: (J=compiled Java code, j=interpreted, Vv=VM code)
j  org.moa.gpu.bridge.SparseOffHeapBuffer.allocate(J)J+0
J 677 C2 org.moa.gpu.bridge.SparseOffHeapBuffer.commit()V (289 bytes) @ 0x0000000002889b30 [0x0000000002889960+0x1d0]
j  org.moa.gpu.SparseSGD.lambda$2(Lorg/moa/gpu/bridge/SparseOffHeapBuffer;)V+1
j  org.moa.gpu.SparseSGD$$Lambda$1.run()V+8
j  java.util.concurrent.Executors$RunnableAdapter.call()Ljava/lang/Object;+4
j  java.util.concurrent.FutureTask.run()V+42
j  java.util.concurrent.ThreadPoolExecutor.runWorker(Ljava/util/concurrent/ThreadPoolExecutor$Worker;)V+95
j  java.util.concurrent.ThreadPoolExecutor$Worker.run()V+5
j  java.lang.Thread.run()V+11
v  ~StubRoutines::call_stub

---------------  P R O C E S S  ---------------

Java Threads: ( => current thread )
  0x0000000018ab0800 JavaThread "pool-2-thread-1" [_thread_in_native, id=3196, stack(0x0000000044670000,0x0000000044770000)]
=>0x0000000018b3f000 JavaThread "pool-1-thread-1" [_thread_in_native, id=5116, stack(0x000000001e7e0000,0x000000001e8e0000)]
  0x0000000018091000 JavaThread "Service Thread" daemon [_thread_blocked, id=4816, stack(0x0000000018460000,0x0000000018560000)]
  0x0000000016819800 JavaThread "C1 CompilerThread2" daemon [_thread_blocked, id=3616, stack(0x0000000017f60000,0x0000000018060000)]
  0x0000000016817000 JavaThread "C2 CompilerThread1" daemon [_thread_blocked, id=2828, stack(0x0000000017e60000,0x0000000017f60000)]
  0x000000001680c800 JavaThread "C2 CompilerThread0" daemon [_thread_blocked, id=4292, stack(0x0000000017d60000,0x0000000017e60000)]
  0x0000000016809800 JavaThread "Attach Listener" daemon [_thread_blocked, id=4260, stack(0x0000000017c60000,0x0000000017d60000)]
  0x0000000016807800 JavaThread "Signal Dispatcher" daemon [_thread_blocked, id=4996, stack(0x0000000017b60000,0x0000000017c60000)]
  0x00000000025ec800 JavaThread "Finalizer" daemon [_thread_blocked, id=3420, stack(0x0000000017a60000,0x0000000017b60000)]
  0x00000000025e5000 JavaThread "Reference Handler" daemon [_thread_blocked, id=3404, stack(0x0000000017960000,0x0000000017a60000)]
  0x0000000000aad800 JavaThread "main" [_thread_blocked, id=4896, stack(0x00000000023f0000,0x00000000024f0000)]

Other Threads:
  0x00000000167d9000 VMThread [stack: 0x0000000017860000,0x0000000017960000] [id=4364]
  0x0000000018094800 WatcherThread [stack: 0x0000000018560000,0x0000000018660000] [id=976]

VM state:not at safepoint (normal execution)

VM Mutex/Monitor currently owned by a thread: None

Heap:
 PSYoungGen      total 61952K, used 17467K [0x00000000db100000, 0x00000000df200000, 0x0000000100000000)
  eden space 57344K, 22% used [0x00000000db100000,0x00000000dbd94008,0x00000000de900000)
  from space 4608K, 99% used [0x00000000ded80000,0x00000000df1faf58,0x00000000df200000)
  to   space 4608K, 0% used [0x00000000de900000,0x00000000de900000,0x00000000ded80000)
 ParOldGen       total 76800K, used 10971K [0x0000000091200000, 0x0000000095d00000, 0x00000000db100000)
  object space 76800K, 14% used [0x0000000091200000,0x0000000091cb6dd8,0x0000000095d00000)
 Metaspace       used 8458K, capacity 8694K, committed 8832K, reserved 1056768K
  class space    used 1058K, capacity 1147K, committed 1152K, reserved 1048576K

Card table byte_map: [0x00000000119b0000,0x0000000011d30000] byte_map_base: 0x0000000011527000

Marking Bits: (ParMarkBitMap*) 0x0000000051f84040
 Begin Bits: [0x0000000012380000, 0x0000000013f38000)
 End Bits:   [0x0000000013f38000, 0x0000000015af0000)

Polling page: 0x0000000000a90000

CodeCache: size=245760Kb used=2645Kb max_used=2658Kb free=243114Kb
 bounds [0x00000000025f0000, 0x0000000002890000, 0x00000000115f0000]
 total_blobs=976 nmethods=671 adapters=219
 compilation: enabled

Compilation events (10 events):
Event: 16.932 Thread 0x0000000016819800  673       1       org.moa.gpu.util.DirectMemory::readInt (8 bytes)
Event: 16.932 Thread 0x0000000016819800 nmethod 673 0x000000000287e6d0 code [0x000000000287e820, 0x000000000287e930]
Event: 17.964 Thread 0x0000000016819800  674   !   3       java.lang.invoke.LambdaForm::compileToBytecode (103 bytes)
Event: 17.966 Thread 0x0000000016819800 nmethod 674 0x0000000002886a50 code [0x0000000002886c80, 0x0000000002887598]
Event: 17.966 Thread 0x0000000016817000  676 %     4       org.moa.gpu.bridge.SparseOffHeapBuffer::commit @ 20 (289 bytes)
Event: 17.966 Thread 0x0000000016819800  675       3       java.lang.invoke.LambdaForm::methodType (8 bytes)
Event: 17.967 Thread 0x0000000016819800 nmethod 675 0x000000000287e290 code [0x000000000287e400, 0x000000000287e638]
Event: 17.979 Thread 0x0000000016817000 nmethod 676% 0x0000000002884850 code [0x00000000028849e0, 0x0000000002884fc8]
Event: 18.938 Thread 0x000000001680c800  677       4       org.moa.gpu.bridge.SparseOffHeapBuffer::commit (289 bytes)
Event: 18.951 Thread 0x000000001680c800 nmethod 677 0x00000000028897d0 code [0x0000000002889960, 0x0000000002889e88]

GC Heap History (4 events):
Event: 0.828 GC heap before
{Heap before GC invocations=1 (full 0):
 PSYoungGen      total 33280K, used 28672K [0x00000000db100000, 0x00000000dd600000, 0x0000000100000000)
  eden space 28672K, 100% used [0x00000000db100000,0x00000000dcd00000,0x00000000dcd00000)
  from space 4608K, 0% used [0x00000000dd180000,0x00000000dd180000,0x00000000dd600000)
  to   space 4608K, 0% used [0x00000000dcd00000,0x00000000dcd00000,0x00000000dd180000)
 ParOldGen       total 76800K, used 0K [0x0000000091200000, 0x0000000095d00000, 0x00000000db100000)
  object space 76800K, 0% used [0x0000000091200000,0x0000000091200000,0x0000000095d00000)
 Metaspace       used 7269K, capacity 7312K, committed 7424K, reserved 1056768K
  class space    used 924K, capacity 944K, committed 1024K, reserved 1048576K
Event: 0.844 GC heap after
Heap after GC invocations=1 (full 0):
 PSYoungGen      total 33280K, used 4576K [0x00000000db100000, 0x00000000df200000, 0x0000000100000000)
  eden space 28672K, 0% used [0x00000000db100000,0x00000000db100000,0x00000000dcd00000)
  from space 4608K, 99% used [0x00000000dcd00000,0x00000000dd1780d0,0x00000000dd180000)
  to   space 4608K, 0% used [0x00000000ded80000,0x00000000ded80000,0x00000000df200000)
 ParOldGen       total 76800K, used 4463K [0x0000000091200000, 0x0000000095d00000, 0x00000000db100000)
  object space 76800K, 5% used [0x0000000091200000,0x000000009165be88,0x0000000095d00000)
 Metaspace       used 7269K, capacity 7312K, committed 7424K, reserved 1056768K
  class space    used 924K, capacity 944K, committed 1024K, reserved 1048576K
}
Event: 1.100 GC heap before
{Heap before GC invocations=2 (full 0):
 PSYoungGen      total 33280K, used 33178K [0x00000000db100000, 0x00000000df200000, 0x0000000100000000)
  eden space 28672K, 99% used [0x00000000db100000,0x00000000dccee8a0,0x00000000dcd00000)
  from space 4608K, 99% used [0x00000000dcd00000,0x00000000dd1780d0,0x00000000dd180000)
  to   space 4608K, 0% used [0x00000000ded80000,0x00000000ded80000,0x00000000df200000)
 ParOldGen       total 76800K, used 4463K [0x0000000091200000, 0x0000000095d00000, 0x00000000db100000)
  object space 76800K, 5% used [0x0000000091200000,0x000000009165be88,0x0000000095d00000)
 Metaspace       used 7454K, capacity 7536K, committed 7680K, reserved 1056768K
  class space    used 940K, capacity 976K, committed 1024K, reserved 1048576K
Event: 1.120 GC heap after
Heap after GC invocations=2 (full 0):
 PSYoungGen      total 61952K, used 4587K [0x00000000db100000, 0x00000000df200000, 0x0000000100000000)
  eden space 57344K, 0% used [0x00000000db100000,0x00000000db100000,0x00000000de900000)
  from space 4608K, 99% used [0x00000000ded80000,0x00000000df1faf58,0x00000000df200000)
  to   space 4608K, 0% used [0x00000000de900000,0x00000000de900000,0x00000000ded80000)
 ParOldGen       total 76800K, used 10971K [0x0000000091200000, 0x0000000095d00000, 0x00000000db100000)
  object space 76800K, 14% used [0x0000000091200000,0x0000000091cb6dd8,0x0000000095d00000)
 Metaspace       used 7454K, capacity 7536K, committed 7680K, reserved 1056768K
  class space    used 940K, capacity 976K, committed 1024K, reserved 1048576K
}

Deoptimization events (10 events):
Event: 0.985 Thread 0x0000000000aad800 Uncommon trap: reason=class_check action=maybe_recompile pc=0x00000000027c70bc method=weka.core.Instances.attribute(I)Lweka/core/Attribute; @ 5
Event: 0.985 Thread 0x0000000000aad800 Uncommon trap: reason=class_check action=maybe_recompile pc=0x00000000027c70bc method=weka.core.Instances.attribute(I)Lweka/core/Attribute; @ 5
Event: 0.985 Thread 0x0000000000aad800 Uncommon trap: reason=class_check action=maybe_recompile pc=0x00000000027c70bc method=weka.core.Instances.attribute(I)Lweka/core/Attribute; @ 5
Event: 0.985 Thread 0x0000000000aad800 Uncommon trap: reason=class_check action=maybe_recompile pc=0x00000000027c70bc method=weka.core.Instances.attribute(I)Lweka/core/Attribute; @ 5
Event: 15.937 Thread 0x0000000000aad800 Uncommon trap: reason=unstable_if action=reinterpret pc=0x00000000027db0ac method=java.util.ArrayList.remove(I)Ljava/lang/Object; @ 31
Event: 15.974 Thread 0x0000000000aad800 Uncommon trap: reason=class_check action=maybe_recompile pc=0x00000000027d9ef8 method=java.lang.String.valueOf(Ljava/lang/Object;)Ljava/lang/String; @ 10
Event: 15.977 Thread 0x0000000000aad800 Uncommon trap: reason=class_check action=maybe_recompile pc=0x00000000027d9ef8 method=java.lang.String.valueOf(Ljava/lang/Object;)Ljava/lang/String; @ 10
Event: 15.988 Thread 0x0000000000aad800 Uncommon trap: reason=class_check action=maybe_recompile pc=0x00000000027c0f28 method=java.util.HashMap.putVal(ILjava/lang/Object;Ljava/lang/Object;ZZ)Ljava/lang/Object; @ 203
Event: 16.004 Thread 0x0000000000aad800 Uncommon trap: reason=unstable_if action=reinterpret pc=0x0000000002829c64 method=org.moa.gpu.SparseSGD.trainOnInstanceImpl(Lweka/core/Instance;)V @ 169
Event: 16.789 Thread 0x0000000000aad800 Uncommon trap: reason=uninitialized action=reinterpret pc=0x000000000282c890 method=org.moa.gpu.SparseSGD.trainOnInstanceImpl(Lweka/core/Instance;)V @ 188

Internal exceptions (10 events):
Event: 0.469 Thread 0x0000000000aad800 Exception <a 'java/security/PrivilegedActionException'> (0x00000000db32fe08) thrown at [C:\re\workspace\8-2-build-windows-amd64-cygwin\jdk8u45\3627\hotspot\src\share\vm\prims\jvm.cpp, line 1382]
Event: 0.470 Thread 0x0000000000aad800 Exception <a 'java/lang/ClassNotFoundException': com/sun/org/glassfish/hk2/osgiresourcelocator/ServiceLoader> (0x00000000db336e70) thrown at [C:\re\workspace\8-2-build-windows-amd64-cygwin\jdk8u45\3627\hotspot\src\share\vm\classfile\systemDictionary.cpp, lÚÔ¸x}Þ?
Event: 0.476 Thread 0x0000000000aad800 Exception <a 'java/lang/NullPointerException'> (0x00000000db33eab0) thrown at [C:\re\workspace\8-2-build-windows-amd64-cygwin\jdk8u45\3627\hotspot\src\share\vm\interpreter\linkResolver.cpp, line 1280]
Event: 0.529 Thread 0x0000000000aad800 Exception <a 'java/lang/ArrayIndexOutOfBoundsException'> (0x00000000db3b9e30) thrown at [C:\re\workspace\8-2-build-windows-amd64-cygwin\jdk8u45\3627\hotspot\src\share\vm\runtime\sharedRuntime.cpp, line 605]
Event: 0.529 Thread 0x0000000000aad800 Exception <a 'java/lang/ArrayIndexOutOfBoundsException'> (0x00000000db3bae70) thrown at [C:\re\workspace\8-2-build-windows-amd64-cygwin\jdk8u45\3627\hotspot\src\share\vm\runtime\sharedRuntime.cpp, line 605]
Event: 0.531 Thread 0x0000000000aad800 Exception <a 'java/lang/ArrayIndexOutOfBoundsException'> (0x00000000db3bcc98) thrown at [C:\re\workspace\8-2-build-windows-amd64-cygwin\jdk8u45\3627\hotspot\src\share\vm\runtime\sharedRuntime.cpp, line 605]
Event: 0.534 Thread 0x0000000000aad800 Exception <a 'java/lang/ArrayIndexOutOfBoundsException'> (0x00000000db3c5ad0) thrown at [C:\re\workspace\8-2-build-windows-amd64-cygwin\jdk8u45\3627\hotspot\src\share\vm\runtime\sharedRuntime.cpp, line 605]
Event: 0.534 Thread 0x0000000000aad800 Exception <a 'java/lang/ArrayIndexOutOfBoundsException'> (0x00000000db3c68e8) thrown at [C:\re\workspace\8-2-build-windows-amd64-cygwin\jdk8u45\3627\hotspot\src\share\vm\runtime\sharedRuntime.cpp, line 605]
Event: 15.974 Thread 0x0000000000aad800 Exception <a 'java/lang/NoSuchFieldError': method resolution failed> (0x00000000dbab46b8) thrown at [C:\re\workspace\8-2-build-windows-amd64-cygwin\jdk8u45\3627\hotspot\src\share\vm\prims\methodHandles.cpp, line 1125]
Event: 15.977 Thread 0x0000000000aad800 Exception <a 'java/lang/NoSuchFieldError': method resolution failed> (0x00000000dbac2cc8) thrown at [C:\re\workspace\8-2-build-windows-amd64-cygwin\jdk8u45\3627\hotspot\src\share\vm\prims\methodHandles.cpp, line 1125]

Events (10 events):
Event: 16.801 loading class java/util/concurrent/locks/LockSupport done
Event: 16.829 Thread 0x0000000018b3f000 DEOPT PACKING pc=0x000000000287fe23 sp=0x000000001e8deed0
Event: 16.829 Thread 0x0000000018b3f000 DEOPT UNPACKING pc=0x000000000263747f sp=0x000000001e8decb0 mode 0
Event: 17.964 loading class org/moa/gpu/bridge/SparseOffHeapBuffer
Event: 17.964 loading class org/moa/gpu/bridge/SparseOffHeapBuffer done
Event: 17.964 loading class org/moa/gpu/SparseSGD
Event: 17.964 loading class org/moa/gpu/SparseSGD done
Event: 17.965 Thread 0x0000000018ab0800 Thread added: 0x0000000018ab0800
Event: 18.938 Thread 0x0000000018b3f000 DEOPT PACKING pc=0x0000000002883718 sp=0x000000001e8def40
Event: 18.938 Thread 0x0000000018b3f000 DEOPT UNPACKING pc=0x000000000263747f sp=0x000000001e8decb0 mode 0


Dynamic libraries:
0x00007ff758f30000 - 0x00007ff758f67000 	C:\Program Files\Java\jdk1.8.0_45\bin\java.exe
0x00007ffd0dc20000 - 0x00007ffd0ddcc000 	C:\WINDOWS\SYSTEM32\ntdll.dll
0x00007ffd0d8e0000 - 0x00007ffd0da1e000 	C:\WINDOWS\system32\KERNEL32.DLL
0x00007ffd0b0e0000 - 0x00007ffd0b1f5000 	C:\WINDOWS\system32\KERNELBASE.dll
0x00007ffd09920000 - 0x00007ffd099ae000 	C:\WINDOWS\system32\apphelp.dll
0x00007ffcff320000 - 0x00007ffcff373000 	C:\WINDOWS\AppPatch\AppPatch64\AcGenral.DLL
0x00007ffd0d830000 - 0x00007ffd0d8da000 	C:\WINDOWS\system32\msvcrt.dll
0x00007ffd0ac20000 - 0x00007ffd0ac4e000 	C:\WINDOWS\SYSTEM32\SspiCli.dll
0x00007ffd0da90000 - 0x00007ffd0dae4000 	C:\WINDOWS\system32\SHLWAPI.dll
0x00007ffd0cc80000 - 0x00007ffd0cdf7000 	C:\WINDOWS\system32\USER32.dll
0x00007ffd0d070000 - 0x00007ffd0d204000 	C:\WINDOWS\system32\ole32.dll
0x00007ffd0b2b0000 - 0x00007ffd0c7c9000 	C:\WINDOWS\system32\SHELL32.dll
0x00007ffd0a360000 - 0x00007ffd0a381000 	C:\WINDOWS\SYSTEM32\USERENV.dll
0x00007ffd0d540000 - 0x00007ffd0d5ea000 	C:\WINDOWS\system32\ADVAPI32.dll
0x00007ffcff2f0000 - 0x00007ffcff30e000 	C:\WINDOWS\SYSTEM32\MPR.dll
0x00007ffd0d3f0000 - 0x00007ffd0d531000 	C:\WINDOWS\system32\RPCRT4.dll
0x00007ffd0da30000 - 0x00007ffd0da89000 	C:\WINDOWS\SYSTEM32\sechost.dll
0x00007ffd0c840000 - 0x00007ffd0ca51000 	C:\WINDOWS\SYSTEM32\combase.dll
0x00007ffd0ce00000 - 0x00007ffd0cf50000 	C:\WINDOWS\system32\GDI32.dll
0x00007ffd0ad80000 - 0x00007ffd0ad95000 	C:\WINDOWS\SYSTEM32\profapi.dll
0x00007ffd092a0000 - 0x00007ffd09352000 	C:\WINDOWS\SYSTEM32\SHCORE.dll
0x00007ffd0daf0000 - 0x00007ffd0db26000 	C:\WINDOWS\system32\IMM32.DLL
0x00007ffd0ca60000 - 0x00007ffd0cbb2000 	C:\WINDOWS\system32\MSCTF.dll
0x00007ffd08850000 - 0x00007ffd08aca000 	C:\WINDOWS\WinSxS\amd64_microsoft.windows.common-controls_6595b64144ccf1df_6.0.9600.17810_none_6240b9c7ecbd0bda\COMCTL32.dll
0x0000000052010000 - 0x00000000520e2000 	C:\Program Files\Java\jdk1.8.0_45\jre\bin\msvcr100.dll
0x0000000051780000 - 0x0000000052003000 	C:\Program Files\Java\jdk1.8.0_45\jre\bin\server\jvm.dll
0x00007ffd026b0000 - 0x00007ffd026b9000 	C:\WINDOWS\SYSTEM32\WSOCK32.dll
0x00007ffd08810000 - 0x00007ffd08832000 	C:\WINDOWS\SYSTEM32\WINMM.dll
0x00007ffd08840000 - 0x00007ffd0884a000 	C:\WINDOWS\SYSTEM32\VERSION.dll
0x00007ffd0d3e0000 - 0x00007ffd0d3e7000 	C:\WINDOWS\system32\PSAPI.DLL
0x00007ffd0cf50000 - 0x00007ffd0cfaa000 	C:\WINDOWS\system32\WS2_32.dll
0x00007ffd087e0000 - 0x00007ffd0880a000 	C:\WINDOWS\SYSTEM32\WINMMBASE.dll
0x00007ffd0d210000 - 0x00007ffd0d219000 	C:\WINDOWS\system32\NSI.dll
0x00007ffd0ae50000 - 0x00007ffd0ae9f000 	C:\WINDOWS\SYSTEM32\cfgmgr32.dll
0x00007ffd09b90000 - 0x00007ffd09bb8000 	C:\WINDOWS\SYSTEM32\DEVOBJ.dll
0x0000000051770000 - 0x000000005177f000 	C:\Program Files\Java\jdk1.8.0_45\jre\bin\verify.dll
0x0000000051740000 - 0x0000000051769000 	C:\Program Files\Java\jdk1.8.0_45\jre\bin\java.dll
0x0000000051720000 - 0x0000000051736000 	C:\Program Files\Java\jdk1.8.0_45\jre\bin\zip.dll
0x00007ffcde900000 - 0x00007ffcdec77000 	C:\master_in_progress\hsa_jni\viennacl-frontend\moa-frontend\moa-frontend-lib.dll
0x00007ffd025a0000 - 0x00007ffd025b6000 	C:\WINDOWS\SYSTEM32\OpenCL.dll
0x00007ffcde7e0000 - 0x00007ffcde8f3000 	C:\WINDOWS\SYSTEM32\MSVCP120D.dll
0x00007ffcde5c0000 - 0x00007ffcde7d1000 	C:\WINDOWS\SYSTEM32\MSVCR120D.dll
0x0000000051710000 - 0x000000005171d000 	C:\Program Files\Java\jdk1.8.0_45\jre\bin\management.dll
0x00007ffcfac80000 - 0x00007ffcfda4a000 	C:\WINDOWS\SYSTEM32\amdocl64.dll
0x00007ffcfaab0000 - 0x00007ffcfabdb000 	C:\WINDOWS\SYSTEM32\OPENGL32.dll
0x00007ffd0d650000 - 0x00007ffd0d82a000 	C:\WINDOWS\system32\SETUPAPI.dll
0x00007ffd03a50000 - 0x00007ffd03bd9000 	C:\WINDOWS\SYSTEM32\dbghelp.dll
0x00007ffcfaa80000 - 0x00007ffcfaaae000 	C:\WINDOWS\SYSTEM32\GLU32.dll
0x00007ffcfa980000 - 0x00007ffcfaa78000 	C:\WINDOWS\SYSTEM32\DDRAW.dll
0x00007ffcfa970000 - 0x00007ffcfa979000 	C:\WINDOWS\SYSTEM32\DCIMAN32.dll
0x00007ffcfa830000 - 0x00007ffcfa970000 	C:\WINDOWS\SYSTEM32\atiadlxx.DLL
0x00007ffd06940000 - 0x00007ffd06abf000 	C:\WINDOWS\SYSTEM32\PROPSYS.dll
0x00007ffd09900000 - 0x00007ffd09912000 	C:\WINDOWS\SYSTEM32\WTSAPI32.dll
0x00007ffd06140000 - 0x00007ffd0616a000 	C:\WINDOWS\SYSTEM32\IPHLPAPI.DLL
0x00007ffd0db50000 - 0x00007ffd0dc11000 	C:\WINDOWS\system32\OLEAUT32.dll
0x00007ffd06120000 - 0x00007ffd0612a000 	C:\WINDOWS\SYSTEM32\WINNSI.DLL
0x00007ffd0b080000 - 0x00007ffd0b0d1000 	C:\WINDOWS\system32\WINTRUST.dll
0x00007ffd0aea0000 - 0x00007ffd0b07f000 	C:\WINDOWS\system32\CRYPT32.dll
0x00007ffd0ae30000 - 0x00007ffd0ae41000 	C:\WINDOWS\system32\MSASN1.dll
0x00007ffcf8d70000 - 0x00007ffcfa829000 	C:\WINDOWS\SYSTEM32\amdocl12cl64.dll
0x00007ffd098d0000 - 0x00007ffd098f1000 	C:\WINDOWS\SYSTEM32\dwmapi.dll
0x00007ffcf8d40000 - 0x00007ffcf8d6c000 	C:\WINDOWS\SYSTEM32\atig6txx.dll
0x0000000052a10000 - 0x0000000053295000 	C:\WINDOWS\SYSTEM32\atiumd6a.dll
0x00007ffd0a390000 - 0x00007ffd0a3d6000 	C:\WINDOWS\SYSTEM32\POWRPROF.dll

VM Arguments:
java_command: SparseSGDTest C:\master_in_progress\sgd_tests\sgd_test_16384.xml
java_class_path (initial): C:\master_in_progress\hsa_jni\viennacl-frontend\moa-frontend\target\classes;C:\Users\john\.m2\repository\com\typesafe\akka\akka-actor_2.10\2.3.9\akka-actor_2.10-2.3.9.jar;C:\Users\john\.m2\repository\org\scala-lang\scala-library\2.10.4\scala-library-2.10.4.jar;C:\Users\john\.m2\repository\com\typesafe\config\1.2.1\config-1.2.1.jar;C:\Users\john\.m2\repository\com\typesafe\akka\akka-stream-experimental_2.11\1.0-M2\akka-stream-experimental_2.11-1.0-M2.jar;C:\Users\john\.m2\repository\com\typesafe\akka\akka-actor_2.11\2.3.7\akka-actor_2.11-2.3.7.jar;C:\Users\john\.m2\repository\org\reactivestreams\reactive-streams\1.0.0.M3\reactive-streams-1.0.0.M3.jar;C:\Users\john\.m2\repository\junit\junit\4.4\junit-4.4.jar;C:\Users\john\.m2\repository\nz\ac\waikato\cms\weka\weka-dev\3.7.10\weka-dev-3.7.10.jar;C:\Users\john\.m2\repository\net\sf\squirrel-sql\thirdparty-non-maven\java-cup\0.11a\java-cup-0.11a.jar;C:\Users\john\.m2\repository\org\pentaho\pentaho-commons\pentaho-package-manager\1.0.8\pentaho-package-manager-1.0.8.jar;C:\Users\john\.m2\repository\com\nativelibs4java\javacl\1.0.0-RC3\javacl-1.0.0-RC3.jar;C:\Users\john\.m2\repository\com\nativelibs4java\javacl-core\1.0.0-RC3\javacl-core-1.0.0-RC3.jar;C:\Users\john\.m2\repository\com\nativelibs4java\opencl4java\1.0.0-RC3\opencl4java-1.0.0-RC3.jar;C:\Users\john\.m2\repository\com\nativelibs4java\bridj\0.6.2\bridj-0.6.2.jar;C:\Users\john\.m2\repository\com\google\android\tools\dx\1.7\dx-1.7.jar;C:\Users\john\.m2\repository\com\nativelibs4java\nativelibs4java-utils\1.5\nativelibs4java-utils-1.5.jar;C:\Users\john\.m2\repository\nz\ac\waikato\cms\moa\moa\2013.11\moa-2013.11.jar;C:\Users\john\.m2\repository\com\googlecode\sizeofag\sizeofag\1.0.0\sizeofag-1.0.0.jar
Launcher Type: SUN_STANDARD

Environment Variables:
PATH=C:\ProgramData\Oracle\Java\javapath;C:\WINDOWS\system32;C:\WINDOWS;C:\WINDOWS\System32\Wbem;C:\WINDOWS\System32\WindowsPowerShell\v1.0\;C:\Program Files (x86)\AMD\ATI.ACE\Core-Static;C:\Program Files (x86)\Windows Kits\8.1\Windows Performance Toolkit\;C:\Program Files (x86)\Microsoft SDKs\TypeScript\1.0\;C:\Program Files\Microsoft SQL Server\110\Tools\Binn\;C:\Program Files (x86)\AMD APP SDK\3.0-0-Beta\bin\x86_64;C:\Program Files (x86)\AMD APP SDK\3.0-0-Beta\bin\x86;C:\Program Files\Microsoft\Web Platform Installer\;F:\GNUPLOT\bin;C:\Program Files (x86)\Microsoft Visual Studio 12.0\;C:\Program Files (x86)\Microsoft Visual Studio 12.0\VC\bin\amd64
USERNAME=john
OS=Windows_NT
PROCESSOR_IDENTIFIER=AMD64 Family 21 Model 48 Stepping 1, AuthenticAMD



---------------  S Y S T E M  ---------------

OS: Windows 8.1 , 64 bit Build 9600 (6.3.9600.17415)

CPU:total 4 (4 cores per cpu, 1 threads per core) family 21 model 48 stepping 1, cmov, cx8, fxsr, mmx, sse, sse2, sse3, ssse3, sse4.1, sse4.2, popcnt, avx, aes, clmul, mmxext, 3dnowpref, lzcnt, sse4a, tsc, tscinvbit, tscinv, bmi1

Memory: 4k page, physical 7260324k(677668k free), swap 16394092k(1759016k free)

vm_info: Java HotSpot(TM) 64-Bit Server VM (25.45-b02) for windows-amd64 JRE (1.8.0_45-b15), built on Apr 30 2015 12:40:44 by "java_re" with MS VC++ 10.0 (VS2010)

time: Mon Aug 03 21:49:13 2015
elapsed time: 20 seconds (0d 0h 0m 20s)

