#
# A fatal error has been detected by the Java Runtime Environment:
#
#  EXCEPTION_UNCAUGHT_CXX_EXCEPTION (0xe06d7363) at pc=0x00007ffd0b0e8b9c, pid=2848, tid=3416
#
# JRE version: Java(TM) SE Runtime Environment (8.0_51-b16) (build 1.8.0_51-b16)
# Java VM: Java HotSpot(TM) 64-Bit Server VM (25.51-b03 mixed mode windows-amd64 compressed oops)
# Problematic frame:
# C  [KERNELBASE.dll+0x8b9c]
#
# Failed to write core dump. Minidumps are not enabled by default on client versions of Windows
#
# If you would like to submit a bug report, please visit:
#   http://bugreport.java.com/bugreport/crash.jsp
# The crash happened outside the Java Virtual Machine in native code.
# See problematic frame for where to report the bug.
#

---------------  T H R E A D  ---------------

Current thread (0x0000000018cac800):  JavaThread "pool-1-thread-1" [_thread_in_native, id=3416, stack(0x000000001eed0000,0x000000001efd0000)]

siginfo: ExceptionCode=0xe06d7363, ExceptionInformation=0x0000000019930520 0x000000001efceba0 0x00007ffcdf2a8280 0x00007ffcdef70000 

Registers:
RAX=0x00007ffcfacef4fa, RBX=0x00000000168031b0, RCX=0x0000000000000000, RDX=0x000000001efce530
RSP=0x000000001efce9a0, RBP=0x000000001efcf110, RSI=0x00007ffce33d46d0, RDI=0x000000001efceb00
R8 =0x000000001efce4a8, R9 =0x000000001efce680, R10=0x0000000000000001, R11=0x000000001efce4a8
R12=0x0000000000000000, R13=0x00000000168031b0, R14=0x000000001efcf140, R15=0x0000000018cac800
RIP=0x00007ffd0b0e8b9c, EFLAGS=0x0000000000000206

Top of Stack: (sp=0x000000001efce9a0)
0x000000001efce9a0:   0000000000000000 00000000168031b0
0x000000001efce9b0:   00007ffce33d46d0 000000001efceb00
0x000000001efce9c0:   00000001e06d7363 0000000000000000
0x000000001efce9d0:   00007ffd0b0e8b9c 0000000000000004
0x000000001efce9e0:   0000000019930520 000000001efceba0
0x000000001efce9f0:   00007ffcdf2a8280 00007ffcdef70000
0x000000001efcea00:   00000000438b4910 00000000191b7be0
0x000000001efcea10:   8006124000000000 0000000000000000
0x000000001efcea20:   0000000040000000 00000000459532d0
0x000000001efcea30:   0000000240000000 00000004685f0000
0x000000001efcea40:   0000000000000000 0000000000000000
0x000000001efcea50:   0000000018cac800 000000001efcf140
0x000000001efcea60:   0000fab169830380 000000001efceb00
0x000000001efcea70:   00007ffce33d46d0 00007ffce331c366
0x000000001efcea80:   00000000168031b0 000000001efceab8
0x000000001efcea90:   43ebdcc000000001 0000000000000000 

Instructions: (pc=0x00007ffd0b0e8b9c)
0x00007ffd0b0e8b7c:   44 3b c0 44 0f 47 c0 44 89 44 24 38 49 c1 e0 03
0x00007ffd0b0e8b8c:   e8 b3 8a ff ff 48 8d 4c 24 20 ff 15 d4 0a 10 00
0x00007ffd0b0e8b9c:   48 8b 8c 24 c0 00 00 00 48 33 cc e8 94 88 ff ff
0x00007ffd0b0e8bac:   48 81 c4 d8 00 00 00 c3 90 90 90 90 90 90 90 90 


Register to memory mapping:

RAX=0x00007ffcfacef4fa is an unknown value
RBX={method} {0x00000000168031b8} 'allocate' '(J)J' in 'org/moa/gpu/bridge/SparseOffHeapBuffer'
RCX=0x0000000000000000 is an unknown value
RDX=0x000000001efce530 is pointing into the stack for thread: 0x0000000018cac800
RSP=0x000000001efce9a0 is pointing into the stack for thread: 0x0000000018cac800
RBP=0x000000001efcf110 is pointing into the stack for thread: 0x0000000018cac800
RSI=0x00007ffce33d46d0 is an unknown value
RDI=0x000000001efceb00 is pointing into the stack for thread: 0x0000000018cac800
R8 =0x000000001efce4a8 is pointing into the stack for thread: 0x0000000018cac800
R9 =0x000000001efce680 is pointing into the stack for thread: 0x0000000018cac800
R10=0x0000000000000001 is an unknown value
R11=0x000000001efce4a8 is pointing into the stack for thread: 0x0000000018cac800
R12=0x0000000000000000 is an unknown value
R13={method} {0x00000000168031b8} 'allocate' '(J)J' in 'org/moa/gpu/bridge/SparseOffHeapBuffer'
R14=0x000000001efcf140 is pointing into the stack for thread: 0x0000000018cac800
R15=0x0000000018cac800 is a thread


Stack: [0x000000001eed0000,0x000000001efd0000],  sp=0x000000001efce9a0,  free space=1018k
Native frames: (J=compiled Java code, j=interpreted, Vv=VM code, C=native code)
C  [KERNELBASE.dll+0x8b9c]
C  [MSVCR120D.dll+0xfc366]
C  [moa-frontend-lib.dll+0x101197]  viennacl::ocl::error_checker<void>::raise_exception+0xf7
C  [moa-frontend-lib.dll+0xdcd7b]  viennacl::ocl::error_checker<void>::checkError+0x3b
C  [moa-frontend-lib.dll+0x1deb3e]  Java_org_moa_gpu_bridge_SparseOffHeapBuffer_allocate+0x12e
C  0x000000000287d98c

Java frames: (J=compiled Java code, j=interpreted, Vv=VM code)
j  org.moa.gpu.bridge.SparseOffHeapBuffer.allocate(J)J+0
j  org.moa.gpu.bridge.SparseOffHeapBuffer.commit()V+105
j  org.moa.gpu.SparseSGD.lambda$2(Lorg/moa/gpu/bridge/SparseOffHeapBuffer;)V+1
j  org.moa.gpu.SparseSGD$$Lambda$1.run()V+8
j  java.util.concurrent.Executors$RunnableAdapter.call()Ljava/lang/Object;+4
j  java.util.concurrent.FutureTask.run()V+42
j  java.util.concurrent.ThreadPoolExecutor.runWorker(Ljava/util/concurrent/ThreadPoolExecutor$Worker;)V+95
j  java.util.concurrent.ThreadPoolExecutor$Worker.run()V+5
j  java.lang.Thread.run()V+11
v  ~StubRoutines::call_stub

---------------  P R O C E S S  ---------------

Java Threads: ( => current thread )
  0x0000000019287800 JavaThread "pool-2-thread-1" [_thread_blocked, id=3636, stack(0x0000000044d50000,0x0000000044e50000)]
=>0x0000000018cac800 JavaThread "pool-1-thread-1" [_thread_in_native, id=3416, stack(0x000000001eed0000,0x000000001efd0000)]
  0x0000000018911800 JavaThread "Service Thread" daemon [_thread_blocked, id=4384, stack(0x0000000018cc0000,0x0000000018dc0000)]
  0x0000000016ad1800 JavaThread "C1 CompilerThread2" daemon [_thread_blocked, id=2864, stack(0x00000000187c0000,0x00000000188c0000)]
  0x0000000016aaf000 JavaThread "C2 CompilerThread1" daemon [_thread_blocked, id=3236, stack(0x00000000186c0000,0x00000000187c0000)]
  0x0000000016aa5800 JavaThread "C2 CompilerThread0" daemon [_thread_blocked, id=3828, stack(0x00000000185c0000,0x00000000186c0000)]
  0x0000000016aa4000 JavaThread "JDWP Command Reader" daemon [_thread_in_native, id=2764, stack(0x00000000184c0000,0x00000000185c0000)]
  0x0000000016a97800 JavaThread "JDWP Event Helper Thread" daemon [_thread_blocked, id=3300, stack(0x00000000183c0000,0x00000000184c0000)]
  0x0000000016a82000 JavaThread "JDWP Transport Listener: dt_socket" daemon [_thread_blocked, id=4200, stack(0x00000000182c0000,0x00000000183c0000)]
  0x0000000016a88800 JavaThread "Attach Listener" daemon [_thread_blocked, id=200, stack(0x0000000017ee0000,0x0000000017fe0000)]
  0x0000000016a87800 JavaThread "Signal Dispatcher" daemon [_thread_blocked, id=3292, stack(0x0000000017de0000,0x0000000017ee0000)]
  0x0000000016a49000 JavaThread "Finalizer" daemon [_thread_blocked, id=3252, stack(0x0000000017ce0000,0x0000000017de0000)]
  0x0000000002851800 JavaThread "Reference Handler" daemon [_thread_blocked, id=3600, stack(0x0000000017be0000,0x0000000017ce0000)]
  0x000000000274e800 JavaThread "main" [_thread_blocked, id=3796, stack(0x0000000002630000,0x0000000002730000)]

Other Threads:
  0x0000000016a47000 VMThread [stack: 0x0000000017ae0000,0x0000000017be0000] [id=5068]
  0x0000000018914000 WatcherThread [stack: 0x0000000018dc0000,0x0000000018ec0000] [id=4636]

VM state:not at safepoint (normal execution)

VM Mutex/Monitor currently owned by a thread: None

Heap:
 PSYoungGen      total 61952K, used 22796K [0x00000000db100000, 0x00000000df200000, 0x0000000100000000)
  eden space 57344K, 31% used [0x00000000db100000,0x00000000dc2c41e0,0x00000000de900000)
  from space 4608K, 99% used [0x00000000ded80000,0x00000000df1fef10,0x00000000df200000)
  to   space 4608K, 0% used [0x00000000de900000,0x00000000de900000,0x00000000ded80000)
 ParOldGen       total 76800K, used 9883K [0x0000000091200000, 0x0000000095d00000, 0x00000000db100000)
  object space 76800K, 12% used [0x0000000091200000,0x0000000091ba6da8,0x0000000095d00000)
 Metaspace       used 8280K, capacity 8506K, committed 8576K, reserved 1056768K
  class space    used 1062K, capacity 1147K, committed 1152K, reserved 1048576K

Card table byte_map: [0x0000000011c20000,0x0000000011fa0000] byte_map_base: 0x0000000011797000

Marking Bits: (ParMarkBitMap*) 0x0000000052984040
 Begin Bits: [0x00000000125f0000, 0x00000000141a8000)
 End Bits:   [0x00000000141a8000, 0x0000000015d60000)

Polling page: 0x0000000000d80000

CodeCache: size=245760Kb used=2727Kb max_used=2727Kb free=243032Kb
 bounds [0x0000000002860000, 0x0000000002b10000, 0x0000000011860000]
 total_blobs=980 nmethods=683 adapters=219
 compilation: enabled

Compilation events (10 events):
Event: 223.078 Thread 0x0000000016ad1800  679       1       org.moa.gpu.util.DirectMemory::readInt (8 bytes)
Event: 223.079 Thread 0x0000000016ad1800 nmethod 679 0x0000000002b05f10 code [0x0000000002b06060, 0x0000000002b06170]
Event: 264.311 Thread 0x0000000016ad1800  680   !   3       java.lang.invoke.LambdaForm::compileToBytecode (103 bytes)
Event: 264.312 Thread 0x0000000016ad1800 nmethod 680 0x0000000002b07550 code [0x0000000002b07780, 0x0000000002b080d8]
Event: 264.312 Thread 0x0000000016ad1800  681       3       java.lang.invoke.LambdaForm::methodType (8 bytes)
Event: 264.312 Thread 0x0000000016ad1800 nmethod 681 0x0000000002b0bb50 code [0x0000000002b0bcc0, 0x0000000002b0bef8]
Event: 466.426 Thread 0x0000000016ad1800  682       3       org.moa.gpu.util.DirectMemory::writeInt (9 bytes)
Event: 466.427 Thread 0x0000000016ad1800 nmethod 682 0x0000000002b07190 code [0x0000000002b072e0, 0x0000000002b07430]
Event: 466.427 Thread 0x0000000016ad1800  683       1       org.moa.gpu.util.DirectMemory::writeInt (9 bytes)
Event: 466.427 Thread 0x0000000016ad1800 nmethod 683 0x0000000002b0b850 code [0x0000000002b0b9a0, 0x0000000002b0bab0]

GC Heap History (4 events):
Event: 0.941 GC heap before
{Heap before GC invocations=1 (full 0):
 PSYoungGen      total 33280K, used 28672K [0x00000000db100000, 0x00000000dd600000, 0x0000000100000000)
  eden space 28672K, 100% used [0x00000000db100000,0x00000000dcd00000,0x00000000dcd00000)
  from space 4608K, 0% used [0x00000000dd180000,0x00000000dd180000,0x00000000dd600000)
  to   space 4608K, 0% used [0x00000000dcd00000,0x00000000dcd00000,0x00000000dd180000)
 ParOldGen       total 76800K, used 0K [0x0000000091200000, 0x0000000095d00000, 0x00000000db100000)
  object space 76800K, 0% used [0x0000000091200000,0x0000000091200000,0x0000000095d00000)
 Metaspace       used 7015K, capacity 7056K, committed 7168K, reserved 1056768K
  class space    used 924K, capacity 944K, committed 1024K, reserved 1048576K
Event: 0.956 GC heap after
Heap after GC invocations=1 (full 0):
 PSYoungGen      total 33280K, used 4587K [0x00000000db100000, 0x00000000df200000, 0x0000000100000000)
  eden space 28672K, 0% used [0x00000000db100000,0x00000000db100000,0x00000000dcd00000)
  from space 4608K, 99% used [0x00000000dcd00000,0x00000000dd17ae80,0x00000000dd180000)
  to   space 4608K, 0% used [0x00000000ded80000,0x00000000ded80000,0x00000000df200000)
 ParOldGen       total 76800K, used 3615K [0x0000000091200000, 0x0000000095d00000, 0x00000000db100000)
  object space 76800K, 4% used [0x0000000091200000,0x0000000091587e88,0x0000000095d00000)
 Metaspace       used 7015K, capacity 7056K, committed 7168K, reserved 1056768K
  class space    used 924K, capacity 944K, committed 1024K, reserved 1048576K
}
Event: 1.197 GC heap before
{Heap before GC invocations=2 (full 0):
 PSYoungGen      total 33280K, used 33259K [0x00000000db100000, 0x00000000df200000, 0x0000000100000000)
  eden space 28672K, 100% used [0x00000000db100000,0x00000000dcd00000,0x00000000dcd00000)
  from space 4608K, 99% used [0x00000000dcd00000,0x00000000dd17ae80,0x00000000dd180000)
  to   space 4608K, 0% used [0x00000000ded80000,0x00000000ded80000,0x00000000df200000)
 ParOldGen       total 76800K, used 3615K [0x0000000091200000, 0x0000000095d00000, 0x00000000db100000)
  object space 76800K, 4% used [0x0000000091200000,0x0000000091587e88,0x0000000095d00000)
 Metaspace       used 7194K, capacity 7280K, committed 7424K, reserved 1056768K
  class space    used 940K, capacity 976K, committed 1024K, reserved 1048576K
Event: 1.220 GC heap after
Heap after GC invocations=2 (full 0):
 PSYoungGen      total 61952K, used 4603K [0x00000000db100000, 0x00000000df200000, 0x0000000100000000)
  eden space 57344K, 0% used [0x00000000db100000,0x00000000db100000,0x00000000de900000)
  from space 4608K, 99% used [0x00000000ded80000,0x00000000df1fef10,0x00000000df200000)
  to   space 4608K, 0% used [0x00000000de900000,0x00000000de900000,0x00000000ded80000)
 ParOldGen       total 76800K, used 9883K [0x0000000091200000, 0x0000000095d00000, 0x00000000db100000)
  object space 76800K, 12% used [0x0000000091200000,0x0000000091ba6da8,0x0000000095d00000)
 Metaspace       used 7194K, capacity 7280K, committed 7424K, reserved 1056768K
  class space    used 940K, capacity 976K, committed 1024K, reserved 1048576K
}

Deoptimization events (10 events):
Event: 1.127 Thread 0x000000000274e800 Uncommon trap: reason=class_check action=maybe_recompile pc=0x0000000002a3c7f8 method=weka.core.Instances.attribute(I)Lweka/core/Attribute; @ 5
Event: 1.127 Thread 0x000000000274e800 Uncommon trap: reason=class_check action=maybe_recompile pc=0x0000000002a3c7f8 method=weka.core.Instances.attribute(I)Lweka/core/Attribute; @ 5
Event: 1.127 Thread 0x000000000274e800 Uncommon trap: reason=class_check action=maybe_recompile pc=0x0000000002a3c7f8 method=weka.core.Instances.attribute(I)Lweka/core/Attribute; @ 5
Event: 1.127 Thread 0x000000000274e800 Uncommon trap: reason=class_check action=maybe_recompile pc=0x0000000002a3c7f8 method=weka.core.Instances.attribute(I)Lweka/core/Attribute; @ 5
Event: 7.402 Thread 0x000000000274e800 Uncommon trap: reason=unstable_if action=reinterpret pc=0x0000000002a4db9c method=java.util.ArrayList.remove(I)Ljava/lang/Object; @ 31
Event: 7.445 Thread 0x000000000274e800 Uncommon trap: reason=class_check action=maybe_recompile pc=0x0000000002a49cf8 method=java.lang.String.valueOf(Ljava/lang/Object;)Ljava/lang/String; @ 10
Event: 7.449 Thread 0x000000000274e800 Uncommon trap: reason=class_check action=maybe_recompile pc=0x0000000002a49cf8 method=java.lang.String.valueOf(Ljava/lang/Object;)Ljava/lang/String; @ 10
Event: 7.460 Thread 0x000000000274e800 Uncommon trap: reason=class_check action=maybe_recompile pc=0x0000000002a3b094 method=java.util.HashMap.putVal(ILjava/lang/Object;Ljava/lang/Object;ZZ)Ljava/lang/Object; @ 203
Event: 7.490 Thread 0x000000000274e800 Uncommon trap: reason=unstable_if action=reinterpret pc=0x0000000002aac67c method=org.moa.gpu.SparseSGD.trainOnInstanceImpl(Lweka/core/Instance;)V @ 169
Event: 8.507 Thread 0x000000000274e800 Uncommon trap: reason=uninitialized action=reinterpret pc=0x0000000002ab1e78 method=org.moa.gpu.SparseSGD.trainOnInstanceImpl(Lweka/core/Instance;)V @ 188

Internal exceptions (10 events):
Event: 0.493 Thread 0x000000000274e800 Exception <a 'java/security/PrivilegedActionException'> (0x00000000db3bde18) thrown at [C:\re\workspace\8-2-build-windows-amd64-cygwin\jdk8u51\3951\hotspot\src\share\vm\prims\jvm.cpp, line 1382]
Event: 0.495 Thread 0x000000000274e800 Exception <a 'java/lang/ClassNotFoundException': com/sun/org/glassfish/hk2/osgiresourcelocator/ServiceLoader> (0x00000000db3c4e80) thrown at [C:\re\workspace\8-2-build-windows-amd64-cygwin\jdk8u51\3951\hotspot\src\share\vm\classfile\systemDictionary.cpp, lή‘γρί?
Event: 0.499 Thread 0x000000000274e800 Exception <a 'java/lang/NullPointerException'> (0x00000000db3cc830) thrown at [C:\re\workspace\8-2-build-windows-amd64-cygwin\jdk8u51\3951\hotspot\src\share\vm\interpreter\linkResolver.cpp, line 1280]
Event: 0.552 Thread 0x000000000274e800 Exception <a 'java/lang/ArrayIndexOutOfBoundsException'> (0x00000000db447ce0) thrown at [C:\re\workspace\8-2-build-windows-amd64-cygwin\jdk8u51\3951\hotspot\src\share\vm\runtime\sharedRuntime.cpp, line 605]
Event: 0.553 Thread 0x000000000274e800 Exception <a 'java/lang/ArrayIndexOutOfBoundsException'> (0x00000000db448d20) thrown at [C:\re\workspace\8-2-build-windows-amd64-cygwin\jdk8u51\3951\hotspot\src\share\vm\runtime\sharedRuntime.cpp, line 605]
Event: 0.555 Thread 0x000000000274e800 Exception <a 'java/lang/ArrayIndexOutOfBoundsException'> (0x00000000db44ab48) thrown at [C:\re\workspace\8-2-build-windows-amd64-cygwin\jdk8u51\3951\hotspot\src\share\vm\runtime\sharedRuntime.cpp, line 605]
Event: 0.558 Thread 0x000000000274e800 Exception <a 'java/lang/ArrayIndexOutOfBoundsException'> (0x00000000db453a90) thrown at [C:\re\workspace\8-2-build-windows-amd64-cygwin\jdk8u51\3951\hotspot\src\share\vm\runtime\sharedRuntime.cpp, line 605]
Event: 0.558 Thread 0x000000000274e800 Exception <a 'java/lang/ArrayIndexOutOfBoundsException'> (0x00000000db4548a8) thrown at [C:\re\workspace\8-2-build-windows-amd64-cygwin\jdk8u51\3951\hotspot\src\share\vm\runtime\sharedRuntime.cpp, line 605]
Event: 7.443 Thread 0x000000000274e800 Exception <a 'java/lang/NoSuchFieldError': method resolution failed> (0x00000000dbfab608) thrown at [C:\re\workspace\8-2-build-windows-amd64-cygwin\jdk8u51\3951\hotspot\src\share\vm\prims\methodHandles.cpp, line 1125]
Event: 7.448 Thread 0x000000000274e800 Exception <a 'java/lang/NoSuchFieldError': method resolution failed> (0x00000000dbfb9c18) thrown at [C:\re\workspace\8-2-build-windows-amd64-cygwin\jdk8u51\3951\hotspot\src\share\vm\prims\methodHandles.cpp, line 1125]

Events (10 events):
Event: 722.614 Executing VM operation: GetOrSetLocal
Event: 722.615 Executing VM operation: GetOrSetLocal done
Event: 722.615 Executing VM operation: GetOrSetLocal
Event: 722.615 Executing VM operation: GetOrSetLocal done
Event: 722.616 Executing VM operation: GetOrSetLocal
Event: 722.616 Executing VM operation: GetOrSetLocal done
Event: 722.616 Executing VM operation: GetOrSetLocal
Event: 722.616 Executing VM operation: GetOrSetLocal done
Event: 722.617 Executing VM operation: GetOrSetLocal
Event: 722.617 Executing VM operation: GetOrSetLocal done


Dynamic libraries:
0x00007ff69fcd0000 - 0x00007ff69fd07000 	C:\Program Files\Java\jre1.8.0_51\bin\javaw.exe
0x00007ffd0dc20000 - 0x00007ffd0ddcc000 	C:\WINDOWS\SYSTEM32\ntdll.dll
0x00007ffd0d8e0000 - 0x00007ffd0da1e000 	C:\WINDOWS\system32\KERNEL32.DLL
0x00007ffd0b0e0000 - 0x00007ffd0b1f5000 	C:\WINDOWS\system32\KERNELBASE.dll
0x00007ffd09920000 - 0x00007ffd099ae000 	C:\WINDOWS\system32\apphelp.dll
0x00007ffd02590000 - 0x00007ffd025e3000 	C:\WINDOWS\AppPatch\AppPatch64\AcGenral.DLL
0x00007ffd0d830000 - 0x00007ffd0d8da000 	C:\WINDOWS\system32\msvcrt.dll
0x00007ffd0ac20000 - 0x00007ffd0ac4e000 	C:\WINDOWS\SYSTEM32\SspiCli.dll
0x00007ffd0da90000 - 0x00007ffd0dae4000 	C:\WINDOWS\system32\SHLWAPI.dll
0x00007ffd0cc80000 - 0x00007ffd0cdf7000 	C:\WINDOWS\system32\USER32.dll
0x00007ffd0d070000 - 0x00007ffd0d204000 	C:\WINDOWS\system32\ole32.dll
0x00007ffd0b2b0000 - 0x00007ffd0c7c9000 	C:\WINDOWS\system32\SHELL32.dll
0x00007ffd0a360000 - 0x00007ffd0a381000 	C:\WINDOWS\SYSTEM32\USERENV.dll
0x00007ffd0d540000 - 0x00007ffd0d5ea000 	C:\WINDOWS\system32\ADVAPI32.dll
0x00007ffcff2f0000 - 0x00007ffcff30e000 	C:\WINDOWS\SYSTEM32\MPR.dll
0x00007ffd0d3f0000 - 0x00007ffd0d531000 	C:\WINDOWS\system32\RPCRT4.dll
0x00007ffd0da30000 - 0x00007ffd0da89000 	C:\WINDOWS\SYSTEM32\sechost.dll
0x00007ffd0c840000 - 0x00007ffd0ca51000 	C:\WINDOWS\SYSTEM32\combase.dll
0x00007ffd0ce00000 - 0x00007ffd0cf50000 	C:\WINDOWS\system32\GDI32.dll
0x00007ffd0ad80000 - 0x00007ffd0ad95000 	C:\WINDOWS\SYSTEM32\profapi.dll
0x00007ffd092a0000 - 0x00007ffd09352000 	C:\WINDOWS\SYSTEM32\SHCORE.dll
0x00007ffd0daf0000 - 0x00007ffd0db26000 	C:\WINDOWS\system32\IMM32.DLL
0x00007ffd0ca60000 - 0x00007ffd0cbb2000 	C:\WINDOWS\system32\MSCTF.dll
0x00007ffd08850000 - 0x00007ffd08aca000 	C:\WINDOWS\WinSxS\amd64_microsoft.windows.common-controls_6595b64144ccf1df_6.0.9600.17810_none_6240b9c7ecbd0bda\COMCTL32.dll
0x0000000052010000 - 0x00000000520e2000 	C:\Program Files\Java\jre1.8.0_51\bin\msvcr100.dll
0x0000000052180000 - 0x0000000052a03000 	C:\Program Files\Java\jre1.8.0_51\bin\server\jvm.dll
0x00007ffd026b0000 - 0x00007ffd026b9000 	C:\WINDOWS\SYSTEM32\WSOCK32.dll
0x00007ffd08810000 - 0x00007ffd08832000 	C:\WINDOWS\SYSTEM32\WINMM.dll
0x00007ffd08840000 - 0x00007ffd0884a000 	C:\WINDOWS\SYSTEM32\VERSION.dll
0x00007ffd0d3e0000 - 0x00007ffd0d3e7000 	C:\WINDOWS\system32\PSAPI.DLL
0x00007ffd0cf50000 - 0x00007ffd0cfaa000 	C:\WINDOWS\system32\WS2_32.dll
0x00007ffd087e0000 - 0x00007ffd0880a000 	C:\WINDOWS\SYSTEM32\WINMMBASE.dll
0x00007ffd0d210000 - 0x00007ffd0d219000 	C:\WINDOWS\system32\NSI.dll
0x00007ffd0ae50000 - 0x00007ffd0ae9f000 	C:\WINDOWS\SYSTEM32\cfgmgr32.dll
0x00007ffd09b90000 - 0x00007ffd09bb8000 	C:\WINDOWS\SYSTEM32\DEVOBJ.dll
0x00000000534b0000 - 0x00000000534bf000 	C:\Program Files\Java\jre1.8.0_51\bin\verify.dll
0x0000000053480000 - 0x00000000534a9000 	C:\Program Files\Java\jre1.8.0_51\bin\java.dll
0x0000000051fd0000 - 0x0000000052005000 	C:\Program Files\Java\jre1.8.0_51\bin\jdwp.dll
0x0000000051fc0000 - 0x0000000051fc8000 	C:\Program Files\Java\jre1.8.0_51\bin\npt.dll
0x0000000052160000 - 0x0000000052176000 	C:\Program Files\Java\jre1.8.0_51\bin\zip.dll
0x0000000051fb0000 - 0x0000000051fb9000 	C:\Program Files\Java\jre1.8.0_51\bin\dt_socket.dll
0x00007ffd02a40000 - 0x00007ffd02a55000 	C:\WINDOWS\system32\napinsp.dll
0x00007ffd02a60000 - 0x00007ffd02a7a000 	C:\WINDOWS\system32\pnrpnsp.dll
0x00007ffd07e70000 - 0x00007ffd07e8b000 	C:\WINDOWS\system32\NLAapi.dll
0x00007ffd0a660000 - 0x00007ffd0a6b9000 	C:\WINDOWS\System32\mswsock.dll
0x00007ffd0a460000 - 0x00007ffd0a504000 	C:\WINDOWS\SYSTEM32\DNSAPI.dll
0x00007ffd02a80000 - 0x00007ffd02a8d000 	C:\WINDOWS\System32\winrnr.dll
0x00007ffd05e50000 - 0x00007ffd05ebb000 	C:\WINDOWS\System32\fwpuclnt.dll
0x00007ffd03120000 - 0x00007ffd0312a000 	C:\Windows\System32\rasadhlp.dll
0x00007ffcdef70000 - 0x00007ffcdf2e7000 	C:\master_in_progress\hsa_jni\viennacl-frontend\moa-frontend\moa-frontend-lib.dll
0x00007ffd07e30000 - 0x00007ffd07e46000 	C:\WINDOWS\SYSTEM32\OpenCL.dll
0x00007ffceba90000 - 0x00007ffcebba3000 	C:\WINDOWS\SYSTEM32\MSVCP120D.dll
0x00007ffce3220000 - 0x00007ffce3431000 	C:\WINDOWS\SYSTEM32\MSVCR120D.dll
0x0000000051fa0000 - 0x0000000051fad000 	C:\Program Files\Java\jre1.8.0_51\bin\management.dll
0x00007ffcfac80000 - 0x00007ffcfda4a000 	C:\WINDOWS\SYSTEM32\amdocl64.dll
0x00007ffcfaab0000 - 0x00007ffcfabdb000 	C:\WINDOWS\SYSTEM32\OPENGL32.dll
0x00007ffd0d650000 - 0x00007ffd0d82a000 	C:\WINDOWS\system32\SETUPAPI.dll
0x00007ffd03a50000 - 0x00007ffd03bd9000 	C:\WINDOWS\SYSTEM32\dbghelp.dll
0x00007ffcfaa80000 - 0x00007ffcfaaae000 	C:\WINDOWS\SYSTEM32\GLU32.dll
0x00007ffcfa980000 - 0x00007ffcfaa78000 	C:\WINDOWS\SYSTEM32\DDRAW.dll
0x00007ffcfa970000 - 0x00007ffcfa979000 	C:\WINDOWS\SYSTEM32\DCIMAN32.dll
0x00007ffcfa830000 - 0x00007ffcfa970000 	C:\WINDOWS\SYSTEM32\atiadlxx.DLL
0x00007ffd06940000 - 0x00007ffd06abf000 	C:\WINDOWS\SYSTEM32\PROPSYS.dll
0x00007ffd09900000 - 0x00007ffd09912000 	C:\WINDOWS\SYSTEM32\WTSAPI32.dll
0x00007ffd06140000 - 0x00007ffd0616a000 	C:\WINDOWS\SYSTEM32\IPHLPAPI.DLL
0x00007ffd0db50000 - 0x00007ffd0dc11000 	C:\WINDOWS\system32\OLEAUT32.dll
0x00007ffd06120000 - 0x00007ffd0612a000 	C:\WINDOWS\SYSTEM32\WINNSI.DLL
0x00007ffd0b080000 - 0x00007ffd0b0d1000 	C:\WINDOWS\system32\WINTRUST.dll
0x00007ffd0aea0000 - 0x00007ffd0b07f000 	C:\WINDOWS\system32\CRYPT32.dll
0x00007ffd0ae30000 - 0x00007ffd0ae41000 	C:\WINDOWS\system32\MSASN1.dll
0x00007ffcf8d70000 - 0x00007ffcfa829000 	C:\WINDOWS\SYSTEM32\amdocl12cl64.dll
0x00007ffd098d0000 - 0x00007ffd098f1000 	C:\WINDOWS\SYSTEM32\dwmapi.dll
0x00007ffcf8d40000 - 0x00007ffcf8d6c000 	C:\WINDOWS\SYSTEM32\atig6txx.dll
0x0000000052a10000 - 0x0000000053295000 	C:\WINDOWS\SYSTEM32\atiumd6a.dll
0x00007ffd0a390000 - 0x00007ffd0a3d6000 	C:\WINDOWS\SYSTEM32\POWRPROF.dll

VM Arguments:
jvm_args: -agentlib:jdwp=transport=dt_socket,suspend=y,address=localhost:55616 -Dfile.encoding=Cp1252 
java_command: SparseSGDTest C:\master_in_progress\sgd_tests\sgd_test_16384.xml
java_class_path (initial): C:\master_in_progress\hsa_jni\viennacl-frontend\moa-frontend\target\classes;C:\Users\john\.m2\repository\com\typesafe\akka\akka-actor_2.10\2.3.9\akka-actor_2.10-2.3.9.jar;C:\Users\john\.m2\repository\org\scala-lang\scala-library\2.10.4\scala-library-2.10.4.jar;C:\Users\john\.m2\repository\com\typesafe\config\1.2.1\config-1.2.1.jar;C:\Users\john\.m2\repository\com\typesafe\akka\akka-stream-experimental_2.11\1.0-M2\akka-stream-experimental_2.11-1.0-M2.jar;C:\Users\john\.m2\repository\com\typesafe\akka\akka-actor_2.11\2.3.7\akka-actor_2.11-2.3.7.jar;C:\Users\john\.m2\repository\org\reactivestreams\reactive-streams\1.0.0.M3\reactive-streams-1.0.0.M3.jar;C:\Users\john\.m2\repository\junit\junit\4.4\junit-4.4.jar;C:\Users\john\.m2\repository\nz\ac\waikato\cms\weka\weka-dev\3.7.10\weka-dev-3.7.10.jar;C:\Users\john\.m2\repository\net\sf\squirrel-sql\thirdparty-non-maven\java-cup\0.11a\java-cup-0.11a.jar;C:\Users\john\.m2\repository\org\pentaho\pentaho-commons\pentaho-package-manager\1.0.8\pentaho-package-manager-1.0.8.jar;C:\Users\john\.m2\repository\com\nativelibs4java\javacl\1.0.0-RC3\javacl-1.0.0-RC3.jar;C:\Users\john\.m2\repository\com\nativelibs4java\javacl-core\1.0.0-RC3\javacl-core-1.0.0-RC3.jar;C:\Users\john\.m2\repository\com\nativelibs4java\opencl4java\1.0.0-RC3\opencl4java-1.0.0-RC3.jar;C:\Users\john\.m2\repository\com\nativelibs4java\bridj\0.6.2\bridj-0.6.2.jar;C:\Users\john\.m2\repository\com\google\android\tools\dx\1.7\dx-1.7.jar;C:\Users\john\.m2\repository\com\nativelibs4java\nativelibs4java-utils\1.5\nativelibs4java-utils-1.5.jar;C:\Users\john\.m2\repository\nz\ac\waikato\cms\moa\moa\2013.11\moa-2013.11.jar;C:\Users\john\.m2\repository\com\googlecode\sizeofag\sizeofag\1.0.0\sizeofag-1.0.0.jar
Launcher Type: SUN_STANDARD

Environment Variables:
PATH=C:/Program Files/Java/jre1.8.0_51/bin/server;C:/Program Files/Java/jre1.8.0_51/bin;C:/Program Files/Java/jre1.8.0_51/lib/amd64;C:\ProgramData\Oracle\Java\javapath;C:\WINDOWS\system32;C:\WINDOWS;C:\WINDOWS\System32\Wbem;C:\WINDOWS\System32\WindowsPowerShell\v1.0\;C:\Program Files (x86)\AMD\ATI.ACE\Core-Static;C:\Program Files (x86)\Windows Kits\8.1\Windows Performance Toolkit\;C:\Program Files (x86)\Microsoft SDKs\TypeScript\1.0\;C:\Program Files\Microsoft SQL Server\110\Tools\Binn\;C:\Program Files (x86)\AMD APP SDK\3.0-0-Beta\bin\x86_64;C:\Program Files (x86)\AMD APP SDK\3.0-0-Beta\bin\x86;C:\Program Files\Microsoft\Web Platform Installer\;F:\GNUPLOT\bin;C:\Applications\eclipse-mars;
USERNAME=john
OS=Windows_NT
PROCESSOR_IDENTIFIER=AMD64 Family 21 Model 48 Stepping 1, AuthenticAMD



---------------  S Y S T E M  ---------------

OS: Windows 8.1 , 64 bit Build 9600 (6.3.9600.17415)

CPU:total 4 (4 cores per cpu, 1 threads per core) family 21 model 48 stepping 1, cmov, cx8, fxsr, mmx, sse, sse2, sse3, ssse3, sse4.1, sse4.2, popcnt, avx, aes, clmul, mmxext, 3dnowpref, lzcnt, sse4a, tsc, tscinvbit, tscinv, bmi1

Memory: 4k page, physical 7260324k(768592k free), swap 15314668k(2356824k free)

vm_info: Java HotSpot(TM) 64-Bit Server VM (25.51-b03) for windows-amd64 JRE (1.8.0_51-b16), built on Jun  8 2015 18:03:07 by "java_re" with MS VC++ 10.0 (VS2010)

time: Mon Aug 03 22:02:35 2015
elapsed time: 734 seconds (0d 0h 12m 14s)

