#
# A fatal error has been detected by the Java Runtime Environment:
#
#  EXCEPTION_UNCAUGHT_CXX_EXCEPTION (0xe06d7363) at pc=0x00007ffd0b0e8b9c, pid=3596, tid=3444
#
# JRE version: Java(TM) SE Runtime Environment (8.0_45-b15) (build 1.8.0_45-b15)
# Java VM: Java HotSpot(TM) 64-Bit Server VM (25.45-b02 mixed mode windows-amd64 compressed oops)
# Problematic frame:
# C  [KERNELBASE.dll+0x8b9c]
#
# Failed to write core dump. Minidumps are not enabled by default on client versions of Windows
#
# If you would like to submit a bug report, please visit:
#   http://bugreport.java.com/bugreport/crash.jsp
# The crash happened outside the Java Virtual Machine in native code.
# See problematic frame for where to report the bug.
#

---------------  T H R E A D  ---------------

Current thread (0x0000000018ee3800):  JavaThread "pool-1-thread-1" [_thread_in_native, id=3444, stack(0x000000001eae0000,0x000000001ebe0000)]

siginfo: ExceptionCode=0xe06d7363, ExceptionInformation=0x0000000019930520 0x000000001ebdea40 0x00007ffcdec38280 0x00007ffcde900000 

Registers:
RAX=0x0000000000000128, RBX=0x0000000016825a70, RCX=0x0000000000000013, RDX=0x00007ffd0dcca56a
RSP=0x000000001ebde840, RBP=0x000000001ebdefa8, RSI=0x00007ffcde7746d0, RDI=0x000000001ebde9a0
R8 =0x00007ffd0dd12d82, R9 =0x0000000000cf0000, R10=0x0000000000000000, R11=0x000000001ebde348
R12=0x0000000000000000, R13=0x0000000016825a70, R14=0x000000001ebdefd8, R15=0x0000000018ee3800
RIP=0x00007ffd0b0e8b9c, EFLAGS=0x0000000000000200

Top of Stack: (sp=0x000000001ebde840)
0x000000001ebde840:   0000000000000000 0000000016825a70
0x000000001ebde850:   00007ffcde7746d0 000000001ebde9a0
0x000000001ebde860:   00000001e06d7363 0000000000000000
0x000000001ebde870:   00007ffd0b0e8b9c 0000000000000004
0x000000001ebde880:   0000000019930520 000000001ebdea40
0x000000001ebde890:   00007ffcdec38280 00007ffcde900000
0x000000001ebde8a0:   0000000043afe470 0000000018cb7c70
0x000000001ebde8b0:   4006124000000000 0000000000000000
0x000000001ebde8c0:   0000000040000000 000000003f441e00
0x000000001ebde8d0:   0000000240000000 0000000465b30000
0x000000001ebde8e0:   0000000000000000 0000000000000000
0x000000001ebde8f0:   0000000018ee3800 000000001ebdefd8
0x000000001ebde900:   0000c69ba187b021 000000001ebde9a0
0x000000001ebde910:   00007ffcde7746d0 00007ffcde6bc366
0x000000001ebde920:   0000000016825a70 000000001ebde958
0x000000001ebde930:   baadf00000000001 0000000000000000 

Instructions: (pc=0x00007ffd0b0e8b9c)
0x00007ffd0b0e8b7c:   44 3b c0 44 0f 47 c0 44 89 44 24 38 49 c1 e0 03
0x00007ffd0b0e8b8c:   e8 b3 8a ff ff 48 8d 4c 24 20 ff 15 d4 0a 10 00
0x00007ffd0b0e8b9c:   48 8b 8c 24 c0 00 00 00 48 33 cc e8 94 88 ff ff
0x00007ffd0b0e8bac:   48 81 c4 d8 00 00 00 c3 90 90 90 90 90 90 90 90 


Register to memory mapping:

RAX=0x0000000000000128 is an unknown value
RBX={method} {0x0000000016825a78} 'allocate' '(J)J' in 'org/moa/gpu/bridge/SparseOffHeapBuffer'
RCX=0x0000000000000013 is an unknown value
RDX=0x00007ffd0dcca56a is an unknown value
RSP=0x000000001ebde840 is pointing into the stack for thread: 0x0000000018ee3800
RBP=0x000000001ebdefa8 is pointing into the stack for thread: 0x0000000018ee3800
RSI=0x00007ffcde7746d0 is an unknown value
RDI=0x000000001ebde9a0 is pointing into the stack for thread: 0x0000000018ee3800
R8 =0x00007ffd0dd12d82 is an unknown value
R9 =0x0000000000cf0000 is an unknown value
R10=0x0000000000000000 is an unknown value
R11=0x000000001ebde348 is pointing into the stack for thread: 0x0000000018ee3800
R12=0x0000000000000000 is an unknown value
R13={method} {0x0000000016825a78} 'allocate' '(J)J' in 'org/moa/gpu/bridge/SparseOffHeapBuffer'
R14=0x000000001ebdefd8 is pointing into the stack for thread: 0x0000000018ee3800
R15=0x0000000018ee3800 is a thread


Stack: [0x000000001eae0000,0x000000001ebe0000],  sp=0x000000001ebde840,  free space=1018k
Native frames: (J=compiled Java code, j=interpreted, Vv=VM code, C=native code)
C  [KERNELBASE.dll+0x8b9c]
C  [MSVCR120D.dll+0xfc366]
C  [moa-frontend-lib.dll+0x101197]  viennacl::ocl::error_checker<void>::raise_exception+0xf7
C  [moa-frontend-lib.dll+0xdcd7b]  viennacl::ocl::error_checker<void>::checkError+0x3b
C  [moa-frontend-lib.dll+0x1deb3e]  Java_org_moa_gpu_bridge_SparseOffHeapBuffer_allocate+0x12e
C  0x00000000029557f4

Java frames: (J=compiled Java code, j=interpreted, Vv=VM code)
j  org.moa.gpu.bridge.SparseOffHeapBuffer.allocate(J)J+0
J 689 C2 org.moa.gpu.bridge.SparseOffHeapBuffer.commit()V (289 bytes) @ 0x0000000002bdb130 [0x0000000002bdaf60+0x1d0]
j  org.moa.gpu.SparseSGD.lambda$2(Lorg/moa/gpu/bridge/SparseOffHeapBuffer;)V+1
j  org.moa.gpu.SparseSGD$$Lambda$1.run()V+8
j  java.util.concurrent.Executors$RunnableAdapter.call()Ljava/lang/Object;+4
j  java.util.concurrent.FutureTask.run()V+42
j  java.util.concurrent.ThreadPoolExecutor.runWorker(Ljava/util/concurrent/ThreadPoolExecutor$Worker;)V+95
j  java.util.concurrent.ThreadPoolExecutor$Worker.run()V+5
j  java.lang.Thread.run()V+11
v  ~StubRoutines::call_stub

---------------  P R O C E S S  ---------------

Java Threads: ( => current thread )
  0x0000000018f03000 JavaThread "pool-2-thread-1" [_thread_in_native, id=3600, stack(0x0000000044970000,0x0000000044a70000)]
=>0x0000000018ee3800 JavaThread "pool-1-thread-1" [_thread_in_native, id=3444, stack(0x000000001eae0000,0x000000001ebe0000)]
  0x00000000183e9000 JavaThread "Service Thread" daemon [_thread_blocked, id=4372, stack(0x00000000187c0000,0x00000000188c0000)]
  0x0000000016b69800 JavaThread "C1 CompilerThread2" daemon [_thread_blocked, id=2340, stack(0x00000000182c0000,0x00000000183c0000)]
  0x0000000016b67000 JavaThread "C2 CompilerThread1" daemon [_thread_blocked, id=3796, stack(0x00000000181c0000,0x00000000182c0000)]
  0x0000000016b5c800 JavaThread "C2 CompilerThread0" daemon [_thread_blocked, id=2072, stack(0x00000000180c0000,0x00000000181c0000)]
  0x0000000016b59800 JavaThread "Attach Listener" daemon [_thread_blocked, id=1220, stack(0x0000000017fc0000,0x00000000180c0000)]
  0x0000000016b57800 JavaThread "Signal Dispatcher" daemon [_thread_blocked, id=4196, stack(0x0000000017ec0000,0x0000000017fc0000)]
  0x000000000293c800 JavaThread "Finalizer" daemon [_thread_blocked, id=5040, stack(0x0000000017dc0000,0x0000000017ec0000)]
  0x0000000002935000 JavaThread "Reference Handler" daemon [_thread_blocked, id=2740, stack(0x0000000017cc0000,0x0000000017dc0000)]
  0x00000000026cd800 JavaThread "main" [_thread_blocked, id=5068, stack(0x0000000002740000,0x0000000002840000)]

Other Threads:
  0x0000000016b29000 VMThread [stack: 0x0000000017bc0000,0x0000000017cc0000] [id=2500]
  0x00000000183f4800 WatcherThread [stack: 0x00000000188c0000,0x00000000189c0000] [id=4000]

VM state:not at safepoint (normal execution)

VM Mutex/Monitor currently owned by a thread: None

Heap:
 PSYoungGen      total 61952K, used 20380K [0x00000000db100000, 0x00000000df200000, 0x0000000100000000)
  eden space 57344K, 27% used [0x00000000db100000,0x00000000dc06c1d0,0x00000000de900000)
  from space 4608K, 99% used [0x00000000ded80000,0x00000000df1faf28,0x00000000df200000)
  to   space 4608K, 0% used [0x00000000de900000,0x00000000de900000,0x00000000ded80000)
 ParOldGen       total 76800K, used 10115K [0x0000000091200000, 0x0000000095d00000, 0x00000000db100000)
  object space 76800K, 13% used [0x0000000091200000,0x0000000091be0da8,0x0000000095d00000)
 Metaspace       used 8455K, capacity 8694K, committed 8832K, reserved 1056768K
  class space    used 1058K, capacity 1147K, committed 1152K, reserved 1048576K

Card table byte_map: [0x0000000011d00000,0x0000000012080000] byte_map_base: 0x0000000011877000

Marking Bits: (ParMarkBitMap*) 0x0000000051f84040
 Begin Bits: [0x00000000126d0000, 0x0000000014288000)
 End Bits:   [0x0000000014288000, 0x0000000015e40000)

Polling page: 0x0000000001010000

CodeCache: size=245760Kb used=2653Kb max_used=2666Kb free=243106Kb
 bounds [0x0000000002940000, 0x0000000002be0000, 0x0000000011940000]
 total_blobs=991 nmethods=686 adapters=219
 compilation: enabled

Compilation events (10 events):
Event: 24.621 Thread 0x0000000016b69800  685       1       org.moa.gpu.util.DirectMemory::readInt (8 bytes)
Event: 24.621 Thread 0x0000000016b69800 nmethod 685 0x0000000002bd7d90 code [0x0000000002bd7ee0, 0x0000000002bd7ff0]
Event: 25.606 Thread 0x0000000016b69800  686   !   3       java.lang.invoke.LambdaForm::compileToBytecode (103 bytes)
Event: 25.607 Thread 0x0000000016b5c800  688 %     4       org.moa.gpu.bridge.SparseOffHeapBuffer::commit @ 20 (289 bytes)
Event: 25.607 Thread 0x0000000016b69800 nmethod 686 0x0000000002bd6d10 code [0x0000000002bd6f40, 0x0000000002bd7858]
Event: 25.607 Thread 0x0000000016b69800  687       3       java.lang.invoke.LambdaForm::methodType (8 bytes)
Event: 25.608 Thread 0x0000000016b69800 nmethod 687 0x0000000002bd68d0 code [0x0000000002bd6a40, 0x0000000002bd6c78]
Event: 25.619 Thread 0x0000000016b5c800 nmethod 688% 0x0000000002bda0d0 code [0x0000000002bda260, 0x0000000002bda848]
Event: 29.548 Thread 0x0000000016b67000  689       4       org.moa.gpu.bridge.SparseOffHeapBuffer::commit (289 bytes)
Event: 29.561 Thread 0x0000000016b67000 nmethod 689 0x0000000002bdadd0 code [0x0000000002bdaf60, 0x0000000002bdb488]

GC Heap History (4 events):
Event: 1.030 GC heap before
{Heap before GC invocations=1 (full 0):
 PSYoungGen      total 33280K, used 28672K [0x00000000db100000, 0x00000000dd600000, 0x0000000100000000)
  eden space 28672K, 100% used [0x00000000db100000,0x00000000dcd00000,0x00000000dcd00000)
  from space 4608K, 0% used [0x00000000dd180000,0x00000000dd180000,0x00000000dd600000)
  to   space 4608K, 0% used [0x00000000dcd00000,0x00000000dcd00000,0x00000000dd180000)
 ParOldGen       total 76800K, used 0K [0x0000000091200000, 0x0000000095d00000, 0x00000000db100000)
  object space 76800K, 0% used [0x0000000091200000,0x0000000091200000,0x0000000095d00000)
 Metaspace       used 7267K, capacity 7312K, committed 7424K, reserved 1056768K
  class space    used 924K, capacity 944K, committed 1024K, reserved 1048576K
Event: 1.045 GC heap after
Heap after GC invocations=1 (full 0):
 PSYoungGen      total 33280K, used 4576K [0x00000000db100000, 0x00000000df200000, 0x0000000100000000)
  eden space 28672K, 0% used [0x00000000db100000,0x00000000db100000,0x00000000dcd00000)
  from space 4608K, 99% used [0x00000000dcd00000,0x00000000dd1780d0,0x00000000dd180000)
  to   space 4608K, 0% used [0x00000000ded80000,0x00000000ded80000,0x00000000df200000)
 ParOldGen       total 76800K, used 3855K [0x0000000091200000, 0x0000000095d00000, 0x00000000db100000)
  object space 76800K, 5% used [0x0000000091200000,0x00000000915c3e88,0x0000000095d00000)
 Metaspace       used 7267K, capacity 7312K, committed 7424K, reserved 1056768K
  class space    used 924K, capacity 944K, committed 1024K, reserved 1048576K
}
Event: 1.266 GC heap before
{Heap before GC invocations=2 (full 0):
 PSYoungGen      total 33280K, used 33169K [0x00000000db100000, 0x00000000df200000, 0x0000000100000000)
  eden space 28672K, 99% used [0x00000000db100000,0x00000000dccec440,0x00000000dcd00000)
  from space 4608K, 99% used [0x00000000dcd00000,0x00000000dd1780d0,0x00000000dd180000)
  to   space 4608K, 0% used [0x00000000ded80000,0x00000000ded80000,0x00000000df200000)
 ParOldGen       total 76800K, used 3855K [0x0000000091200000, 0x0000000095d00000, 0x00000000db100000)
  object space 76800K, 5% used [0x0000000091200000,0x00000000915c3e88,0x0000000095d00000)
 Metaspace       used 7446K, capacity 7536K, committed 7680K, reserved 1056768K
  class space    used 940K, capacity 976K, committed 1024K, reserved 1048576K
Event: 1.284 GC heap after
Heap after GC invocations=2 (full 0):
 PSYoungGen      total 61952K, used 4587K [0x00000000db100000, 0x00000000df200000, 0x0000000100000000)
  eden space 57344K, 0% used [0x00000000db100000,0x00000000db100000,0x00000000de900000)
  from space 4608K, 99% used [0x00000000ded80000,0x00000000df1faf28,0x00000000df200000)
  to   space 4608K, 0% used [0x00000000de900000,0x00000000de900000,0x00000000ded80000)
 ParOldGen       total 76800K, used 10115K [0x0000000091200000, 0x0000000095d00000, 0x00000000db100000)
  object space 76800K, 13% used [0x0000000091200000,0x0000000091be0da8,0x0000000095d00000)
 Metaspace       used 7446K, capacity 7536K, committed 7680K, reserved 1056768K
  class space    used 940K, capacity 976K, committed 1024K, reserved 1048576K
}

Deoptimization events (10 events):
Event: 1.174 Thread 0x00000000026cd800 Uncommon trap: reason=unstable_if action=reinterpret pc=0x0000000002b1f460 method=weka.core.Attribute.setMetadata(Lweka/core/ProtectedProperties;)V @ 52
Event: 1.192 Thread 0x00000000026cd800 Uncommon trap: reason=class_check action=maybe_recompile pc=0x0000000002b1593c method=weka.core.Instances.attribute(I)Lweka/core/Attribute; @ 5
Event: 1.192 Thread 0x00000000026cd800 Uncommon trap: reason=class_check action=maybe_recompile pc=0x0000000002b1593c method=weka.core.Instances.attribute(I)Lweka/core/Attribute; @ 5
Event: 1.192 Thread 0x00000000026cd800 Uncommon trap: reason=class_check action=maybe_recompile pc=0x0000000002b1593c method=weka.core.Instances.attribute(I)Lweka/core/Attribute; @ 5
Event: 1.192 Thread 0x00000000026cd800 Uncommon trap: reason=class_check action=maybe_recompile pc=0x0000000002b1593c method=weka.core.Instances.attribute(I)Lweka/core/Attribute; @ 5
Event: 23.592 Thread 0x00000000026cd800 Uncommon trap: reason=class_check action=maybe_recompile pc=0x0000000002b153b8 method=java.lang.String.valueOf(Ljava/lang/Object;)Ljava/lang/String; @ 10
Event: 23.595 Thread 0x00000000026cd800 Uncommon trap: reason=class_check action=maybe_recompile pc=0x0000000002b153b8 method=java.lang.String.valueOf(Ljava/lang/Object;)Ljava/lang/String; @ 10
Event: 23.607 Thread 0x00000000026cd800 Uncommon trap: reason=class_check action=maybe_recompile pc=0x0000000002b2776c method=java.util.HashMap.putVal(ILjava/lang/Object;Ljava/lang/Object;ZZ)Ljava/lang/Object; @ 203
Event: 23.628 Thread 0x00000000026cd800 Uncommon trap: reason=unstable_if action=reinterpret pc=0x0000000002b796dc method=org.moa.gpu.SparseSGD.trainOnInstanceImpl(Lweka/core/Instance;)V @ 169
Event: 24.466 Thread 0x00000000026cd800 Uncommon trap: reason=uninitialized action=reinterpret pc=0x0000000002b77014 method=org.moa.gpu.SparseSGD.trainOnInstanceImpl(Lweka/core/Instance;)V @ 188

Internal exceptions (10 events):
Event: 0.669 Thread 0x00000000026cd800 Exception <a 'java/security/PrivilegedActionException'> (0x00000000db32fe08) thrown at [C:\re\workspace\8-2-build-windows-amd64-cygwin\jdk8u45\3627\hotspot\src\share\vm\prims\jvm.cpp, line 1382]
Event: 0.670 Thread 0x00000000026cd800 Exception <a 'java/lang/ClassNotFoundException': com/sun/org/glassfish/hk2/osgiresourcelocator/ServiceLoader> (0x00000000db336e70) thrown at [C:\re\workspace\8-2-build-windows-amd64-cygwin\jdk8u45\3627\hotspot\src\share\vm\classfile\systemDictionary.cpp, l—*§Â?
Event: 0.676 Thread 0x00000000026cd800 Exception <a 'java/lang/NullPointerException'> (0x00000000db33eab0) thrown at [C:\re\workspace\8-2-build-windows-amd64-cygwin\jdk8u45\3627\hotspot\src\share\vm\interpreter\linkResolver.cpp, line 1280]
Event: 0.731 Thread 0x00000000026cd800 Exception <a 'java/lang/ArrayIndexOutOfBoundsException'> (0x00000000db3b9e30) thrown at [C:\re\workspace\8-2-build-windows-amd64-cygwin\jdk8u45\3627\hotspot\src\share\vm\runtime\sharedRuntime.cpp, line 605]
Event: 0.732 Thread 0x00000000026cd800 Exception <a 'java/lang/ArrayIndexOutOfBoundsException'> (0x00000000db3bae70) thrown at [C:\re\workspace\8-2-build-windows-amd64-cygwin\jdk8u45\3627\hotspot\src\share\vm\runtime\sharedRuntime.cpp, line 605]
Event: 0.734 Thread 0x00000000026cd800 Exception <a 'java/lang/ArrayIndexOutOfBoundsException'> (0x00000000db3bcc98) thrown at [C:\re\workspace\8-2-build-windows-amd64-cygwin\jdk8u45\3627\hotspot\src\share\vm\runtime\sharedRuntime.cpp, line 605]
Event: 0.737 Thread 0x00000000026cd800 Exception <a 'java/lang/ArrayIndexOutOfBoundsException'> (0x00000000db3c5ad0) thrown at [C:\re\workspace\8-2-build-windows-amd64-cygwin\jdk8u45\3627\hotspot\src\share\vm\runtime\sharedRuntime.cpp, line 605]
Event: 0.737 Thread 0x00000000026cd800 Exception <a 'java/lang/ArrayIndexOutOfBoundsException'> (0x00000000db3c68e8) thrown at [C:\re\workspace\8-2-build-windows-amd64-cygwin\jdk8u45\3627\hotspot\src\share\vm\runtime\sharedRuntime.cpp, line 605]
Event: 23.592 Thread 0x00000000026cd800 Exception <a 'java/lang/NoSuchFieldError': method resolution failed> (0x00000000dbdeb388) thrown at [C:\re\workspace\8-2-build-windows-amd64-cygwin\jdk8u45\3627\hotspot\src\share\vm\prims\methodHandles.cpp, line 1125]
Event: 23.595 Thread 0x00000000026cd800 Exception <a 'java/lang/NoSuchFieldError': method resolution failed> (0x00000000dbdf9998) thrown at [C:\re\workspace\8-2-build-windows-amd64-cygwin\jdk8u45\3627\hotspot\src\share\vm\prims\methodHandles.cpp, line 1125]

Events (10 events):
Event: 24.484 loading class java/util/concurrent/locks/LockSupport done
Event: 24.510 Thread 0x0000000018ee3800 DEOPT PACKING pc=0x0000000002bd28a3 sp=0x000000001ebdeed0
Event: 24.510 Thread 0x0000000018ee3800 DEOPT UNPACKING pc=0x000000000298747f sp=0x000000001ebdecb0 mode 0
Event: 25.605 loading class org/moa/gpu/bridge/SparseOffHeapBuffer
Event: 25.605 loading class org/moa/gpu/bridge/SparseOffHeapBuffer done
Event: 25.606 loading class org/moa/gpu/SparseSGD
Event: 25.606 loading class org/moa/gpu/SparseSGD done
Event: 25.606 Thread 0x0000000018f03000 Thread added: 0x0000000018f03000
Event: 29.548 Thread 0x0000000018ee3800 DEOPT PACKING pc=0x0000000002bd0518 sp=0x000000001ebdef40
Event: 29.548 Thread 0x0000000018ee3800 DEOPT UNPACKING pc=0x000000000298747f sp=0x000000001ebdecb0 mode 0


Dynamic libraries:
0x00007ff758f30000 - 0x00007ff758f67000 	C:\Program Files\Java\jdk1.8.0_45\bin\java.exe
0x00007ffd0dc20000 - 0x00007ffd0ddcc000 	C:\WINDOWS\SYSTEM32\ntdll.dll
0x00007ffd0d8e0000 - 0x00007ffd0da1e000 	C:\WINDOWS\system32\KERNEL32.DLL
0x00007ffd0b0e0000 - 0x00007ffd0b1f5000 	C:\WINDOWS\system32\KERNELBASE.dll
0x00007ffd09920000 - 0x00007ffd099ae000 	C:\WINDOWS\system32\apphelp.dll
0x00007ffcff320000 - 0x00007ffcff373000 	C:\WINDOWS\AppPatch\AppPatch64\AcGenral.DLL
0x00007ffd0d830000 - 0x00007ffd0d8da000 	C:\WINDOWS\system32\msvcrt.dll
0x00007ffd0ac20000 - 0x00007ffd0ac4e000 	C:\WINDOWS\SYSTEM32\SspiCli.dll
0x00007ffd0da90000 - 0x00007ffd0dae4000 	C:\WINDOWS\system32\SHLWAPI.dll
0x00007ffd0cc80000 - 0x00007ffd0cdf7000 	C:\WINDOWS\system32\USER32.dll
0x00007ffd0d070000 - 0x00007ffd0d204000 	C:\WINDOWS\system32\ole32.dll
0x00007ffd0b2b0000 - 0x00007ffd0c7c9000 	C:\WINDOWS\system32\SHELL32.dll
0x00007ffd0a360000 - 0x00007ffd0a381000 	C:\WINDOWS\SYSTEM32\USERENV.dll
0x00007ffd0d540000 - 0x00007ffd0d5ea000 	C:\WINDOWS\system32\ADVAPI32.dll
0x00007ffcff2f0000 - 0x00007ffcff30e000 	C:\WINDOWS\SYSTEM32\MPR.dll
0x00007ffd0d3f0000 - 0x00007ffd0d531000 	C:\WINDOWS\system32\RPCRT4.dll
0x00007ffd0da30000 - 0x00007ffd0da89000 	C:\WINDOWS\SYSTEM32\sechost.dll
0x00007ffd0c840000 - 0x00007ffd0ca51000 	C:\WINDOWS\SYSTEM32\combase.dll
0x00007ffd0ce00000 - 0x00007ffd0cf50000 	C:\WINDOWS\system32\GDI32.dll
0x00007ffd0ad80000 - 0x00007ffd0ad95000 	C:\WINDOWS\SYSTEM32\profapi.dll
0x00007ffd092a0000 - 0x00007ffd09352000 	C:\WINDOWS\SYSTEM32\SHCORE.dll
0x00007ffd0daf0000 - 0x00007ffd0db26000 	C:\WINDOWS\system32\IMM32.DLL
0x00007ffd0ca60000 - 0x00007ffd0cbb2000 	C:\WINDOWS\system32\MSCTF.dll
0x00007ffd08850000 - 0x00007ffd08aca000 	C:\WINDOWS\WinSxS\amd64_microsoft.windows.common-controls_6595b64144ccf1df_6.0.9600.17810_none_6240b9c7ecbd0bda\COMCTL32.dll
0x0000000052010000 - 0x00000000520e2000 	C:\Program Files\Java\jdk1.8.0_45\jre\bin\msvcr100.dll
0x0000000051780000 - 0x0000000052003000 	C:\Program Files\Java\jdk1.8.0_45\jre\bin\server\jvm.dll
0x00007ffd026b0000 - 0x00007ffd026b9000 	C:\WINDOWS\SYSTEM32\WSOCK32.dll
0x00007ffd08810000 - 0x00007ffd08832000 	C:\WINDOWS\SYSTEM32\WINMM.dll
0x00007ffd08840000 - 0x00007ffd0884a000 	C:\WINDOWS\SYSTEM32\VERSION.dll
0x00007ffd0d3e0000 - 0x00007ffd0d3e7000 	C:\WINDOWS\system32\PSAPI.DLL
0x00007ffd0cf50000 - 0x00007ffd0cfaa000 	C:\WINDOWS\system32\WS2_32.dll
0x00007ffd087e0000 - 0x00007ffd0880a000 	C:\WINDOWS\SYSTEM32\WINMMBASE.dll
0x00007ffd0d210000 - 0x00007ffd0d219000 	C:\WINDOWS\system32\NSI.dll
0x00007ffd0ae50000 - 0x00007ffd0ae9f000 	C:\WINDOWS\SYSTEM32\cfgmgr32.dll
0x00007ffd09b90000 - 0x00007ffd09bb8000 	C:\WINDOWS\SYSTEM32\DEVOBJ.dll
0x0000000051770000 - 0x000000005177f000 	C:\Program Files\Java\jdk1.8.0_45\jre\bin\verify.dll
0x0000000051740000 - 0x0000000051769000 	C:\Program Files\Java\jdk1.8.0_45\jre\bin\java.dll
0x0000000051720000 - 0x0000000051736000 	C:\Program Files\Java\jdk1.8.0_45\jre\bin\zip.dll
0x00007ffcde900000 - 0x00007ffcdec77000 	C:\master_in_progress\hsa_jni\viennacl-frontend\moa-frontend\moa-frontend-lib.dll
0x00007ffd025a0000 - 0x00007ffd025b6000 	C:\WINDOWS\SYSTEM32\OpenCL.dll
0x00007ffcde7e0000 - 0x00007ffcde8f3000 	C:\WINDOWS\SYSTEM32\MSVCP120D.dll
0x00007ffcde5c0000 - 0x00007ffcde7d1000 	C:\WINDOWS\SYSTEM32\MSVCR120D.dll
0x0000000051710000 - 0x000000005171d000 	C:\Program Files\Java\jdk1.8.0_45\jre\bin\management.dll
0x00007ffcfac80000 - 0x00007ffcfda4a000 	C:\WINDOWS\SYSTEM32\amdocl64.dll
0x00007ffcfaab0000 - 0x00007ffcfabdb000 	C:\WINDOWS\SYSTEM32\OPENGL32.dll
0x00007ffd0d650000 - 0x00007ffd0d82a000 	C:\WINDOWS\system32\SETUPAPI.dll
0x00007ffd03a50000 - 0x00007ffd03bd9000 	C:\WINDOWS\SYSTEM32\dbghelp.dll
0x00007ffcfaa80000 - 0x00007ffcfaaae000 	C:\WINDOWS\SYSTEM32\GLU32.dll
0x00007ffcfa980000 - 0x00007ffcfaa78000 	C:\WINDOWS\SYSTEM32\DDRAW.dll
0x00007ffcfa970000 - 0x00007ffcfa979000 	C:\WINDOWS\SYSTEM32\DCIMAN32.dll
0x00007ffcfa830000 - 0x00007ffcfa970000 	C:\WINDOWS\SYSTEM32\atiadlxx.DLL
0x00007ffd06940000 - 0x00007ffd06abf000 	C:\WINDOWS\SYSTEM32\PROPSYS.dll
0x00007ffd09900000 - 0x00007ffd09912000 	C:\WINDOWS\SYSTEM32\WTSAPI32.dll
0x00007ffd06140000 - 0x00007ffd0616a000 	C:\WINDOWS\SYSTEM32\IPHLPAPI.DLL
0x00007ffd0db50000 - 0x00007ffd0dc11000 	C:\WINDOWS\system32\OLEAUT32.dll
0x00007ffd06120000 - 0x00007ffd0612a000 	C:\WINDOWS\SYSTEM32\WINNSI.DLL
0x00007ffd0b080000 - 0x00007ffd0b0d1000 	C:\WINDOWS\system32\WINTRUST.dll
0x00007ffd0aea0000 - 0x00007ffd0b07f000 	C:\WINDOWS\system32\CRYPT32.dll
0x00007ffd0ae30000 - 0x00007ffd0ae41000 	C:\WINDOWS\system32\MSASN1.dll
0x00007ffcf8d70000 - 0x00007ffcfa829000 	C:\WINDOWS\SYSTEM32\amdocl12cl64.dll
0x00007ffd098d0000 - 0x00007ffd098f1000 	C:\WINDOWS\SYSTEM32\dwmapi.dll
0x00007ffcf8d40000 - 0x00007ffcf8d6c000 	C:\WINDOWS\SYSTEM32\atig6txx.dll
0x0000000052a10000 - 0x0000000053295000 	C:\WINDOWS\SYSTEM32\atiumd6a.dll
0x00007ffd0a390000 - 0x00007ffd0a3d6000 	C:\WINDOWS\SYSTEM32\POWRPROF.dll

VM Arguments:
java_command: SparseSGDTest C:\master_in_progress\sgd_tests\sgd_test_16384.xml
java_class_path (initial): C:\master_in_progress\hsa_jni\viennacl-frontend\moa-frontend\target\classes;C:\Users\john\.m2\repository\com\typesafe\akka\akka-actor_2.10\2.3.9\akka-actor_2.10-2.3.9.jar;C:\Users\john\.m2\repository\org\scala-lang\scala-library\2.10.4\scala-library-2.10.4.jar;C:\Users\john\.m2\repository\com\typesafe\config\1.2.1\config-1.2.1.jar;C:\Users\john\.m2\repository\com\typesafe\akka\akka-stream-experimental_2.11\1.0-M2\akka-stream-experimental_2.11-1.0-M2.jar;C:\Users\john\.m2\repository\com\typesafe\akka\akka-actor_2.11\2.3.7\akka-actor_2.11-2.3.7.jar;C:\Users\john\.m2\repository\org\reactivestreams\reactive-streams\1.0.0.M3\reactive-streams-1.0.0.M3.jar;C:\Users\john\.m2\repository\junit\junit\4.4\junit-4.4.jar;C:\Users\john\.m2\repository\nz\ac\waikato\cms\weka\weka-dev\3.7.10\weka-dev-3.7.10.jar;C:\Users\john\.m2\repository\net\sf\squirrel-sql\thirdparty-non-maven\java-cup\0.11a\java-cup-0.11a.jar;C:\Users\john\.m2\repository\org\pentaho\pentaho-commons\pentaho-package-manager\1.0.8\pentaho-package-manager-1.0.8.jar;C:\Users\john\.m2\repository\com\nativelibs4java\javacl\1.0.0-RC3\javacl-1.0.0-RC3.jar;C:\Users\john\.m2\repository\com\nativelibs4java\javacl-core\1.0.0-RC3\javacl-core-1.0.0-RC3.jar;C:\Users\john\.m2\repository\com\nativelibs4java\opencl4java\1.0.0-RC3\opencl4java-1.0.0-RC3.jar;C:\Users\john\.m2\repository\com\nativelibs4java\bridj\0.6.2\bridj-0.6.2.jar;C:\Users\john\.m2\repository\com\google\android\tools\dx\1.7\dx-1.7.jar;C:\Users\john\.m2\repository\com\nativelibs4java\nativelibs4java-utils\1.5\nativelibs4java-utils-1.5.jar;C:\Users\john\.m2\repository\nz\ac\waikato\cms\moa\moa\2013.11\moa-2013.11.jar;C:\Users\john\.m2\repository\com\googlecode\sizeofag\sizeofag\1.0.0\sizeofag-1.0.0.jar
Launcher Type: SUN_STANDARD

Environment Variables:
PATH=C:\ProgramData\Oracle\Java\javapath;C:\WINDOWS\system32;C:\WINDOWS;C:\WINDOWS\System32\Wbem;C:\WINDOWS\System32\WindowsPowerShell\v1.0\;C:\Program Files (x86)\AMD\ATI.ACE\Core-Static;C:\Program Files (x86)\Windows Kits\8.1\Windows Performance Toolkit\;C:\Program Files (x86)\Microsoft SDKs\TypeScript\1.0\;C:\Program Files\Microsoft SQL Server\110\Tools\Binn\;C:\Program Files (x86)\AMD APP SDK\3.0-0-Beta\bin\x86_64;C:\Program Files (x86)\AMD APP SDK\3.0-0-Beta\bin\x86;C:\Program Files\Microsoft\Web Platform Installer\;F:\GNUPLOT\bin;C:\Program Files (x86)\Microsoft Visual Studio 12.0\;C:\Program Files (x86)\Microsoft Visual Studio 12.0\VC\bin\amd64
USERNAME=john
OS=Windows_NT
PROCESSOR_IDENTIFIER=AMD64 Family 21 Model 48 Stepping 1, AuthenticAMD



---------------  S Y S T E M  ---------------

OS: Windows 8.1 , 64 bit Build 9600 (6.3.9600.17415)

CPU:total 4 (4 cores per cpu, 1 threads per core) family 21 model 48 stepping 1, cmov, cx8, fxsr, mmx, sse, sse2, sse3, ssse3, sse4.1, sse4.2, popcnt, avx, aes, clmul, mmxext, 3dnowpref, lzcnt, sse4a, tsc, tscinvbit, tscinv, bmi1

Memory: 4k page, physical 7260324k(489768k free), swap 17469956k(2641052k free)

vm_info: Java HotSpot(TM) 64-Bit Server VM (25.45-b02) for windows-amd64 JRE (1.8.0_45-b15), built on Apr 30 2015 12:40:44 by "java_re" with MS VC++ 10.0 (VS2010)

time: Mon Aug 03 21:48:44 2015
elapsed time: 32 seconds (0d 0h 0m 32s)

